1
31
3
1
496
466
13
1
5456
4991
4961
72
1
46376
41416
40951
40921
427
1
324632
283712
278752
278287
278257
2605
1
1947792
1669536
1628616
1623656
1623191
1623161
16164
1
10295472
8672312
8394056
8353136
8348176
8347711
8347681
101504
1
48903492
40555812
38932652
38654396
38613476
38608516
38608051
38608021
643175
1
211915132
173307112
164959432
163336272
163058016
163017096
163012136
163011671
163011641
4104215
1
847660528
684648888
646040868
637693188
636070028
635791772
635750852
635745892
635745427
635745397
26337855
1
3159461968
2523716572
2360704932
2322096912
2313749232
2312126072
2311847816
2311806896
2311801936
2311801471
2311801441
169799550
1
11058116888
8746315448
8110570052
7947558412
7908950392
7900602712
7898979552
7898701296
7898660376
7898655416
7898654951
7898654921
1098916050
1
36576848168
28678193248
26366391808
25730646412
25567634772
25529026752
25520679072
25519055912
25518777656
25518736736
25518731776
25518731311
25518731281
7135211994
1
114955808528
89437077248
81538422328
79226620888
78590875492
78427863852
78389255832
78380908152
78379284992
78379006736
78378965816
78378960856
78378960391
78378960361
46458065334
1
344867425584
266488465224
240969733944
233071079024
230759277584
230123532188
229960520548
229921912528
229913564848
229911941688
229911663432
229911622512
229911617552
229911617087
229911617057
303225109118
