234
25272
85
199081073505
1
32622506
3472
211079
364983
11263
84956307
20
6970
812151
152774410
189279
481710188
4
391938
3
8
1154
572141
8351
121388839
160
10941
10523731
135
1
11
224
737282
47
857
160141
213
3813
86749
1558
9
17382
22559798
1
1250513
8101
15
212264679347
1
143560870
859295
250543576
653183
11392
41
9
55894102
4047852
154787
113575988
17525668
1223572
3627
558372854
5287929
1230948
19047
24
2383353
67851
29474268
21
176833
176793
48391625
53
10007903
1
550090
2022629694
426
153
4
117549336
5432
1139908887
127595
88938697
454857
16862007
46193220
1515
320542
13031701
24190267
5967025
12061557
143
14
596156
7127931
16
69867
248367960
36720694885
75
213723732910
5605
116473
17
3034181
1232
55
5827885
288148
305538
50
2289598
67780
112
120191
25111
57152
9
15
2130927
74346963
25
70606955
9472543
2182
1
111698151
850270
36682874304
476
56293660901
216152
34311
22
4107052
1
779055
14405781815
7
424
6
87
25
649729
93099
270395424
24425571
160038
317
3
18450
119052925
241466343
285946839478
4
8857
3319822908
1676592582
5
1769
2852888
24166679363
72073
2173
4707
44
619
733065
321
1211710773
50263
12077
112160
6269069
313391473
79
218
12360408
511554
3368558504
3319416285
18
2088294
48445724
1793896
1
178359
536147
82
279323
7
46818
13881
20739832061
9
395721948
396265
9708283
834946
2
26
211486527
1554787
625037
351
14
3276
36
354690
119
33624
323
249335
32
1
9343188
353267
1
150611
354166
247933328
26764920
1270
3438822
1021485
80678639158
145488
264290612
7197559125
5169
5088193992
22124230467
389946427
30516408165
27594497
26557155
12
2440
109085293694
345
5368
1
3
96
67851
8144
5254
2808
12
10420334
448
30854363
140833031370
17
70321
77533701
118277327
60293
1
13
167116
75
10528
16110519
366
27829
2865798732
5035181
10088753378
590286
168900
4774671
12211
113
193198436
3
4614
597
649
43734765965
603407
83486
3981623
47111734
3
386
30
4
214
16
18292427
1786761
3073
79
27767
21
210792
26
438666
1212460
87931057
5690189
1250507697
1280628
367
242
3
1549177
28
266
13
290
7019
256905
494998
33
1
561742967
2245934
3347283
212213
13390381
34759843
29
271783
242
580
324890
440837147
478
156046376679
765
289243
1115448
12997
176296559
36735582
76906
21960121337
6
4048
428859
481945775
2082769914
28472
9798083
190164
11
707
231
1
24702
2757001
3736060
4353084
1001817714
64
9872908
6288
60682
223648
13896
12216923
1
10167103886
8
367
312
84
29
9814
71
4795
176
15308
4
68839595
69454927
1699715335
1
42858
2713
8
17
9
3
776
131
332
14442572
9
117594
16
1
109435264
10
15307
31382
934696
299723
97524
1320
18
5355
23467807
283
286
15619274
18864
115
84
8
423
3
31
2688052516
90558
564751
972822043
33499
1
97749538
8159
215608
111656100
743269397
688331
1053456576
1
118784
438179
294221641
1879077836
43434073
108154615089
864
1256
136046
24452074
342
66
44737
36279558
10338004315
3222122
36384906
10839868558
31091819
112
1496
436978
33998165
628
2477509
3080
24309
5411242
550269
516044296
4101852
74007
1
3
4867351
715818
293889
263868407
1323
11946961
6024714
19032
362
136152783
2663
25
30
63
330866
1673
76857
131014474
1243
448
13
1
17
32492
71096910
19
5674
67
47958726
27
41540085
