1272
1056
887696
178149273
7998
12
1
479253
2643591057
2
170337
3022989
67094110723
6513282
177993071
313049489
1054
2702265
24
23
113
22
13
2936
667037
4337788
415390
271
371306206
28916007
949010
16404970
43
222786
15818
178821349
31988950055
3163
24706719
6103383367
803949
181860
192087487
4748795
1064067270
5673
1
151623142
13
221
86762
24342459494
119254217
1381274
181
259552
9
142711
6
684
4943265
1660
652562
34798
9
977891
413676
119102438
10088
1
24
5
282424970235
148
60562
17049504
5199077886
31435
6277891
257111
910663
5936485
1
135016024
10111856890
47957240
1653570719
19337
52279
333056
42
26666796
61811043
1635472
84425884
16520
31156
17
978286514
503
1499
784619442
9639
118260798
90451
66
654
84
22365033997
3502
24
47370790
2
117130456
17519836285
9780
19
10126184489
25697904
197
516
919
394615981
1119
749
130873827
20
303254
2107056
14968655
232
78375779
192216
2983685
20
675720723
27217386
18793
3010214
2202506149
29058598
222017247
1
1453
13
165
10971676
312579
7156
450
221454431
15
855280499
30240412
16436200
59388997
15426571750
274
182938
93
10
14944957
5986453
1668050
24233
16289
996007
16
11
22061136177
18
60507
19108135149
12492
183725385
13
49499
44974
20320730
179475
49
338
89
6288336
5
26959859
13711567
10
4610984
7524063
128024582
18
1
50
275156
13
76528
22
53714
649028930
3593
1114
14753
696
2873
150
450969
8021
95
62347880
10248
302731191264
79
135733
937
17
832603
253
536
23
116968
825733698
16
316648221
10624173015
3667339687
9122411
175432055
267
5591
22
30
62899
5634
20581205
11
3075
3513
67
4160
1616997
176883988
38
4819
1302668
1645
81341221
1964
15881
1344567
7709197936
737467825
429194095
1
59089380
489751
1
285683
369
10716
43723
12701889108
413050801
10049
19323
31422845418
109905
441
91556
8
115680
2305683385
1088
37658683324
1454323
11
69893
4668
1224
6
64149
62
127210
1
4312555
51
82761
1
9337474
275033
15500
4370
2645984
396
138255
6189654
39498
28
2
2024673024
7938841
3325506
12786
141
22295
43629
529
58386
51
2345
108785697
42397085868
2129095136
1123570
1
2501
39320
15
100267
7
401
23037
60598
26
13376
19
16774
18
15268
1
29044
26856
11114796
29992089419
75679811
142
289
422
8
47017
643850
13
111940000
15597228674
41
58484
18316127
385429665
7
10295639
14171
2873851585
392091
80
46606650
76
1691
25
140
399457
21
266
17763658
56145186
11088155398
1492727
339
572331
95549654
500
214977
13
716239
26550833
13948
622263982
25
46461
162658510274
308315
73
157576
1463837864
397825
471
22149440638
112639
35566
3740
17
7275
3096
501850593
1522
1396601
87
532577130
281513178
591273902
1
17
105353292897
94521
31
619661486
197
33738
1218213
307912226
339
23223
486119
18938227
74
755865785
254
264876
1
27761387
4
7640404
26007
145
3
3800245530
91341626725
23
1295842
1155692
136
2055069195
17
267
576495675
209
30073
359
12122550
2
45621639569
43562714
760
5
70
62807343
1
27
20
149908
4312
96625458
19754
767
393
9
1691199475
5569
1323716
19
145
30955242
2798
4084886
1060399388
12115887
1662
413920702
20
8
31
989
3179
3
312
30212
289073950
4973250438
3078
1745319414
4818
3126303700
43
20
3914
646497
115481
63082134990
1
114840079
8648413128
325695104
1
640
5
146905646
1519541
153432
336
1
108232234
