15843380
1
30
63782125
6
283
1066
159
10
414791312
5457816
5047293
19746
881663
16270012
210701393
18
33790
110989
5054649
8707239
41905939
9085
1708831877
1
194306197
1
2809
31
672
19611
6
28
2452
22
1265302
19
1492011
25
712429
18
2434257
19046316
15549946026
5
5409
4698
1057
7742547148
49135
1
674567
27888460
11232030123
5372616812
142733
6
15322
201
8
8996084337
287
8
241312
394
5255
174459
421
150
188224
31
9857687
737687860
3
13525
15
5296
1398085879
199157
227835
1440
78441751
4920
31
3519
419
3842137
9167
19237
810
554
3899
6502744
80274
2783
5598319
84855709
13
2054
155592
264739
18
8983028
58463324
7724895162
48
2827
69307966422
322
1810321500
9
44790
44589658
2143
2647
239168782
3010462753
84356222
424271
1626
1000908
1214966
2
14
5170128
22
5
83
264620037
3382987
9
11345274140
23
672
713615362
314172209
22720
41236238
51
1765807
5874
2043
1689
3047582528
21344144545
31054
57906541
6975492
738729
3590961
200288
1284
1007896403
197
1549175
215221
91505411092
30831336
11266
3547532907
160
7852753
79681799
61376
116057195
63585
2018507
61037301
14
95556
25
84629
538760
1897
79825640
9875
89
1
2773
28790886237
19591428
1468
7412
2711798109
3928284
527181527
30737
1699
182135
1181
4147207
103745870
167
1
3135434
43961
333
17
447103451
5143
64264819
11027158
48
9
4784036
27095877044
3079
72180
263
83062401
13433400
381178513
8
113601
2394194
8
41839005
8
1
45974150
30
31
71
631
16746287
3884676
907
2764
59
7968
10
397
711
1151511045
933326
6112
34467
666025
14117084533
11
2749176
1
1334095941
1
647
3
299350
6259164635
11461
3222086
31687159
3012
303151
16887918
310567
15256
160615000
107819494
128690
449
3926040
4821462
25884886
22
72
60929357
186231987
16
10251082
1773282
199651
813
8
32
7
2603710381
2441
416752
1899
1545843
29611
78182
291
70
510
196616
10435
113454535
2840323
121
248
6938
2191
54809492139
72
92006
6
294
29950037
71282
7291535814
283203
513625
108457471357
25572720
10569099323
131327057
39088
854
29812
11424
61
49674
274
2538
8137
106
314
4884601886
284
5797
342
378
76
114689379
945160
9104413345
433
2185
19032365294
13094
28
6742159
368
125009
436
260
1169
5255981970
428111260
3023894
8
475
6739
10387138
268197163
5558043
2583650
13785
378506693
1941
10004928
2152
772454428
25033908
241
4753934
8126
537336
570
18
41403
6168
2843890395
308552
286
10
11460
225171
109
74574499
878239
29
168963
211143126
15976
856055
1060411815
1479930135
38
521410
1164179
89437996
1925
26390721
2542463514
15037
1443173
543796
1664431
35894
59
58062
14401
1218
1033863
1042
25
454
1
5371593925
432104
2418
752
415
20829704787
79622
2656111
935993
225
13
2237136129
16693903539
114351
13911615322
244
46705635
12604123828
11400860944
133197622789
3857
112244
2379603
267786
20588703
4518905678
1378951158
290
4934138304
17175
14211986
26021
21443839
36158
27809860
1003608337
12109071
15432361
28836691216
255180372
7288
26478776
97121912
34146870
1
10988605901
243
367923316
5290720383
143
6997
25
32041
10318
200
419716
1
60
534017
1
94
28705
85066858
17120
3496
7861391
21
2564
325
770035063
8629689215
11573259
33
129
9815
1183390
5169
10932655
2828
234914290
1
33373
1089
30
299472299074
1077686
78999751
59831
3644
3117111
529
7041223707
91200
281701
68672115
297
27
10
9095938
20
