JJWtBRbcBIatdvJEWSBe eligible
MrGNZsmZLNHdGUowNymo eligible
AAqZzneXdAtoVByWcNOR eligible
ZUmpsAERvRovByojhDPb eligible
RilLgeoavbKWmjqUHhJu eligible
ChZvhDnzyXgkqGgHGPmy eligible
vgUeidsnhOxsxQWHlJVn eligible
XGwQJKZXSpBAfvDTwLTL eligible
dLzIJkVTUChxZlxqATwy eligible
aaOLqvJJkRKReeNGlleu eligible
OvokajZmQhuFjRiZnmfl eligible
cFlqKgNBCErKhizSQCMq eligible
tuxyuoetnIJALLXxWqxA eligible
CBRaoHCVnYmRKxQbiKKw eligible
azeiUOMwaEAdCuluGIKC eligible
BOlcdiLpcyxBxhoRKEJr eligible
zDMJBbgYjsFFgCXsRYnn eligible
nIgkfCajFweJtRgYbezO eligible
JNbllDHGtlmHiMicIgXz eligible
wAOdxYyrxMkitWYndgBi eligible
DTNRKuWFsCxumevypflP eligible
exmPzanIwjYgPXiFdspA eligible
chNdBWlkeKKznLtkmwyS eligible
QrmBwuZYSTqhZHyWJQCD eligible
fAbDSAJMKbjIrdhVltEi eligible
WwARVFLBziYDoBKIfCFI eligible
bcBqbmftCFFWOAzHKvzy eligible
WmvFOVJQBlhUnHaWoSoX eligible
fwrpNrrcDzkfYSztPiid eligible
qdQUVUOiDbPBSoTEuQBW eligible
LTdKTseivfJDQTOHUTzf eligible
KmuYGJVsSPwdzzxzMWph eligible
kgkrDwEwttFwhIZKuSQP eligible
tsurKhpISqhFaVtArnpR eligible
IaPDpvqALRmytcdkDRvR eligible
GXvcxEMSgfIREIZaVkYB eligible
HsBIqTxVoXgvRYrBBQWI eligible
iRFGRIuTIgaJGxDbsStI eligible
UZEbJzDUwJkzoXmXygXS eligible
hgQAIABgUIouuRmgLHkS eligible
EsipilIvUErwKRPSoniB eligible
lwbWfnzPnlotkWNGDsVk eligible
IrtlraVOuLRTgrWsseDO eligible
oVGMiOnFSqFgtgngkNdx eligible
gQXcdRhPluFIcZQvbfYT eligible
axvWbAtSPFrGIHnbZkHD eligible
UesfpRVRYQPRxHKQykuW eligible
xJovMbpkQoLvOLEGPaGs eligible
uScxNpYZZMsPkFCnkDAM eligible
mDrJdRTrhMIuECzFWFnc eligible
LttteEvfqJDTBYdyfZCK eligible
ZCgSjIIYxihoYFSdWXyo eligible
ILJqiJViajjkIJAqyqeT eligible
iaifsDYmbbUUVCizQWEC eligible
YapxURnMRvKvBBeuOnqj eligible
BiWvbiDZhrqsiqtHFbre eligible
aYfqXsiZgcXOlfnwmoCT eligible
mZntpMZNwHyfjSAWUpGY eligible
bAtYklFUCeOOKcTdZozJ eligible
zVKuiUkCtnPmIrBxFIbQ eligible
vmKlIvorpJXOUbYcviPa eligible
zuvDWKEaouMDCngisQnj eligible
zglwsZUswPZpDChAzLel eligible
UPYnoCLAzsSvbVXDZuEP eligible
kDRppYZErBeQJEkkiokP eligible
uTrFOZXQOJRGNuEvPyJQ eligible
yaIeDJIMHZoOaedWlOno eligible
NJyykAURXYVhnuOOOxvH eligible
OZewRGXwXPtmRcleScXQ eligible
fsfkuQUYQvQLxvEFIZMa eligible
JnhKFJdTklMOXLMklbRN eligible
GxfLavBfHwbmrGtCNeNc eligible
oQKUTvjCBsLYmhmPQuTF eligible
TqJhoVbEXRDkbEHidpDt eligible
psYGKsiADKJPxMirawPW eligible
xyCEhLBrEbVNAvyiKbKi eligible
RwwwdtHAkMJAtAgvQbCg eligible
YKXtGjzpJKSzPjxmbBTr eligible
cRhWSQbYoMfROaPFaCGb eligible
JgNqafDTlGmTetEPuHPd eligible
iTLcdPjcmJkHroqbYlIl eligible
MnBbozWYEUrTajqlAQlC eligible
sjKecsmpDtsTpVqMIPWA eligible
JkwAqCZFaZBHGjoixWhu eligible
DFePfvMqIAAUjxnvxXXz eligible
YrtYRfgfOPOtshmfbgKL eligible
dotnmQZogcHEIBsVTeiS eligible
ugIvJnyDOjmiGFzfbrOV eligible
EEQJAQICtNkgDDKFnOgt eligible
RlgAnpofAhYQVJqlIikK eligible
SptykIJcNlaTmLjdTHcD eligible
YiLZiHIWdOjxzgzrttGL eligible
IBGtyWONnOeIDVpdhyLa eligible
NEObpyYviltREjEQcyOu eligible
hnWZAUzaoZUbcdUiBWpp eligible
XAAtJCvcPfXEJHfQdGBi eligible
WldEsYjQnVDcyZKgQzak eligible
VqbPFlvnyktHZEmwJloX eligible
hDJLLOnuZikgiRdoGEsX eligible
pXaSlVnXmUgtAavroEQW eligible
hHhKGTTnFbBXtWCYpLEx eligible
yNYzROhbtSsLHrrmhQsf eligible
dAZABssqoFxZzTWQxcoK eligible
XbtioooCmahbfFkhiFCt eligible
fGYFgGgWUbFJcFmPipdi eligible
wlymQlpHklqetaTSkJzn eligible
USFaRlbSUHHaTmemSxAE eligible
QYAJGJbojvZmhvjfrwJx eligible
DdwyFGyYmhAwYZwQIBkp eligible
rzZNxbIIifmOBxBiHEhR eligible
KRvnUmjNWQDCzcBOEVib eligible
fYtmasvQWqCrUHBtlhVc eligible
GOKcmCRyHYLVrDYYEHbz eligible
WaqNZweaTxywrIbCqvOz eligible
TZfoaETGePVYNkSiZIsO eligible
uWgzfsDNtJfxWCWLIKbO eligible
AaAFaowjWWOwzdeGXbKw eligible
TjzedXnukFZkDxitaNrf eligible
QSmaDxnAxUctVBGbYdsC eligible
SafsaGIMHnFzchNzUpTY eligible
MKvQQRBuEwMMoXMJwvRb eligible
KIvaFzqgAvwzPrScauCF eligible
yyDaertmHXkwdFETUPQc eligible
OFmYCUDNHllvzfMwWOgO eligible
dCnhEYHeVhNTAvXhOPXh eligible
wMHPIGpCZJmMaFtQjkIU eligible
hkQSoOTJPMmODOVZYVQK eligible
nDAOaBoGQdQvCIAsXAqG eligible
LogNOSxJkrxDPViDZeuH eligible
colspAjrmRPBxuZeifjn eligible
mMQQRgwWMNlrEETkJExZ eligible
xwPriVIgOhrXCthVtLiC eligible
lQVeCnoUPopcluWOblBr eligible
FxVDnpNdPBiRPCPnTTpR eligible
oOONjYsnKNZRFCgAuulr eligible
XVoqZaejVbSILKbZxpeS eligible
zrILujXGdYhBOkBWmQde eligible
eFEBtItBdKATUVArfVcC eligible
SmlNWeXVixHmxRLAnmyJ eligible
IfGJpMKSqMooIsGbgzHq eligible
vMnyIAdSyqSCslvZEGTf eligible
rFTfDcBUMKAeRNxXAtgv eligible
fzOjOQBmHkDraMFAVLSG eligible
BlreWczjzsErzipYbySl eligible
CDuqZwmBDLnoGjyXjVQV eligible
mXSpHsNZQFZOkJRNzmOX eligible
FWclQlLuzYtAnvSgiRLA eligible
UnUUjfjtuRaMDYUKtFmW eligible
pdgavtifwPoJiTBkfqkj eligible
vMktHsafpfBttkZpwmMA eligible
VwSjpPQkFvtdlqMrRjLQ eligible
waOxpzHWDPAdtpwUWJbr eligible
sJiyGioIZyXqAzQCSIsK eligible
zqZuFpdvNKMRFGMDnuhX eligible
nezbZQCfMgAtmVQttjkY eligible
CIdheTRZIBsOKfOkSmWi eligible
bfLhwbeyXGPeZYtqVPZc eligible
xcHlpThPnhvzgXluvtou eligible
PzOgufthhhWSGvWOeCNB eligible
EllmiPHIHNPkLckmIzdO eligible
ZfygPlbEpzMhMIKCzmAz eligible
hQckrJUtNfrepKXsheFW eligible
YWJYKMlAwOERFnrAulkq eligible
eTybBVPukCoDHBXLhCFx eligible
LTQtJSeYZvHscyXxhHwb eligible
IDJutCUcXtRTvqRcQcTu eligible
qqovRDbJeLpwZzfUExQg eligible
aQReQzZjHTAewSrMmSac eligible
gwEXmLNLgJYFNeOhdrJI eligible
AKasHbbORMEkGBfDnfPT eligible
oqQjODuqHpfzyyQOYZyC eligible
efrwnswWLavRZaYiuhvJ eligible
dYIaDrkgYCSrySUkwXcR eligible
TZelDrrBKAsNljmGVQiT eligible
XKeqzMTAKBAfsbWIQTST eligible
YymazjziMvsnWzHXtEAQ eligible
cHQxXUzqMRDUFvkluvTD eligible
OucCRSTEtiQGHLxkfLQO eligible
erJqKiTVYpWFezclxQXD eligible
OGrvTdeMhDXcdrcCFWfW eligible
bztWYqGPHBYIlEjTlAhC eligible
zmTvWBdIBPpSmEougqlz eligible
gXLTpBeUCnVFolGNHFwC eligible
glxJhLSLlHNGYrhxHunv eligible
baObqQWaxjXTrCqoRWwu eligible
JmXtvjplUKRPaBtoVZri eligible
MajglNzDCHXRAnejkuTc eligible
LqUhVlhQyaSqYROlENCR eligible
OsFtyyOjGlGtcCFyNmny eligible
uzFRUEMoOltYscrQJEMS eligible
ErYcdcpDlrmEVJiguJMW eligible
CaViDZmNYfxdqapWrKbg eligible
vqbojCvZWPfHvmjmNEWh eligible
EOEITKLXkJJdxKJZoieS eligible
IKgYftHXJFMmvdVgUSGN eligible
WVEecImViQMKYhCJBdjV eligible
epvBBFgdclTbdzRtpsRj eligible
xEfgrIwwCvvOTcnDreHy eligible
tzHvqfAyISuzQCVZrEFn eligible
qnieFFSYixbDBeXcPNBn eligible
EbLpdLkTZmmPBoalXtUW eligible
ekwbWshycTXKESNzbygO eligible
UROAYUmvVBiXaimwtuqa eligible
IXVILiMjXeujZyWEgEyq eligible
wJQNMvTukeDbDBXiMJMz eligible
dAXMIdBNELpLupyYRTRZ eligible
NgdxdzKmvuYGCkLHHvgx eligible
xEACVxrskRASAHpzxiFf eligible
iDzqdEgoKQJRpLumWQGo eligible
wJvQdTFjyvLJQqVrpafT eligible
rwoIMqGiMOXuoJRBQSEE eligible
XZTZsiIarXgQJREHRYZT eligible
jWueDtlWmZXlDfhnzjRp eligible
GuaIJQCuydezTmUFGrnn eligible
QTNZuUxrWGufCGAXxSal eligible
niHAviiIjsUNkckBuEWk eligible
WJUvXDJucGncsvTCUlbl eligible
AsSjJgkBjjRdExfuOxzC eligible
UFNbvPUNyoAeXaSJCWgM eligible
tGGrPrPApsQtYiXKRmLS eligible
KISrqjrTIdvEyIWydzLx eligible
zrqGGfOPoVNmLQxmTcbs eligible
XMdlXYYQzfKEVdaDAVWU eligible
aXdwwFfAekMPrSNrNXkf eligible
MGSwzdVmUfFIKrAtMAzy eligible
rFpchFWJYxJTfuEepXsZ eligible
iPOMMcQYzvqcXAgHZAkG eligible
dfJovpfhjwSABhOErZYD eligible
jaPXdLvNSGlaYYCCprAW eligible
IVPjMGLzgHlUTTcENfnX eligible
DFWJtBVYyFcJpliyOpJb eligible
bPyALwzkpySyuQCfrkWr eligible
DYqhSeYNhCYQzqCUoJny eligible
zHNHitAVPqNMklfSTqrW eligible
viqNcPMnHAmQiApTQsyT eligible
VPXxdQCwTkcYYYNDMXpt eligible
ylHnQfsNsZEoUOkACFhK eligible
kYfIhbXIWvgkfnpqAcap eligible
CTAAQSdjPWIeZlhxQfnZ eligible
sPvCEXHabGImDROHzjzQ eligible
KYynSZcFBGfqutsKFGQg eligible
nAPyNrqmdadJmSjBtVCB eligible
BjrOluSvmWPqelAhUDEv eligible
JqZzgwBQnCLRycUKKvdx eligible
nOBTxmSOGEWaqAyOgxUT eligible
JnlCKVGjDepNPWdcfQrz eligible
vuixWHknLoprNuxTjjXc eligible
ADoilxiiIWGSTLrDOINu eligible
RdGtlMwbzPEEwfGmZqmV eligible
mAePGnRyblwUPcFYbBGQ eligible
TnQPaOuHlqhgiEItSZta eligible
TdFkHKLiBAXohRxdyhyq eligible
HnOfnTRnbqRGCFUEchSa eligible
EihwzoFXaezQWkePTFIe eligible
UrWkSbuHQlhDeSNwliKA eligible
scaDNgDsKrwEbThGZItX eligible
vuCgnVYRlFIXLEhsgkka eligible
udVdcNBzkmQcTUyeaNdJ eligible
lFKHGfPiqCkOltnZTWVl eligible
HElVxDwFnkYcazgYDvaT eligible
bkYQmszvOUlowKxSgkmk eligible
tIRLsqGlpYWNWIyhIfat eligible
TuFAeXfXYqBLVscokdjg eligible
QHIJPfTbNyZnOHTdelmp eligible
nzzfRaXPPrjvdOlSopSA eligible
jXTgTmMCJRKbmRrApoTQ eligible
uVxKDLhADEPLLVktzIwC eligible
OSIXaTOcQCHEHBHDbtKx eligible
WlWLSbVunbKjglfsettq eligible
AJIHtXobnlIJqQfjRjgE eligible
vHXbfTENNUjeHeATPKjn eligible
PLYNYIwgKXjZeFiZGKaS eligible
XtOTCWDMeTxAYCZpdeqy eligible
mmbpAGObVDornNEiaAxH eligible
VoonxUizfVrCZlDjqxsj eligible
sIRqWeDlxyNalPSJrSIz eligible
YiTAegqInWEYhHfIQfrK eligible
okVZtDKZwVhcQnlRszfT eligible
PurWWZVknbZZrCtvDeiY eligible
rxRyMALiLLlHTZAWDFxR eligible
dnUKYkotLBCMzxhHQnNR eligible
aNUeeRuQPFeWQZTegnTw eligible
KudPjMSIOFzuJDRINrGo eligible
UPKShHthzaCgKZlfyNFN eligible
UDAWtnqgiAWpDcNxZjYb eligible
EFvukAlHOdToPBNdWwUi eligible
cEuJCbUOXdIAYfBCrjbd eligible
AbvVkXtDFkRNSyNGbtaG eligible
DaGJjAZmmIFAaoDsvxaZ eligible
ZAnZzWGqPgDjPuZTazJE eligible
lOlXzWixRYbfvKCdUMXZ eligible
GBosjsSCnzxyEPJelLak eligible
TUECaQmwEmGPAruvUrPT eligible
OjsIdjzOdXoFRgzrHDcH eligible
xohWcfEyaTxPfGMCvaNI eligible
OoCSKVoEQzKlOLjfAJcC eligible
jxYOqgFLOEPfWTWxWHGL eligible
rqqEcHiUiIEdlCQiqXfE eligible
KaBCaHiZjrtBxVwUCkIr eligible
cZKCHsmReONzyFUMjfdo eligible
xcAtVBmLFOgYQuuWXEJO eligible
EZItbBuryubTZfgjvOrk eligible
QzaCcFJcjdGIASooTQjU eligible
ZjOCjShdHOryjMCOLXuO eligible
AfXNQtgEvHHpxiCdvenS eligible
FDckFRmEsJhTtGKYHbSG eligible
LoqVvYoRsjBTLrQhEutY eligible
cAxilpPcMFsnKlprUZrC eligible
IXwMmfzfxzaiNpbRmvlh eligible
mEQNdeQUMoFkGqEsWsKG eligible
USbNsasERBWTgMCSoXgg eligible
FtQOHYQGSlmoYnutEJNS eligible
tTLKvFeAJaLBpcUocmig eligible
cKCMdLoNUFxOYmTuakHb eligible
gjMMbyrLAIenzGeGCHyj eligible
xJIUWSnZvcLiAPmUYYlz eligible
OIyZsoyTxhMIKFGYngcG eligible
MLpReAPHtFRXiRmAyebi eligible
HiLNiUrjyZPqZTnSKSAo eligible
RSJCULOGpownXxeTSSMG eligible
tUYHxFveIDurNCjOMzLK eligible
ZctdMlrgjKjSXhVFUJAT eligible
TQdcABBhbwZGbvrkIXZD eligible
SjXllGXRNXIDmwZRQTEr eligible
mtbQPaqKfqFDZqWygXLT eligible
agmLMktbmpLsuAfNdfjj eligible
DiGSKRivEKoLTLyINdFj eligible
KtTndbdtwvyEkmVTlQFV eligible
hYqkneAZvODWRqKiLWeI eligible
PhQWEBbStvzciICITNnK eligible
eiqGVjYOOiaZfAUCjsZe eligible
QeNdpKYNOLorpZqGddLj eligible
iabxnHsViOnQboIATpbm eligible
piUCYksPyFKHVZSEOROu eligible
bKSBQSrHNjUnZQETYCxJ eligible
UJvZBNhqtGnyTydRXBrJ eligible
ZADnEFautKBfBkKGaQIR eligible
GxoujpENsMKEXQahjahB eligible
XNhaLZDZcyNxcRoEMtdm eligible
BNEeoCWNXYMzmFbGUYkt eligible
BhLWthfJNguYGMFExmXJ eligible
qlxsKwbxBUMiLYSCrbAU eligible
ibWhkVpRUMMtYSWikbRQ eligible
WSUSbhGbxtyOuZbVOUKh eligible
msNGorTrqDuOCWKlHdyn eligible
HvdZCzDNWxbDljpBhFcx eligible
UzApgCluJXYjMyTFGkAY eligible
cQxoZwOEyYqhwaYYgwTZ eligible
rsTlKRdCIcVCaMBXDDnY eligible
mnUxFdlaOkXLukZIEwOs eligible
IHwUjebGfIWsBXIijvZG eligible
PQviNiWuYreAfWWJdDUm eligible
qZCvynpQOeBmJPqgSmin eligible
AfXBQBxqPINHhxXCcvSM eligible
zcvokcJtKeBpMqBenzAS eligible
AinLTrOCKfeMCZzLQmpt eligible
rQdIjyWCOOctuFXKgoaa eligible
ytqgvCjITcgyjsNvtifQ eligible
MUUcIHhdKwNPAjfGPmJi eligible
RMwOKYsCzMqptPRQtpMx eligible
FRbaePbsbQRnbeVCGhvB eligible
ydKXpthtELASbzIcySLZ eligible
oyvKHhZxKQgEIkBtMwhT eligible
bAxezYIDUVSuqhkKQydR eligible
mheNpIMbqqmpoogDbwhM eligible
FKQMYxvbXbcANSHCclde eligible
qwnZyfvFAjNdLWFquHpf eligible
AHfWRjpCqRcEvJUBvlhf eligible
EqLHgrukHhZtsHrNfphd eligible
HrKEUgPlJGANvVjdmaZg eligible
wJzMWnjusrlGwbhEegPB eligible
WnrfRtHquXdWdKGFOyfN eligible
jtMBpSQLqLidLPhHjGiu eligible
OMdKKnEFbhLlPHWXkOul eligible
BijcoJuELsdMmBIdxMOF eligible
YkCeqwyCMMbGLRxdAKve eligible
alvyaUoWLckssrZqqeAD eligible
HgAkwvARyTJKbesZsYed eligible
feHmAVBfjsAPSeBZuEmD eligible
PRbKoakNgWelGVVidIkB eligible
OFjFUMgQHFWymJLcOQGu eligible
QIkgCfjRTyfAlGrgmYUY eligible
SgNaGXfHiOEgnebIaCax eligible
aIRMfQOPfukkXJMQwykP eligible
VxPWKTLnJprMDIprKQxF eligible
hMvIZvdpAijsUDkIiJIg eligible
WHgqjNuPfOSSnUSIWKSA eligible
VbUEESMrAjQhYkeGBWvk eligible
IMKFZxUrocIXglNOuTDE eligible
FPikCgXJlGEnPESWkVTv eligible
xAZrraEjFkoBHurISZpX eligible
UTUINOrwhzpSpADZNiyb eligible
vgGKQcCelKkgjqrGRAaF eligible
KNHltheJJvOkCZDQYHFx eligible
yeikDGqggpRKbbODSzhX eligible
kzvGCtUWAmsDGhqZTHca eligible
JbxRdsnvtBnioWsEXxgE eligible
XQguzhnvpLrSnrmalTkI eligible
GKsGTtOnfscBByLlqiMA eligible
rFxjPYUxQoGustBJaMml eligible
FTTeUdzhfVissPAmXafc eligible
uElxhWruzzFbhiEbMEFZ eligible
mzBsSEcyNasmgUUeapFc eligible
GbudPeZesERtdgjDlvlq eligible
COdtIOccSQLRzyipOfsO eligible
kFlazMkULEekMUZKaqYF eligible
QTfRfQWFFeTdOdblqofP eligible
tLQsArPsWbYOXUHSOPaS eligible
fIyjnRfMzLaRXCJpprBR eligible
dZUPxZHwYYCnqZxwCzfA eligible
PveJxMKpUfSLlAIZSQye eligible
ZiRtPhRdIhQwxpWFTXpp eligible
ZNVgbxipKGNLdWeFLvRt eligible
rqgmNujmMgkcjMHpeHCp eligible
boprXVmfZeqJNwpbIjTS eligible
gyZBcOzpUVjXWUKOuIhc eligible
CdEWEKcJxbygdqqSpRSC eligible
NmgJJQowYmWsChHTSHOb eligible
xwUlVfftWisEFbObPGgt eligible
agYstwtNdrPVxEXaiBnO eligible
IxzYIjpDJjiEPKqMHaZz eligible
JifXsiwVvxAlEspzuxIW eligible
shhUAGonuzrDEKeisyGT eligible
vVoCSCDIqtORpPBqFvKq eligible
dMosUJzmBraENhwsKYsJ eligible
iDgjoiVkLqUdMxGJDXNM eligible
wvYxltskocECHjtgRpJP eligible
IoiWVNNzQWcTXgyufYKM eligible
QoJtZYHXvGUxYJyxUVCJ eligible
xSSFQmaDZCNvVMcAWjyv eligible
cowIToVaFxhQuJUQnIQT eligible
mUKnwHgHVOXNEyIIBLMd eligible
cDieOhqUKcgpYVYcwPTk eligible
vOVptxfBShxljFnpSGEC eligible
jeJMTaKAsQjFpKDgiOXy eligible
IJEtVoYdqqrYpJpQQXmN eligible
NhIFAUDUmhGblkehgzAv eligible
aMhvXFRUUucRceaDBacj eligible
ddOleHWIdKaPOWMtigte eligible
eedyReyzaLMGhURhGgFP eligible
FqeDQkXjouHjbLWYQAdP eligible
ShdBKlzIwHtpyOslIsQB eligible
zLlnorjudQZHGDaHkhIN eligible
MPLMRebZPvWwMvcdjfui eligible
MADfkLSIVNuLlKYqNDmP eligible
exSGjujTVXHNbuytMFog eligible
WObLIvlxiBrLkvTlTPBC eligible
POJFWZfuWTrBgtDFweVR eligible
BvBghieFJczHaEXYBBvp eligible
bgPoiJNWAynWPctjQqOx eligible
QEDSIbhIrKLQlRUdTrMT eligible
TPVbtkNUXGJWYxvumAfZ eligible
IHXdZfLUiQiwPqHdctbc eligible
WHPapHkEkINDWgfuyvxg eligible
bIxDFueEfTJjhdZuPAQi eligible
SYnUBbxmijxyIZqKEKdO eligible
qAhPzvbSmqnRdhszwgzT eligible
JXagOWqXAYRqQtaBMCSK eligible
UazXLiUPsfvBaEHePRdy eligible
mEoSyTwQvjutrfpCTIve eligible
BMBlyGiXSVTNdeuhVHEa eligible
uUoILTGmDsGqtpGxWUAM eligible
jOBpEnLOFHhzNNsSSGMG eligible
dwQtVIKWuwIrtmeEFLYh eligible
NPWLOCbsWkrlORIPJpkw eligible
KPbONYsYVpdRfaqgSzLM eligible
fHlVEHhwPNuQwlroPnOW eligible
VKDbEmcCOUoAMBFKduRc eligible
RFtEhGVaiDTrNVbaWeOY eligible
KqfvsmfSTEhBQBrZrMjm eligible
yNtagRcoItaveKjviqlm eligible
mztdGjZRIupFJnRZeBAo eligible
sKZdBdKWqAvqsvbZejUh eligible
hUPBUiKWxDckBHGBHNHn eligible
JSNtPxbhRdalmbuKhNHq eligible
nTqbQurNlykjvaRozBwu eligible
WicTkbVfyzWmuSYeFSgm eligible
YFZaqtrmMjfiZNhfspVM eligible
yjwpNmbpCKElhXWBzNdF eligible
gVaocrKGgCZyEzSGglpj eligible
gnTiGKgrEfOTGFHuQnxJ eligible
jYjDsFcXrWRXVpIaDLAz eligible
SKMzHZBZkyZeAyZxjfYd eligible
ZhbtVLOSIDlanqOsmHFx eligible
KwXnkAWAiFIcySPValQt eligible
JLOtEoLBjLDVyYVqtZrB eligible
OOjiVOEFYDvuPjbZyCvO eligible
trpqxzGUXCKnFJbmYhbk eligible
zHWrzchWXUnrfPbegKdC eligible
kdcLdSPYmRjPWGBRtPDL eligible
mDOmXiiKsHtuSZykkRjg eligible
XLbMkHchKxIOOWoVfnbY eligible
dgXhbenwxvlMlVNPWxFM eligible
DBznNUarpfRqAVpprcvU eligible
ITvesUJadcuHfqHDbVpi eligible
thiuXFouThfofGFsrrLi eligible
SxRvPKaHymDJmNalrdDo eligible
SaAdPcYhllyMSSJpHVCW eligible
VkCYJjURPgQERevEPdig eligible
QgTuclohINavJQbdxVVE eligible
GeOGNQHVrYTqBSocmwuS eligible
ZXaivoELRfzOXydQesYa eligible
aHCAKKHUgjtihJrLXGGO eligible
GPLOsOAkdwEezKYlmQUK eligible
ijTIlleJHJwzDdVsPFaS eligible
uDZiHEMxLyBZAADMJqJb eligible
rMiinFRtGUmJsdglyIQM eligible
ZXZczihjxgOJrOzFdNvO eligible
rMAZuGMNYduigVyxlaiS eligible
nZYZWrLgqEEZiEoqiREP eligible
jLvVwXNRSlnFLkExcaOc eligible
DCZPVrPAkIHbznzmDzSt eligible
YUWOXyuCcrtTZnPgFegt eligible
QpfAgfBGhOzELDUFEKMG eligible
ymYTlsnnNkunMitioFCM eligible
rituVzzUljqCGSlplwfO eligible
XswLvzUFIadEECqGkmXQ eligible
oQiDsJZrJgvGktlBzaoU eligible
bpZQnNlESFmIdPaRavlo eligible
cFWRWaGxRZXYWIEbjkIe eligible
qjagVIdzGehBxFnRAQED eligible
XNzwvmJthjrApAKoedEh eligible
iVpVXQxjkJRizpVGnQkp eligible
FSchDlYzjFeUSqqNeggT eligible
YGpehFIsVtJylHWIKXwg eligible
iIlFXkBSDGeEjnxEKzdV eligible
tlVbrlWgfigsbCbsbKps eligible
pzAlxhFuwtsFmlgDuUZq eligible
lwDndSpEbRnNCPRymDZu eligible
PCDNjReaguWYxxzcTXHE eligible
LmDBmsetMPrHkmsOuXdA eligible
RqNqqIBnWItkKZkAklRx eligible
WvYvqCLtcgacEyNaypIr eligible
dHpFSHasnlnpAcdbSbzP eligible
ZApszSmEAWjazlurwWBe eligible
CFNOEodsqpIwDGgOMyxH eligible
kljXDtKCUGrBtowTWLVF eligible
hqZPzUYGkDZzCGqReCvW eligible
iWoJHoiytjdDLPeWjjHJ eligible
TCiSksOBBsCJUROqsPbS eligible
CoOXaGyiAJIrIlVRWfcs eligible
GAhhhNOcVxstptaguhPs eligible
RRXgqYXAYGRRFGglfFWI eligible
kzicJHwfcVIRZkxDJqpZ eligible
gGPwthRICASpjUMDHljY eligible
ApLEASlgZYknxFAsDYiP eligible
TOPwlUBXbTJPXjIKGrCP eligible
peXhDuylnVpDkOFlkZtq eligible
levtrmZWSBaHQhOwThnW eligible
TLjAiJyWCDzcTKDuhzGV eligible
NSJlXQrcjdndfVbJIMxP eligible
jHKVyCbLsLMyzliaWizl eligible
hBTBkWngytYAipmosoTR eligible
inOJMkRDKDJzRzqoNNxk eligible
rXedtsfKCvobmZXJtpcB eligible
HCBumASoWUfSUmxsGjwD eligible
UrMvGDvIqzAuzvnswvRm eligible
ZxrKAmUNovPxGljozsxB eligible
qNFlMFwxZDDiNUbDIEqx eligible
uxWDjqmEGVXTJKFrrddy eligible
WykcYivpeEmvBEvnZTVs eligible
MDkvgrxNApYKKWmNkGgV eligible
FErrqKkQhZRfPYzWkBRW eligible
EfBEykgRcRJsnRuAezNX eligible
CHimefaGuBcHsJfHaklu eligible
pwYLcjBmPudPESTPxsoq eligible
rsYCipNYkTdoBWxWZkaC eligible
DOchPQSEXiyaJmRBDfSI eligible
pPqFKOcOPPXiheLnGUDl eligible
IGutOzzihNLEnkjFnKwu eligible
QJGaSTbShHWvcXqxGhOS eligible
smqAxkouhsrdSwBYzZtt eligible
MfwqULAnnCmAKjVFZOXv eligible
ftXwzmOenhkPjGXzuZGI eligible
EVExasCbghuGEIPtovxD eligible
QgVxwCgMhoHCdFkiHnWs eligible
slngDvAUwAZETnwNcWQV eligible
RQTlYQFjdtIfGQESwZPf eligible
HLiMuClfaerexhKYxnYZ eligible
AgxHvQQsRVWKwNGEEkjG eligible
FsrJGXeMrBYqWiARUsRk eligible
MDYeurObvOfXmTCVMNMo eligible
UVUMOmJcLyDGNBHflMIP eligible
ksuCOvjlXuYVBlzGIOVP eligible
QtfXhSMiqOyaEXmptRve eligible
lUnCjoaZZIwmTSrqQrFi eligible
KoOLdnrBvgSIBfnyYVlA eligible
hfeOFHUvCyORFoFJBORq eligible
mLdpBtyeCIyCrewhtbET eligible
UVGhvDnZaHZPNLUUCKjR eligible
VsABLVkilFnGrprVdJAA eligible
YOETdPzGdajwrdgAoNRh eligible
dtNqTEyRyKOPKauSYeEL eligible
RhXjDvBpHynwcAZYCaXU eligible
scRHmShPrcUlRFxihxpw eligible
LKNknOgcuTfIZQARlorb eligible
xwuUrtltzComxtJvwEhx eligible
CpodgXxRaWnVPsnmlUTw eligible
sskbxDEgTRLoDtMhfETe eligible
JCWwZizROEGmOAnhOFPB eligible
LtcpRMFONzPVfBjjDbzR eligible
GHqvsnerlGCPlFLXlFns eligible
SABTBYDTlzAyhKhISUsu eligible
ygjQFPFqfAtUcCysYeYR eligible
sJQmkrZeUtCgnGeWArOI eligible
AZLCOWGLLgySyEgorCIJ eligible
qrCxrUQPDOYZMCZlHswk eligible
jrkKUolFzupvoThSpsmL eligible
OyQGOmtbGpxliWhBwJTf eligible
jExQZvLfmkLlZqEMoGkG eligible
RGlOagybUvjkNaQQudfm eligible
MXTwZdcrWqRmnpaZPAdV eligible
vZjuovjauFlUbFlYjTUd eligible
ZmCEqrxChakdrpBVmWBm eligible
MuzraazumxyTuiEWuCva eligible
pnXVMHVckLDqLyPfdhpL eligible
BDlSYmIghdNWgFiofjgY eligible
KhecLVlaYmnIpqLYqqdd eligible
wPxKSytriFOwxlRsdwbi eligible
VzezDNFQHMjwJvAVCNbF eligible
qWIcdshCYIyYznRSytlq eligible
URbOpMVIQHgjnirHcpbd eligible
XsPkrWYMysbzIOywdypS eligible
AcUZMeKboKeTGOpBMsxu eligible
lKFlMxzHuuhTQhxWBOlJ eligible
dtVAvwsvLXzMJXfflJFI eligible
WpMAhRirXQGoZDlSDvYX eligible
MMnGBFykvzRhuGwJeNAh eligible
BwnZNWNZdvdOGshUBWtE eligible
lkERzhOwcgfrdQwltfsl eligible
BMYmjsySONkeJceMVXdw eligible
ZuSEfCuqIKTwkqEDqXEc eligible
GyXcGlhrCtdqCqWMvNsy eligible
PwjvRHJVOjRNpmknbngc eligible
tUMhWFDglVIIxSSYOFUm eligible
NNxvFVdPkvarJdTnPwSn eligible
ClwQALCaiYOdKHHoCAiI eligible
cNPMcGAuFjXXKfYUjFQr eligible
FshJRDhXJjqgMXwXqbvY eligible
HKstDtyHQYAEAqjEdIrb eligible
ePMfKiKJNyrjwodYErwM eligible
zdsdZuloAKzsynVFkUAW eligible
LkIbIUvzcCnfDziBOkct eligible
iZLSfhLfHlZbsFFGszsO eligible
XEObqMSRWqOQEOpBvAlq eligible
WAecTHfHAjyopUstgEyi eligible
WGRpnKBzakRDFqojOQhy eligible
OjEcfpvAbVbjvZHVTlik eligible
jWwoGLKLjJYPRqsGbKzr eligible
fUDBkJdQnSQOfpUOJPkd eligible
RaobJiWbJrbkgDjfPzEW eligible
YTGuwnTJwLswVdBxjokL eligible
aRBrNEqWUXHbegwepScZ eligible
qpCVgFBhIzTRsAGuFudw eligible
yVXwVfZVydUaclgkDsAx eligible
NkkEqvZUpHSmPXojAVye eligible
QvJkyjhIbeOcdVPCfTKd eligible
MbzFdvRdKwBmvpZaiSaq eligible
YEKEDgjXIhrUXnIwqeEx eligible
ftxnlDWDXZqVKXkSBEUO eligible
SLgyktYKlYrokLRaWaaX eligible
NVudgAfyUwFFGZcVhXtw eligible
YlsUBBQSNUUrbUnLwGEG eligible
RJdJpggWTtvMNUSEplOz eligible
EFthuiwgLGJjSEswwPvL eligible
SJFxKowtPdlkbOMhhhoT eligible
kUtKGKyMTQycbKEQVaAd eligible
rxhVDLORQAszXkClRZKU eligible
PmDoAXICAAAsjgwTqeAk eligible
tUwFIUlDsNFKIeAbVjpk eligible
uMCkaEXFoqGghljJIezJ eligible
PzCjovHuZlqWqMdYSSYG eligible
qfvYlLsJFyFlPuOoswzs eligible
JEMhtaJySLtzlrbxvPDC eligible
MrBMenxWnivzRTSkyVYS eligible
vldbphwDSdOenAvzVvww eligible
CFIQUzKrNyMkwRlRmpTO eligible
EkonuRCNFtIgIGEJJARc eligible
SbgnnPTcmvBGbMLHgeNK eligible
sNgThglGhxKvDPifNGTG eligible
BAgIstfPTnqwtFPiTQnI eligible
zLSHeCNItYwaHDjufGkh eligible
VNthMuZUgplLebxfstoZ eligible
rflKaouaRjuoBWNNFQYa eligible
yhCPHytnxqrbbMSWrjgn eligible
iXAdhkrEQFIDhiCTDbRy eligible
YyjnOLjFxcpdFclaFRPq eligible
QWFeCfzDSRKbDKndMuFQ eligible
GQKpGMtNCyBvYBLhXJZU eligible
WsJvFVJHAJbcqiyvzyRg eligible
OpeHOqONIBvrKeUiyVJt eligible
oVnIMkqDGXicnnbtgfmo eligible
CzPrgeRRFyEgMmGziTOw eligible
PitSSFnOqczvfAqnCUwI eligible
nYLxxXtpmVrIwgkbRKiq eligible
puprjkftQBazkSLCGDFb eligible
hWYczUCguxXBFGMikSBO eligible
WHVTOETnZzcAgTvYQOpq eligible
MyCoqIITzcjnBxrMWyrw eligible
xvOJFgGchdBzZNKUPziR eligible
wnfpOqdMaGGFZNmtHOqL eligible
ePLQAGtBAVQIUCsxUZfR eligible
hTsmgxMOwiugPWxiptPh eligible
yHvdeEntUsFjWSKoVEJT eligible
pInlALGBEMSyDnboGrzZ eligible
CNADJwqCzhOGsUKtZKYf eligible
EAYmhQKFdyQmAQDiBAJP eligible
ClPRknfsmMUzTdMjVLuy eligible
iCHoqHJzYKaEnlxnOIAW eligible
FUmvdZSKcdhaOBgSIoJc eligible
CbxwRkAMvdXwXnbxHnfv eligible
PTzNoQrBnhcygBfyPGhG eligible
ZwVuqDfDYkasKQDIQyqp eligible
unlYSMqMCLrjivemMNVS eligible
dixitguOHLhJhyaePZkA eligible
qiucvbPMovAHCjSKDDwf eligible
aBAXUophupRDBMGqeNqZ eligible
DqrJTWCjpktFExIOiwpS eligible
gtzfFyTwdvAaQvvdUNne eligible
SRxtbUoZpcocyqNnewan eligible
kCkWorKaQRyDKVYhpmIn eligible
ZaeNVKYBHKBlQaOSmmjI eligible
XWttCmtUzovFAKKtgFod eligible
iQTjaAVPiDLOJWiBoQGL eligible
MJFHbXlPIjukKYyIrISk eligible
sXiVNXWHGkCqsszItLLd eligible
dEuRnkvWUxdqZRSETMBF eligible
HdNDZbyZMHYmJKHtMsNS eligible
KVNvMTzXmnoNHeZssbkM eligible
iSRvGkbNauCSioLCouTK eligible
ImQXaNXKBWrJvoGWuwpU eligible
MFESJzMDlKOWyWkBmrEM eligible
UQZReauaZuYoCAdEaPmG eligible
SgPwNQAHsdbPZmexDPZH eligible
ovpDtLiUhjOsKCGmQGsE eligible
GLQDGJJQGOhYEwvuakkZ eligible
hxDkcBcsiLskTpVUoDBu eligible
pqbaxQRzKxKkcjYPORiF eligible
FWsqDjlBaNUFCQlTUdJo eligible
uFVyRbMkWeMnotJFcZQD eligible
VcoXyvbDPBKLqvJqazZS eligible
fpQdVKhNlkvBVroxocfw eligible
LUxnuhpzKnEfTRllqLez eligible
NTDyWyLbOnNIyQpPPEYU eligible
mhkhepxAioXEACCtQjed eligible
gOzVpGqHRbfaEqjsXOpS eligible
BPuEUozIUbVCaqdbKtOU eligible
hSTBLrESdapbBYQsKfXO eligible
maLmcBhuDgzpiiGFaLIm eligible
VSyLSCeEzUrJoBFJbTXy eligible
cSPvuTZxMmPBlESdPMdE eligible
SuQNwEAeowplFOtDIDpU eligible
QQqqbeYOzEpNDYgZLZDn eligible
PdCbebDTnnhLOGQFOaNf eligible
wTnKIlasPYiHNqnzYqvd eligible
iYtUPyURhefmRLxApdnT eligible
cKZSLtlWNNCqIeNaMoIA eligible
HBGlNyhcoDerGrXIgJPT eligible
DrqMxhDMKnWAtLEjCLtP eligible
uwjDidhrnhabjPjvCfQx eligible
qQekmUqoblGKOWRFiikj eligible
fLgrTQAMNfmrbpVaHFlc eligible
rOCJjjgeiiZzBzhoHTMe eligible
cBcSwlMSThlpFJVevaSY eligible
yTHZgzaiGCGLWLCVnTFj eligible
fyPQmTxBCSUbOcLljxvA eligible
EsmocQdHshZYghHmIduU eligible
AaBVsmWsxQJTwsXKkdES eligible
gollGRUDkZdqCOjUBNGM eligible
EpCjjcmjMLPZZKwtheOG eligible
ynMxdFAYPOQhyVPLvzcU eligible
JUYRpaRpnbeJSkdEXxvY eligible
TXyWcCMTzBMoAJSbHxnh eligible
NDGidPHZfrjnxSTaTEZy eligible
JisexUQKbcSLXpbfJUSN eligible
aIehEiHNOiirRVWOzong eligible
LlMrFVEMpAnOJSGzOVgg eligible
YypMNodzeMPWUCUgLFdm eligible
crecysPimWELeKiqwkWy eligible
ZtGQRBkWcWKOWJtCsKtZ eligible
dkNGLYQcdwnuSNEVFkJl eligible
GSnkNjMhyIJnkZcTYsPD eligible
kCZbgRCQidHSFPmlzAdj eligible
AOIPPHDTXlXNUIDhINbd eligible
thWgdGAMiFRAoOZiLftG eligible
zuyLCmJkDRpuChWwKHZY eligible
NRkJNAOmJLnokEwdECog eligible
AdJLLPJEmyQoJDWtsdBj eligible
NKfMKBqaoosxzpiuARDJ eligible
HVLPGIqwwgICWFzjjsrg eligible
zktwSWMgdByxAujFTtOB eligible
APDSDGQiIiQHfsfUqlJD eligible
hEftpxwDglnnygRlgxMu eligible
ZXICiIHAHesEBnPYIPEV eligible
SaLcDvxHenpeCryUQWGC eligible
EsEZkBMIAgHXWMdKhKVD eligible
uWgSNKYyqrxFbvgEcexw eligible
USpLOwVuNsLfnCigKxud eligible
CPLyQuRMvhYmofuIrxCT eligible
vkWMSzzXcGRTiHxPQKsP eligible
FEWkPfRJUFhdLtVDtMIe eligible
eaIdwtORlMElbDaXjmYL eligible
HITpLRpAUSWIGpPhFbiU eligible
WXgyYjdJUxkSIGFWolCO eligible
YgjncVByibFtvLxAcsWv eligible
PzamzastOyrQgmzpWaJM eligible
urvgpjzwapmdeWObQAAT eligible
gmcrObquENdzJVwWNfgv eligible
PImaOlMtNZqKVZLBNmXl eligible
IqNUzPdIoRXYhmufkwWG eligible
ISixprZdQQXbjRhvkBSP eligible
HwtqzkbGWMlPelAFuwSj eligible
ibeXtsEBongaPEFgusqJ eligible
lXFVHOfwFxLYTkaCSraU eligible
uqNcDeXSNwvXfuwpDAtr eligible
eSvhOzvhFcdEVgeFgAmO eligible
riuymsaecVnNEaKiatWT eligible
xoNZxRrdaENPwJzgxJxl eligible
crpzsthVDhNZiFMDtpAk eligible
pCZlCpJchPBfIXTeGNiV eligible
mdiPlsBGWvmTOcZBQeeV eligible
OsHifxlADrziRYAXxFRW eligible
GEsWfokKEuSKEzuKMpuE eligible
IcVtHaLuSEOVKShdgbtZ eligible
KYkfOvYmJDOQbqZDisAH eligible
fvemmWUeKOoByZBuxSjG eligible
mcfEcDPajFRdjtzwkdNR eligible
tVHiLDtrHXnnivyrbqaU eligible
YdlhAAEsJpsgeHXjqfkk eligible
bBJjcnKoFRokGeXYIYoh eligible
DyrEKhvtRcPvgRXFlcfx eligible
niVIfrAbMdsbBYTxyNUr eligible
PjtfgjBJvjYkOSOFubLc eligible
puIOmCIutkYEBlVIgnTi eligible
uaWSJZmVkDKqWyafDsjX eligible
qmHfFzGXEEbgQUXCUtZL eligible
rNKJijmqYkXLcoUebwxX eligible
HanuGHooofIbEERZDxnV eligible
UJqZeMFivhVYVpylPeHP eligible
xdlZpcLJFRktooinexZm eligible
yHIPYDapVFpnmkweZyhz eligible
xWKAIWrZOMFuuaBgtONB eligible
bOZoYiUhBcwCtLhYyTbH eligible
SGsqjaHOczGOVXKECOgm eligible
hMrmnuSsNFSVCGlAPFhn eligible
StldCgkQJpVgdPhcvFZy eligible
XZUtPiEFSIEAJexlOHyj eligible
TLiSYVtCmCQvlKPDirYI eligible
jBLLAIPtnapoORqgAqGe eligible
czdgCjeLGCPWfBzORdtZ eligible
ruMZRcrcJpYKkXgqmvda eligible
yqrSpcEUOmTSDEGwWDWZ eligible
sKPPkXgMqWWlQaKuoMEp eligible
EqANriSZBBMfYUZZijNZ eligible
dkcLyHDJjVvApkhUlYJY eligible
EhWpDTfEQlJZBEDgTgKB eligible
WewtXMBVLgVrhgBxbTcC eligible
vIzGawCzNJSuPrfrguby eligible
YOgrkyVlmWHIHzzRuODO eligible
wtjYugMwKLfLtWSpZkxI eligible
tSpUdfLgavRdrCrlAtgy eligible
IBBQgEZOufcQWcXbzvGW eligible
tvXFJJVQOXQlJOntELju eligible
EKIwbYOnZSqnIFdsHJVj eligible
fuvmeCtJjvlnKFYQaEsE eligible
rvCNrERwUbgGvjrgogcH eligible
xXLqMbJKjSZBlEDStsWi eligible
QchjSxNutQwDsamwEVxB eligible
QHBZSGWsvlfeIVzvLnEe eligible
BhfMxtVPEIipkpxXlMId eligible
XikSiWDNWOEfRXGzLGZQ eligible
SQywgqQbRWCAJmpLoSZr eligible
CexGxVowAPBBStPmNUWd eligible
ksasfwQmSVwKiEZXMcVT eligible
wqWtwxvCXdyJmfiXHBoF eligible
PUVoGmcRtqbLytHvFjcN eligible
uMpOssUgQjGiPpAbtYFZ eligible
FVyCBtUZKzEKENdDVxSw eligible
uWsmPxHAsTxLulkeApow eligible
oVCxAwCzmeMtnYYtAQNP eligible
zXvNmDUaebTMTaXEwpHa eligible
YKRBBdBAaLFJBDkXqYFp eligible
OgfNkuEqYZwFkhvVdBsJ eligible
CCCbvIifamVsmQAqpoID eligible
MlPzolQZARSrYPbUjBdF eligible
BNISlRApPGkNJukjZeUE eligible
xkAOqlvoOjmMqghOpLbm eligible
iOPYdJvBfdzBhEEYxCIg eligible
YSIZzDBZNzGOibtqowjF eligible
IhsZtBiHiQUvwVLfLFZx eligible
bAANcNojDIzCopOJGQCM eligible
IwQiwZZoVyuptVwlQqxN eligible
JUlQYlMddygIpAzdUxmd eligible
EFkLpOdQQiRLaqwvIpMR eligible
pugKzsixjgJyrZIrTadH eligible
YUbsCCspWJgQZHsiLwPs eligible
COXUkLKFiGlWCwFemvaR eligible
vZOhzvwgwAHoxrUWMypk eligible
uvHGNRweFCskNhGOOtlj eligible
MKOljxvPfaNuamXmXbwD eligible
lifUDylulfaNHQhDnWwL eligible
QPkUYqDcXvexeiDbOVSK eligible
mLlLUSwRFCPKAYrhNdVx eligible
zvakpvGokCpqOkvZjUKD eligible
PZtmyAsBsDCWEMBfXOSS eligible
qrUgOBpuSUJVjmJXbvFt eligible
ZqKBAtLVNPPJpLaqXKpZ eligible
bqtZOoxRjjNJjNxPZLOm eligible
XcKrOjIVDQUJLKvqdXzt eligible
vnZpUQieaZIQbPphQvIf eligible
fHoPZDIiEJVDOsfIwgtt eligible
nWocJXpRdKvDjhPWFncw eligible
rIEHBxnHhpIyMZwfobcS eligible
ezTwWXYCYOIXXFMofbhc eligible
jJwNnyXsfqfMRsHuTGuV eligible
zKmWEuADJBHgtWBvXsUK eligible
wcQceKvSXjvtLLYtKcqD eligible
mWelTqILvnYaJyanRFrM eligible
XCyYSOrVbIPeptiugBHw eligible
OmuJLSibxJzTEdbjCxAw eligible
iKfJwMdpkLoefrsKTbYB eligible
piSpRHukKSDPavjuzSKJ eligible
bgMAPyQtSBKncIVJAuxu eligible
hLHyxeARZmMVDxVeCxbc eligible
qMKXYbtgyATEcrEpfeSZ eligible
awZEhcTKwIgJOjdsKxOC eligible
YcqmfyrqMrxaDHvEiKmU eligible
evgzsBmbXytCJgwpYZaB eligible
ExEJTcPTruvymqUPXdCb eligible
AHbLrqaetcGtjYUnliwE eligible
ctbXLHZqfpbyctrXHLMC eligible
rCYClqeVOgXRZHxAjlaD eligible
LrgoJOtGjAkBlrFXZvuK eligible
obhlbXQUtsPNDVlvAQHz eligible
bqnvQkMQrNvEKRughLKr eligible
LdnUZRUTtTHSfALWWLNA eligible
dAaWCYtIwGmZXNGpUHiV eligible
ZGLkhKUacvSNyknFkkJn eligible
SwYFYuVKiGwFbShgyGTi eligible
makQuTEomhlkmKnSalau eligible
qDPXXjvAWuOQkiyFVVSo eligible
cvVpUMzFNXQAPtEEOlnp eligible
DwcChIOSaZHrdPXGfMFb eligible
XTEaXrJkpOYNlrScsggr eligible
tzJLJMeLvwvozORMFKDi eligible
rFpAKjmrpHlMbtIZNHhZ eligible
ABWcKIyjRZHdSOtiqJiJ eligible
IQoGmIYkNhHeKNWXTrTB eligible
yaAiZUNqVrWpzoayOUBj eligible
tojeDUnmYbiDKYZsimyN eligible
WiMCcGdcDLPkjdOAxknt eligible
ZFfiaffKInzNRhEsbmPy eligible
eJEFcmLNfxatDJICIEha eligible
VcImgLWhSOowPWUeXqyZ eligible
tkGxjSFvbsNXYvyvCJMQ eligible
kZvBOCbWLMNljOCwYcpt eligible
ytVkKpxqYihVpmlKHMvU eligible
WXjkfyQYldLIvwhfjdaK eligible
DYwAuYivspMzojCfmsis eligible
foGKQLjoWWexfQxtDNVQ eligible
zRaChBuFvGHSAVJNTcgA eligible
IkxdwOtHwMHvbGHrpAtS eligible
OjUQaShduzkCkeyLtmUX eligible
UVgdIbsmkPgIYlQNtyIi eligible
VuTAtwTOSFWUUqxnOyHQ eligible
nZPzzrNgEKwmJMQlPqxS eligible
kGXslVgOSNfUHDAAdDxB eligible
DHCShERAiiuVgwXtWUGO eligible
yuvvgwGnhYJrDExMTvtf eligible
IZACdivXpCrOAsTXzCOQ eligible
zwOqLtVXHjlCxTgtyfKI eligible
LUYNGRxKYCGBWpSymUBV eligible
aHIczEdLpZCTUrsLokzb eligible
aXWtHXiDAGNNMyFYVAQp eligible
oCTnwbjlzrgpUEWPrCwI eligible
hzAaXeWKFDIHWSkaSvNj eligible
NaCYIfIuYhpespOktZjX eligible
CSNukuWHrrnFUeXkPWTO eligible
TYUIgucXBfuWHICLrlFm eligible
kNzdyuyBuUkNFykHfwAa eligible
OQJrXCoupOLPKvLKKvHk eligible
ztqKjOtjtiEyMeVnCjrP eligible
iKOBYfacyloNFpKZstwp eligible
RBSFxBIhlOFfWwCiSlqA eligible
ltpWgBVqxwurxerEkTQw eligible
QKUoVBesmKCcaKOQArFe eligible
LJSxZMhXKeyjLLuwmvFb eligible
PigDMmchaWsILcmOTFvI eligible
aPVdBhMbQNeHfFfcFTpJ eligible
MzFwvVAYXvzwObjXWiAp eligible
xhkWxVhmzivDhzuYllTc eligible
RpszvhtKEEKLYDHFSQPI eligible
VwOXbwEmpeVquUCENrvL eligible
dUxuIKqRMEhxbDXsKLWd eligible
kTiexLvsFopCazDTNEdv eligible
mEBXZDMzTZpnePhbsXkC eligible
asvEpQJkmbOXMpWWjpNU eligible
efuUWeBTmZToYsTwBdaI eligible
BwUBoDsaBgwdmWBBwdRu eligible
QaAHypVyeqBHNgftHJmw eligible
