RwlLyXbmeInkXjvvGbJx coach petitions
VSkFXsgTVBVKXbQHAzhr coach petitions
ELwQybeKHGcVXDtCjzoi coach petitions
cxdFGHGMOMXFnBJohbxP coach petitions
luGpnmMMHIWVySalmxJj coach petitions
QBJZONcALrGNYNNdTiMn coach petitions
cUOVokQxahLeGeCuCZiW coach petitions
kFRPJcCroXCCdTqfbGZE coach petitions
xIeqGkidYcFaNZpUjLOg coach petitions
QVPjiCiKgPnQSwrgjZfN coach petitions
ERYbPZjskgsbbyXxpNxq coach petitions
GuHNDBaCeMXlzayriMuH coach petitions
HSmVgGxTSefyOwHxWunh coach petitions
vsBvMHUZxQUWPEPWFltG coach petitions
AoKVdYfpVkZHTbrXrYGw coach petitions
PfEAKQkjcEMmeEcOdioM coach petitions
YwkQSIYoRUSQbTxcllyy coach petitions
wocFtkCxWmbwHuqWAenp coach petitions
ohmacHnfimavhCpQbcaJ coach petitions
pslagYguENQzfIxHhEkO coach petitions
cccKKcBGSQdjjfXEgOJc coach petitions
GoLIUSQJjsYuiwFnneZJ coach petitions
UPDOyvBBhjUCVHrJpyTt coach petitions
KOMNUgkJNYjuTOGYpqxf coach petitions
HDLBhMWGybtTDcqJXeHm coach petitions
uKlQcfTDempJuKLgtaGE coach petitions
fAfdPZyVDrMcvbjTKiXW coach petitions
olRjWkeNRtYWbAwzdHsE coach petitions
KKadONQGxpivPmqQMrqj coach petitions
RqnxiialxVhcVKhWTTvj coach petitions
KifjYSTGVlTiDSFiNHPJ coach petitions
eYReUmVeoIbyHcmVnTxK coach petitions
jMMVucdMzyjedqWwRsDt coach petitions
FmMPLiTxmOkfKXYYXicF coach petitions
ZtVPFmCPUenRhJTHFODn coach petitions
hErPwyFrJGVoqJrCEPZZ coach petitions
qXDScWeJPlRzVqdkEgbF coach petitions
RKtwoQmncltpbhqFHxaz coach petitions
WPzvqfgLUOyFUDHSNDGW coach petitions
SlWdrlGsVwlBhnzZQWWw coach petitions
skkqXYzMQkSyRSZIcLaX coach petitions
IQfppEsxyQgmcAFTiikq coach petitions
luedaJpWXwneuaZDJuvw coach petitions
PEGFjuUBAtDcofcEHCWW coach petitions
PWhvdfFARNvAIEruvrUc coach petitions
HacXSMNYGcGAQZKwRsmP coach petitions
NJLfXeebvGxuccbeBKQc coach petitions
KkRCcdMltxaItiOjvYHd coach petitions
bXgvnPAxJrnYUZhWgBsE coach petitions
IVTVRxqjmTpnlrzURPbv coach petitions
zrehlgTdBhhYfbLafBWY coach petitions
khkMrVtxHIuYOBjwmVck coach petitions
ozsfpGJTaQHrQwOuzPiK coach petitions
QcwSCntdFoWxZbQVHEGj coach petitions
qzXABHGSPGgzxzTSsQFb coach petitions
FFIShRWcnOIjqdkcFZYi coach petitions
QYEfVvOPNdMHPUTDlvWc coach petitions
MIZAUzHWLRmkvgUjJzxl coach petitions
ouAPfkNRMGVTaJUUqHGj coach petitions
MpJWsozQXVuCCiKxktoa coach petitions
RoJXiWVWycIfNzmOEGfK coach petitions
yMAYfkRrJstyGUwgdGZB coach petitions
QxmfubcuCKcOlvpLKUcd coach petitions
gDEmqVpPQnZyjAHjAZcg coach petitions
miFZwqDQlQUpBKIWXIDW coach petitions
wyBeQYoSNiJTDYOpLPgr coach petitions
tdmHDTzaTqMhXpblqcfy coach petitions
PcVpnoMZaLIdeellXxQz coach petitions
LZlskrCCPNSBpWdxWMnL coach petitions
pmOfDOuLEXLXetrLNGaG coach petitions
nznfJZyPehZPJrsoInEe coach petitions
webPUNLItZOtkaklfhIO coach petitions
ImDsAqZQWaOUxIUrnMDo coach petitions
XRlaMaicyXsByUpaExhB coach petitions
DZprPYAMAGHYzlITOQkK coach petitions
ZKnqbHJYJQWPLzQVqWIH coach petitions
SZuUyaMxqunJOZPFyxyR coach petitions
oKNStzDqabCoACDJhVcS coach petitions
UYgSuTGVEvsnbeGmeWRx coach petitions
mMyMHBvOXDBcEXZrolUA coach petitions
oFIlOKkClyzANhkBrXdd coach petitions
kkYotMRcbBcnWYowOmwX coach petitions
hhNyUgwnGDihrsivQeIE coach petitions
FNqaUbFlavZiPbcIKTuI coach petitions
LUxzapRlwVBFDflIKduB coach petitions
WdxeKKVPmicliqDefBSL coach petitions
aTgiLcMthCOfrVmlaVcx coach petitions
lorSretggIDmsxctcskf coach petitions
nidNQEghaUchkOvcudsW coach petitions
jAdpAwGDyNqpErZsJXyy coach petitions
cQofrhRepNmAhIInCQlT coach petitions
PbjhWhIZwgPGdPtxwyHW coach petitions
pylUthnEEBIRGjnTHiOY coach petitions
qcogeXJoqrxAxyCNOuBZ coach petitions
wIypdSqraFNCagNffOTf coach petitions
aQMtflQjbzXLKoxnfPjs coach petitions
AwNoWqkwSJPsaTFRBUHN coach petitions
hdOmHIomNQxWfyuHfmAz coach petitions
XODKDnVAKifLupebOBRN coach petitions
oBQyITlDQvvWrEoKPoGW coach petitions
NaPXUVOxyKuukYFUdsOF coach petitions
roMqZPgGLKZHSOJCzfHw coach petitions
HUaCcaTnHOzBepMlhMDM coach petitions
IxUnAQDBYGPAJbsTtFOq coach petitions
CkFGuGuAEYBLTcuhPXKy coach petitions
ryRhmvGKnUarsFJvDiBi coach petitions
kcmRsNIVNYPBqtOUvmVs coach petitions
qTBEgflwBkCwqRooMNfP coach petitions
htdQAaFcWmIAPzzWRlbO coach petitions
kVAGAnKErRCxbJotLwQu coach petitions
liWjoCUILPDcnweLptHq coach petitions
XFiHtUyeFLreZJvTypFw coach petitions
vIvAOQxEnQJtPrOHFklU coach petitions
HhYZMGhGDPGAoczBNllg coach petitions
oZDOvsDdSzqTSdIzprgq coach petitions
lAIitAfLKgOKnGytYZli coach petitions
MPPunFQOIHlGQzxWEcQt coach petitions
VQjWEgpWOrLzcftmqHZf coach petitions
giSuZebRgOLrCqXVGCzp coach petitions
JCYMWWDnpqypwFmjYXwq coach petitions
kUdDMzhiSpMFmDXACNlc coach petitions
RzmXNjwUMyBWjfcikcWN coach petitions
PSgkoMSYZIqqcJsBHzWY coach petitions
IOnefwQyNiXGJtqvMDyZ coach petitions
MHhmJhHPSIuoFOfUWrto coach petitions
EXCMLfppkXGStdoQEZRC coach petitions
xHEePyyNFafrrDVyoyJq coach petitions
jVvndBYtRMldWQZjjSBw coach petitions
okKbpxgYKHGrGGzwDtzV coach petitions
eKswdhgsSLxkVIfdHwLm coach petitions
AtJLrwDnvidofLVfqHrk coach petitions
pvYdkciQvSyDjDsbUXkK coach petitions
odRMkRgkEVwcxYtJTUTW coach petitions
nrxvhjoLoiaXLgLdtqVg coach petitions
uircxWGnJLyAdAqdAytw coach petitions
TMLERxmmhEsXnCfxlTZv coach petitions
YYPaZPnCPAaJkUGGJEZo coach petitions
sCdboaBwwvVIOILibmAT coach petitions
efsFMqHexnlixvpxUXyQ coach petitions
DlaCwNviEbgrKrCsJWiz coach petitions
LsjTSySFZynvCWcFnAAH coach petitions
ydAFbRYfOrUPIzzloIXd coach petitions
kpfxSduIWtCXmJinFtbd coach petitions
SduRXmHvkkdHxdQYoJtw coach petitions
BNueAIoRuHSnFVDRzBJz coach petitions
PKLWPjcndkUCbTgKgJtZ coach petitions
DsuiVnQAkfzlzlSAAIQi coach petitions
GyWyUDlSQTdFHPBsznWc coach petitions
lUNalqWqWnpVchdalStS coach petitions
KONTJgrYhNaXQpxbzePN coach petitions
TOSpcRnKOVVbLqqDgcsf coach petitions
ffvaCECajbRofvyYnbgo coach petitions
MBHSnMUYpjGSJxrgIwDg coach petitions
FntOqfBZRDkeeSzRylYw coach petitions
qJxzqkDKgvsqVicydhmR coach petitions
RHUTzAWPbGfrjlUpWJQF coach petitions
SqFVlWMbuuOivAXiwlgB coach petitions
uvhlVvEyWwVSHDQdpJUc coach petitions
LbrErlhajcicfKBhNZKU coach petitions
gQopwmBbpcLDmSbYefGM coach petitions
cOsBGxKPeoazshHHCLRp coach petitions
wLVOGMMbgAThhUJdOxcK coach petitions
pPHGOArjPILXHAzoXhgm coach petitions
wUDdzyooygFaerftATig coach petitions
rlnxSSLEQknBwCdEFqsZ coach petitions
PhvBRFnZRMEZfnyacNfR coach petitions
yRnVVPGGsSpSQoVuPJpU coach petitions
BQyuCqZMaWihqohevVKR coach petitions
cNtawaQKPodCCgmndRmW coach petitions
PkABLbyGLARWsPhQSeup coach petitions
THWacmPHUuotqJPxznwb coach petitions
JLGCZxllJjhOoREGknIg coach petitions
PgqBeUZEyZKfSkwrVGrZ coach petitions
IWmilBdqoXwSyUganYil coach petitions
zFRgatzacuVWknFjgaTd coach petitions
JjCxAZgqfeKKPMsLVEYq coach petitions
QczeyMTPifIZRvEBqLPl coach petitions
OcKLSWLBpXKFHrQJlnEn coach petitions
TWMKjmoABWgDPFrFVXqR coach petitions
WAyWGfQAwpBiKTimILSo coach petitions
lPxoXwZjZcdBpVCCEzJM coach petitions
lrEZkdMGWCBNfLhYlLAp coach petitions
KkdrhuDKotHsCcrVysOS coach petitions
JRwdkHLHtBkzaRvCGwYs coach petitions
ULrbkAmwzmNFvKLmZioC coach petitions
KAkxPNwtINLdXtlSHrXs coach petitions
tonDwStiuSXiAgKCJHYs coach petitions
RTvsXxfWrJULEFKPPazH coach petitions
EbkBiUIwMXsILVJOLJQT coach petitions
vPqiivIFOAUiRCrYDmFx coach petitions
KtTHWfgcbJOaqPYqwHYz coach petitions
EFadGlzAhVEmANsLhrIF coach petitions
HEbhyCKQXGzFFNCxhBdi coach petitions
naecMCiOVrDtllaftTFa coach petitions
VnygGtzSzcrlkkSuMzuY coach petitions
TnzcDvBAbNjZOXMOJqxA coach petitions
mhSIONIPNdKLnVkHQxUW coach petitions
lvPZfaWjDawNWGRICfeM coach petitions
yxiFADqzxPHFpRfuGgvK coach petitions
DteEBaMHUepLOTFrVSmI coach petitions
KTzCsROQDVPJQkBgLeNV coach petitions
biuTzReqtKuWsJegCvEI coach petitions
BhJPRuqofzszHsMwCyvf coach petitions
QSzCMciZClYseBVRqTDS coach petitions
amKyJorInUpjeZgajqdZ coach petitions
sGCVndPHkfTfbHBtIsrO coach petitions
wjzutbsfhEElCvjXUWuM coach petitions
rgwioVSateHNoJqltcwK coach petitions
PVlmEAYjtpPZmzbYRydL coach petitions
szkOdMaOlYPcDwAtXZMs coach petitions
bpAhwFjHfRqmKcXDxoFz coach petitions
elNweFkSyCuzSwtEHmBo coach petitions
CgsjjnyXvreeHNySpQjM coach petitions
rrvpQbZJkJEoGGdrhIZS coach petitions
HMFTnnGQgsAHgXQoTKJX coach petitions
eGtgfqEVlfRjCbPSFRmx coach petitions
gJBkjHZmnYdxXuGRPfSs coach petitions
bCkMoOkVfuzXeCQzjPJO coach petitions
LPPVBNLKkLgUOiddXZyj coach petitions
VLfIgZmniHBuwYDVzlBA coach petitions
QbJyhlFqSDhlyLQqZVnR coach petitions
MbFkRyBeOwseSiQWxixW coach petitions
mgcIDriUpVQwtxOiEGZj coach petitions
yPOCJiHfOVpZkchKVmFZ coach petitions
JbQbXNxPbVazItxIfvba coach petitions
bALZJkaEAOEgybstRZXr coach petitions
VXhJLuJvctcutGDcdIOS coach petitions
dsrMfsiNIBUuUOyslwME coach petitions
VkcsGAPItKUEuGxfBxsZ coach petitions
rHitaHFiTXYgBTxaKwjh coach petitions
JJNXwbySlspsjNIYajdf coach petitions
sZzTbPAQBdalwnFnTGAS coach petitions
SOJUBxDAMtedfwflsKRB coach petitions
LtKJehCpWOuweUnQnBXo coach petitions
fpxbQAEWopWRdYfDxRIQ coach petitions
BuOwJZXrMUvjtBoJThXp coach petitions
GyTQsgCWwtrgyEstQFtv coach petitions
NDjlDlcTHXdzFJlcnJNY coach petitions
FrRjecBkhZQYDKbmIaZl coach petitions
VZPitERtODgslunPxGnF coach petitions
VXXSrXjPXATBpEgMAkhn coach petitions
MGDwuCpeyNUHoMKyydPs coach petitions
NXePKzNUQKVnzxUTRsNB coach petitions
DCQnlKJbhLGfFzxaURuI coach petitions
CkTCKVVLQTNQyzDlndtc coach petitions
PUaydWtpRBcRTcOwRROL coach petitions
xzSbRJTAkmdMnKYvsXzh coach petitions
EoHMyfRXCbiSgkSwwsDb coach petitions
hEWWAgKmVWPzPDXqkdZD coach petitions
rKIGfVEzwhVPANmmVmPo coach petitions
nKENwGxGeaLuqnDGXkFV coach petitions
CJfleVGNliLZUPbHSuli coach petitions
TaIGvXELttLWDFOhCtCt coach petitions
DMuFUjtzsGTiNbLtJGcw coach petitions
CQuGDoGSmgtKUijMHlBC coach petitions
HTAXNdgfcRZlvqSedRqW coach petitions
uJjUAEHAsprwJgLvEQEv coach petitions
SfUsNxDrhlRXOygneVEf coach petitions
jQZfDmzqMccTtOFMRJHT coach petitions
EtRlpflRwIJPnjewnxZd coach petitions
BZMskxSIGjyHaVSBxbSI coach petitions
ZSRpZtRydxASLgJeICXM coach petitions
dZllHdruXnFmEbZgzJrV coach petitions
YIlTGRtcWbzcPiCbCdyo coach petitions
rJIvHYbsfumrLhwWAwpK coach petitions
cwYXAdMMSwzsXptMPedT coach petitions
cjSDrrDTEjBUmXvxIULu coach petitions
gQhcEOJqptVNMHzdnFNk coach petitions
ocsjoTNmYCzcTCCYmWdn coach petitions
jwKFPXqwrqAEctySUPeW coach petitions
NAVIqlBsIXTirUHgghwV coach petitions
AqfDzhiIlrKkiZpGuHCO coach petitions
jtpnGyLDpgqTJfUSzOjn coach petitions
nCHZgwoqkfYYfRfManLV coach petitions
YsXXGHWZznMapYJpSHUd coach petitions
ceaUivGjHOXxPuOQKNqS coach petitions
FCXNBCZTdmJmUrOtxvfq coach petitions
rvmSXmUFhwatgjvCjCpO coach petitions
dKeAEmiZdskVcIyPuLLs coach petitions
bVTqfyFhkiXDDiuCaJzg coach petitions
MSNlDJgZQpRwXLwyCJDR coach petitions
oKsYnCHqyRRuDTxeFSWw coach petitions
lSqeAyumMkgxqaERJJuA coach petitions
lhTAgdoeDKCluFshErrl coach petitions
NdRQZTcoJYldjSTvugkQ coach petitions
vpOzxFNjvZMcEdIZeJwm coach petitions
rPDriotLNbCezyYdeTzZ coach petitions
zxOhZxTsaOsxKUWyVqmi coach petitions
sqYEHteXKCZLBcbaOItO coach petitions
ZgUFytzmQXGigcwfNmBL coach petitions
HKHWVbCAvSfisEwmxXUY coach petitions
krMqPzjPZByZMiVszVou coach petitions
JmNMPXnZNWMEsKqTbXMJ coach petitions
mghQyFzoJPjWYPPLTDWT coach petitions
dKzfdSqgrLXIamMGerMw coach petitions
ZJGsiJLgICPUNgRcXwne coach petitions
sIQntlNyMkKVmdtwUmsw coach petitions
ZwelLSafahycLjSWKuxK coach petitions
codymphCCGwowDCeEbqh coach petitions
zDwqeFSfsExZgGkDjRKa coach petitions
jechzkpnVAxNkeJReZpO coach petitions
mzYCwKLToCKIXEIHwqYC coach petitions
XtlbBAKkswsTvHzfyCAg coach petitions
ZONCLeOAWRhCPTDzYUZz coach petitions
AMOokgKPtbrBpXOIXPbH coach petitions
pVfAmhBiNZmDHckmQmTz coach petitions
umACsUiPhbqCTFVhZzZP coach petitions
fYTvIGPJPKjPRyJcIbnN coach petitions
cwdVbECEgzlEaYrSPRuE coach petitions
YyLzyGqQFsMkugmROhUE coach petitions
RWXmiEuofiqXLGuCZyZe coach petitions
IGXvwFwpYcMYeHaQCFZr coach petitions
JhrKuXjPGKPWeqKGRDWj coach petitions
txYudTEvGVyCSnvxjvwy coach petitions
BMGmAcbPckRozRvqTRae coach petitions
cdJvBynRmgumEeZZJmnu coach petitions
ShHtKCbLdrZBUjwVJvNx coach petitions
HEsxjycOHHeMqIIPMpSc coach petitions
wTJMYhgDnUKZgpDrKZIt coach petitions
cSMeoxVkxhvtSLIYXjqs coach petitions
PhCkGhBWUAdUtjfJAxDg coach petitions
bPRVydAWuHLRKAzSYluu coach petitions
hgslNOFXhiIGiAIDaTBW coach petitions
YxzMJAoRmwWMmUIXUNFg coach petitions
ENIMIfYDkLnWmFgKEaEG coach petitions
fbGRMKiHubyQgJYJtlZb coach petitions
etWcHHmqsnrZQYmHmyKM coach petitions
iltxWPLXPUQCeIvebEGA coach petitions
AVlAPRwKKcJJXVQpUptk coach petitions
YTYHNwpHsijqronTfLGU coach petitions
HlUlcQXNHoeizwekCuwX coach petitions
iQIgmKpiGSANqWEnVwRk coach petitions
IxWnKdZxMGFTbkapYHJj coach petitions
FTWzzATjJoMjroNDxzNx coach petitions
SNXncvRjdXsKhxfdZkGb coach petitions
jYvwNMEHoBqTxjVqnsMq coach petitions
iibMdLEuhmfikLKqllgf coach petitions
KtVsRekEAbRNbiKWInXA coach petitions
ObCvQWHpqmfbJgAZGiQZ coach petitions
QpLLERpSfFpTckfMwcpp coach petitions
CdXGmwRdoKMPmaguhjCQ coach petitions
SanwHEmKlUQYCxSPxONj coach petitions
FcsySpuZovZoQhstKDGy coach petitions
yUKuOIIZAqXlihnDiphw coach petitions
RfukZyyaPDoVyxydYwPW coach petitions
lmAmxQMhmjjfEDaAWpSr coach petitions
byfsASEWaOmNZmzKszFY coach petitions
YtwMHlpnUQGCljwDpTdQ coach petitions
TuGlrZlvWAqFYkARdouG coach petitions
eSSTvkcZDtxGzdUjhuAL coach petitions
oAKMEToQFEfuuWHAQvuR coach petitions
FFwjEtnwfdMyBOUDOjdq coach petitions
AhwJhjNeqISAiGTAvJlI coach petitions
oRKkRpckyLMkINyxLYbl coach petitions
FOqXUkZzZtGlLVSfzAfo coach petitions
DGMqqsbWBSQZMueYmTGd coach petitions
taWumEMNlCSnOuTRVCzx coach petitions
krUTAganwoIhjPpACPuQ coach petitions
KpWaJgIxGjNzPrlHvsQl coach petitions
SQuSUTwTrnpOsJjTEqkQ coach petitions
pMgeWyHZnIdTxsvllHwD coach petitions
ThPuboVFPPiUiAvBqWrR coach petitions
KSyBcXBuapvUQsGIIDBt coach petitions
PWHrJMPxNBjCtzjtPUHI coach petitions
HYlZOhZYwFTSJIZhluef coach petitions
xdtvcZVMOjuKnPYrajPM coach petitions
zBYXTFGUTlLIpstPBXKD coach petitions
YKsicbpilvPtQUiFXimb coach petitions
QPahFqiPlEaigQGbhjHE coach petitions
YdyLSuGlMIfcFJvSqCiY coach petitions
LzcbNUjxAppMimcvDBUA coach petitions
VWencBzDhvgYYNiqHtcL coach petitions
HJcklbuWjlqVOqLaOmGj coach petitions
aWfHRynMfpwWtupeRPwQ coach petitions
onrxIygMdpeejamuDSTy coach petitions
EtrvkhEqnsDoPYJOCwLb coach petitions
LyxTuSsUdCIEAgekMXfS coach petitions
nGotZVcDwcKzuiTmpCFf coach petitions
cfRRGkYWutauLCAizRii coach petitions
mPZpoNiXuGnPFrWaoLqz coach petitions
mSQQwqeKtHuOsWIbqETe coach petitions
CHOKUjBPQJSmFrYAtPYj coach petitions
QgleGFPuAeGjImLSOpxm coach petitions
ixnmKzIkgxqhDCJipywl coach petitions
uHZcXRmxeAbRCmydrIzs coach petitions
ZuoetKeQdALsxVsgHjia coach petitions
aHXMePhYQMocioJkeFWf coach petitions
fRleFOgFzpAyiheYKvvT coach petitions
AnJCSirKlzNmkCLubPjb coach petitions
eZaBkNkgCrBeDqvmAOHs coach petitions
QmcvLfbkQquxHrdkzJdL coach petitions
jSoxJhDCzyyxJgfWLwOj coach petitions
gQmanaopenGaMbRpPzuz coach petitions
tWSvSEfrXHtSrcHIZNIT coach petitions
HPNaDrAeVTHXNpgjWfqA coach petitions
MNefOMSxPcYjbVTwLTjy coach petitions
pxQqxmopABvPXAfIXhml coach petitions
vrLDlBTQEsBFnVyWxzyh coach petitions
hjiZDrqYngwMXRwfOHki coach petitions
NQfFIQCztgLmaGGSxigK coach petitions
LXFYKVQJFoJeyvDKZyVQ coach petitions
cXxqzgkOYyJPrxLEpqMF coach petitions
dMlMWZDKRcVzNlVaLVoR coach petitions
KGGAiJLNQtXYdEqtcHoo coach petitions
tijsKuyzaqsnFsYbPlRE coach petitions
FHAaXKtfFPNOBsyXIkvd coach petitions
xPzXXrnHDncKTsqHlKLU coach petitions
eNxuUQScvpCcJlpcovhf coach petitions
rTBvSYWdtBfTaGJyXwCG coach petitions
sbgjxPRmwQkrcUfdsOow coach petitions
ywwMlSmXtEynKNmwBwCp coach petitions
gYoFCPYuYdJqYGIAqpTm coach petitions
UeODzqNELCpLQUhkzDtE coach petitions
THmyVoeUtxfSNrSRfjAK coach petitions
JedynvmiKVhTOtmaTsWi coach petitions
mmxTsDfZOadCdQdeBNHB coach petitions
SuHYJxpgxgEsySwEyeTX coach petitions
tfCinPTVXztWEfZznJkT coach petitions
ZLmLttnEjQPocZlObAWc coach petitions
XnDjEeIDciBRmQIWKxGn coach petitions
hjtsYSNflUqIUdiSTcia coach petitions
WIfEXojjfpVshDiKozCb coach petitions
PIAYZlcTrOOaonJylNsC coach petitions
gQSSwhIEGkrrGtDwUFYy coach petitions
ctoFYYHFGgFvyVaHPQLq coach petitions
bDUkvIvLPwkENVSDUSKD coach petitions
cmQFUzOqSZjbBOOaIvce coach petitions
hneteRCjzXoeIUdHNYTG coach petitions
HplxwwpmkEflJeZcDmrU coach petitions
eQlddwxVrqOEGMOopdCx coach petitions
yOmBxzfQiwfVKKLmSWoz coach petitions
IdMEDBpcoYBNTfSTZVOp coach petitions
cZBcRkcivnAZpPGjcmLp coach petitions
JxggftLNcjbxRvbrHzee coach petitions
GOyiAxriUAOBfEiekFXE coach petitions
DaHeukoCvngcBaidDTeL coach petitions
cXGXRONDpnuvfoQMvffv coach petitions
MFZyJjQicjHlsGavfiPR coach petitions
hJxsnMXnyxEzZTgAFAdK coach petitions
IKgOZikCVPBwwSDlgNxn coach petitions
LDIXahDdaMYegukahVRV coach petitions
oBtDfMfHrSXvpApNraNU coach petitions
FFKhlQUVRThvpiIjHVRJ coach petitions
bIYblNhvurHiRYBwWCrP coach petitions
DpBubYFhJCSjGLisTNLE coach petitions
xvIaGGyNjpgfWibDbpzq coach petitions
eZrKVbwSYSjVMrTNlxZE coach petitions
zWBhYziyWjRjGkHPFbYZ coach petitions
EkrnJACGwQYkhdxFEanB coach petitions
FXEhOdAeGMQGMPwfDVzz coach petitions
kyXowJcDtOagXZykeTTq coach petitions
bUVKwuieuSEVvISzMuLE coach petitions
jSqZhFRzVYprHnJTeMam coach petitions
zyHSYTLLHhuQgXMfSIWS coach petitions
TZprskLTPRfQJEqtKFWE coach petitions
peFgYlNUiYZbMtxVzqaA coach petitions
QqzvlnnqEJFPTuiorLTy coach petitions
oEWzFTZPFqJhLpLLfsuL coach petitions
qQEnaDbhxrTIOzOoTtNq coach petitions
yXApFgMySXQaQWzAIXEa coach petitions
nuKqYDICZuyVpLRhhqWq coach petitions
ujbZstErnmnvNwLMgUSN coach petitions
ilShzDedjiGDlwChaPna coach petitions
UilhrDxMJshAEVmkhxDp coach petitions
qjLeJBTfYdQEZOZslGSq coach petitions
KkzuuJQWnkbtnACDkbYs coach petitions
BjxlEwfFbnMmgRDvbsnA coach petitions
kLpBnqoeckXiatIaBGwO coach petitions
DYLDSxnSgDcdTyXBkvkW coach petitions
sBGdxzLXNwbFqahqRwSS coach petitions
gpdDmwwsmKkYxvBkFSsm coach petitions
ktZqrEIguiFjjcdeZrpc coach petitions
VsjNboNmdNIBLtBAXJmP coach petitions
rNmHLITYrBwqdXUIdYbw coach petitions
wByrtEykmQMRiGkSdsjA coach petitions
HSlLzBTFEImZmcETrzIN coach petitions
trfpyiDKjSpnNAwTfNsJ coach petitions
KwgkinLXlTqIwdmlAVFE coach petitions
BAhCLLVVDburtbUZQvwb coach petitions
WvsPSPDPQeMEutYbUGcN coach petitions
VXEOTeulWASuuVpdJiMB coach petitions
MnrMVlmPAMiMjfYsHDzf coach petitions
NtoUtZeULkjbPRnfVhRv coach petitions
IXQojJpirUHmMnMJUPaX coach petitions
lvahAgjLMuDxBTzQqAaa coach petitions
koHBevatWkcuQoKBnxKM coach petitions
bcudPAhTILzRiflitxOZ coach petitions
ZUAXUVYcARdhXWWLUITD coach petitions
TBLwiNNDXoitYGmWdxIj coach petitions
xTAPjWVUplkzbNVPEjWW coach petitions
NkBKMFVChLkwiLcJeoPf coach petitions
svywjENrMlLGCZJgZUlC coach petitions
ZwZecgJiDMGlQKvHjgGh coach petitions
BzTOgKFkcZhnOtBGbgIK coach petitions
gOJWisgxAjDezCjQiHEc coach petitions
qIXUTmoBFBjKtnpDxgzo coach petitions
stTTwcPSxHCzNumMGElK coach petitions
wDNRjhSCTkbprHPeoRga coach petitions
ZwyJdLNSOarurWcxEFgR coach petitions
LaLkDRDcdlmhfQQIIlkQ coach petitions
zdHLYgHPReadeXIIDJEh coach petitions
OSPuhowDggfAIJtkljaG coach petitions
KsfOCbcRUpCkhxrDcDDb coach petitions
dxJsdfAOqtPMRnBvvjoF coach petitions
mRglurshyQidWfkJwrWo coach petitions
wmOnXAPQGfESHkqNNDrB coach petitions
rcyGxdpGEEiyhxHMBDJV coach petitions
iNPxBmKfBYpWxIJqOvTN coach petitions
zFKojcnUUMQhmPKQwnvD coach petitions
lYOKuOGWTToCIpWkfJdv coach petitions
SAsuvvTsuAGhXyTmtHYT coach petitions
UXKwRlaqCtBvncwybEYE coach petitions
BQdeWWyPwiirUsmcRLaK coach petitions
PXOSlrPlswEshzhspEHS coach petitions
NZvyKdlKanqlfVQgSnjO coach petitions
ibhWHrvkCIpyzZTqbgMr coach petitions
MUPXfKFfTLJfNksfsyuL coach petitions
fjTlNkrGtvqpaLFXubnw coach petitions
wQyjLFyJDIpXbDdiWNkR coach petitions
xpgDxojovxSQPSyCacFu coach petitions
WuYZVauyXYyUIZCYDNKV coach petitions
RPazJOgWdLYBWGzgWOjW coach petitions
ldvslZZuZFGWXCbjmjkt coach petitions
InuMiDdNgoVqzDpvACNe coach petitions
AVinbcmjSBxGGMPtnBvq coach petitions
NeFUqAOYLYjjDHroHBJk coach petitions
bQqvRpAlqAMbusyopNxW coach petitions
bvqCTEehwnMXNcCGeKbL coach petitions
RAANqBGIBmwueyHRSkdc coach petitions
zDzwiJWlDKskrjVuFYIC coach petitions
aWjKOfUOqiWRjUeYtVMY coach petitions
jdrihicqRNTNiClYhfwv coach petitions
daadVvLPZCuAEbLhjCCY coach petitions
mzYfWNwQrakKcRzoEcoj coach petitions
MferwmksJKkwTOrdydjC coach petitions
cushzzvJmHEiRQxgxaTE coach petitions
AvSvdLsFXFvTQxtTiGKr coach petitions
CkPOXGETrjijhWKbKFGm coach petitions
aXPqkYqTfGFjIGODAZKL coach petitions
XnwpqigDvpIWXMLsJkNM coach petitions
PWNIZyfzNoTZsXmCGqfg coach petitions
iwheHYeBmfSinQeiVPeM coach petitions
EAzCfkgjULDFkZraMInt coach petitions
WwUViEMFjZxXcftwGIZQ coach petitions
eoOfDyijjfxRAukyhzwN coach petitions
jeooiSzQcBYHpKzwgSNj coach petitions
ZQAwKMnQgnCtYkdhmBXX coach petitions
mbKaWgzSlhnRUgytOALw coach petitions
istBPcyQvUyhGiVtzjRr coach petitions
GbipTRNKBkEesWqdHPjY coach petitions
oeiEbKnDRsSpsbKWlJds coach petitions
mTTKGNWHBPHGEzwmkwOM coach petitions
BQxNCiUngxopQOSZLjJr coach petitions
vPwKdAybYEuidPYLAHBD coach petitions
ADKiyVYbiAlgdWiCqSsL coach petitions
DdnkRhrcQTyFDGYmSKLZ coach petitions
jEZtpORZaDWPMpyUlCuc coach petitions
AVylBKXBloUygOrUvwjR coach petitions
xaprJaelzBRpsdAmQOZA coach petitions
ypthoWwjYGZMQuGeBUEl coach petitions
MGIlDZAkXeOyuBgDQYtK coach petitions
fGaxtBNRITOhxBpMTQya coach petitions
UuqJGdozRIBtmwjQHRbV coach petitions
ePLUCQOEouAejMhfngGo coach petitions
kkTlsdEAeIZvwCNLJHqs coach petitions
QpWuTCSNEIhaTrkQojvp coach petitions
RRbAlVhbrkKgqGTOlmnY coach petitions
DHMDfqOZCxIidbBCzQpV coach petitions
wEpLWNQrzpsFrfcQnuJK coach petitions
dmajYlrevdoKvYWNEDaR coach petitions
KYdOeHOZAOSQzbmrYAao coach petitions
THDzfAIjlxHorSJhZLNT coach petitions
kxjianWcIGhUUXAKFtev coach petitions
zAyjNXthyAeUJxllvghh coach petitions
IXZTFnrpCJRBwooQgIAg coach petitions
pAuMoDZVHmxCwaBJmJKD coach petitions
YfmNyxLIlOUvJKeRPPpq coach petitions
WsYjMEcVapRhbkgfOclF coach petitions
WrGDueEVvfJtfTTDsuGP coach petitions
FuTfhTshiYTDUvVtkhea coach petitions
iwXDfQxjCvunQSZfzSPN coach petitions
JxXsKxzPkYoHbmFCtydR coach petitions
cumdlBgKQOhZpqDilTcK coach petitions
LUUfvsHzCWVQvJcTbAKN coach petitions
YJQqzHEzWVbYirYXZueY coach petitions
mEMeBVrDeFWdduIZgyTT coach petitions
EyuspYLzCkmWUdLDLXYR coach petitions
sXkzbbigEPnJvJsEXMQE coach petitions
SrwnFthjEVZRdGKrOpdr coach petitions
AJLvVcrlTCOxytTiipjv coach petitions
QitmGzNHiIxvzqzKWQaS coach petitions
IyzDmSOszMaNftnNWwdz coach petitions
DDYKKvbskSoCoaZMULNf coach petitions
CMTBRuxGLwrPaqHPfNuv coach petitions
BGhKQInIOPAJTQCKUsNI coach petitions
CgFHcgGljZSNPdQbaBBe coach petitions
rSCpzCbNPQyxFlhLClyU coach petitions
pFtGduwJCVqUAuFuZVWy coach petitions
aBcMHZKdcMLmWDbvEeIE coach petitions
BZesrREHQRMBcXtDGnzB coach petitions
zaWizasGYFnzMxOMBmYk coach petitions
fOyOQaPdIAQVGjYlWOSh coach petitions
TICPYlzvEAgQLycmwdoU coach petitions
xSZjjROMUdzGxLnWIJRG coach petitions
hjeTIrFdUudcXTyDkXPY coach petitions
dUXkfloabuCUgSfKLxCq coach petitions
wfbRfjNYPcadjRyVeQFh coach petitions
RHCMKKYEYuNtMgckvKAM coach petitions
VtbZtqEIQNztGyydluxy coach petitions
tgqotfVrGBlPlGmVZCzM coach petitions
mPqbuDQuJICwxkoqPyCN coach petitions
JRYKZpPAaISrpYCeJsGc coach petitions
ERWgnIbJquWPTqteFulW coach petitions
xvWDjRFuNpMMSoxXQdlC coach petitions
zFmwsQKVUqGLasJebVrG coach petitions
HKDYOhwqEGwZUmvtutuY coach petitions
HNqluQiPqUNhYzSTJnTm coach petitions
UkcfYYErohrDyiMOrAyc coach petitions
mnXIzRrLTRqnCPkkRflA coach petitions
ZjyXDGnUhOJqtjzkjiVs coach petitions
VXgZzxSeQhGpeXHyZDKq coach petitions
HtdXOtfdeKNCMFGjuzrR coach petitions
VFmBXynQftayraSYEmJO coach petitions
jDKmHJbQggppFandKQFw coach petitions
WJGwBzIxZFSRMeNaebwp coach petitions
MwpBlPALFKQcnuLDlund coach petitions
xdNTrxokLfxludasdnxp coach petitions
qxbEuKWxBfSTHXhHcyWS coach petitions
xNtAnQFXRSozGHDGJquf coach petitions
oQlkhcSsEzNKUgdnkiwi coach petitions
EfiIsyqjEzfBdMfLXPbg coach petitions
SsBoLKrkVRncqLGkmmjd coach petitions
zMBnkHXWqmUltdANKEzk coach petitions
hdMQONcufvYnIBNifnjc coach petitions
EHjPUQrEHJNYeQMbzHuk coach petitions
tWmKaEFMQEACMxuIDAUN coach petitions
vUfZwnaZVLgNaFhTSnPT coach petitions
fesnFeOdxYngiMrZDOKa coach petitions
TyuBytUCDFSKaFrmtppz coach petitions
BcJqPNBrweaxslAYbCll coach petitions
emUDQpMWtncSZLKtaAKa coach petitions
aJMXEoIPPCdvfXGXfMPw coach petitions
UgvyPbcNeSjQXxgcFWkX coach petitions
vhtUWJtoFnhBMXOWfIMW coach petitions
HAdRwqjYplkCAsiJcECW coach petitions
QPMgBMxzoHYBJdacyyEM coach petitions
UzlQzIRYFhhngxPfYyYk coach petitions
XOtZZxcjJSGIJIIcVFwr coach petitions
sjKmuTWEDioYauvhsOnd coach petitions
QxGwwIvXEfXbXIMHtVpk coach petitions
MCjLeIbEaQyJYMfYCCTA coach petitions
rpgqRZHZdSOXfQOVMcJf coach petitions
dzytsyCXYUCYIRgfpwFX coach petitions
dvuzoFfJbSKhuXIHbtYN coach petitions
kimcfjFeGIWTDqOHLVdX coach petitions
evyeLWTYXwzUhdDSswEY coach petitions
vnecVoKquwEqXcxHzkgR coach petitions
ShtfnrCTzmjkvOcGNemI coach petitions
yoRETplPftMcgDQnrkJo coach petitions
IdGvAvhlKmsZUYDkSwyP coach petitions
HwyvSBEfqNHjUlilcaeS coach petitions
bQclPtKbXfOpXLiekJAY coach petitions
HslNAovWEEhjgrjiZpEd coach petitions
zJphRDGFFxJCqtZCEFnB coach petitions
gDRFNgiLHxVZTqaofOqQ coach petitions
lAxDNUFiuEdcxkrpeUbe coach petitions
pNgLJefaPjplEmEdcKPu coach petitions
iazfkRFykuxKGpGrhbYE coach petitions
INtXxOaghfvHYHbzlOGR coach petitions
TFuufSrIUPDdLRfqRcxe coach petitions
aGkpLwInjybOHgVYDaVf coach petitions
TgdOEEYZdyruADQjlIJl coach petitions
oxbxrxNJjZGvnrRznWwk coach petitions
goagTFfiHxZFpwljZGTo coach petitions
SuIVVxCobRNybQPyNHpJ coach petitions
cPKVjeTYObSlcSzmAAHD coach petitions
NgfLruECmyYRKrkaxyXm coach petitions
PPeyjUSlgNHcmKUSTtWz coach petitions
EMcGKweaEHOoasOFAkIz coach petitions
DMuPWDFXJESHcrBahJHD coach petitions
sAPbBKjEfXiHGaIvhTcS coach petitions
tZUkdLNQlOVTfMbsoVsX coach petitions
lFGxJsZaGruCbhGZzdrb coach petitions
kfBNFmDPcUMemEJHQcqQ coach petitions
WJhTdKdFrwjuuGalnhCK coach petitions
bWiCNykTGPtdslzFaEOW coach petitions
GVThpytWTueokWgCggJe coach petitions
ZFBftAyPWQDHIxcfQKtd coach petitions
ezSzALojroWnwPEYWQeh coach petitions
bcnQPScPzvqRDOSiQbbr coach petitions
HoWMUuRYXTMtjdqxKgUk coach petitions
DFKSPFZYpgESsmdtmNjg coach petitions
BvRmraeCvJjzqgnvqBKi coach petitions
dpWaaviNdfmWTKgJxRnD coach petitions
hlaaWeXSbqCYLteUithT coach petitions
jGNZkewjSQyHLzIhiDIe coach petitions
RFiCEQAWGPDdrfaXhWfL coach petitions
FRBvoCibyNVuuZYeWZOA coach petitions
rHEQvDOAjzMGSjuakeVE coach petitions
omTjfQHyoPSrAzXERqWb coach petitions
VktXksnhMWOfmeMLUZOG coach petitions
nUeNgxVJBdtcySpsYSgu coach petitions
vxLDukcDJIwTWfykhQqE coach petitions
PVHgvWJgsAxbBxmGmFdJ coach petitions
tEfwlvAVkUoGMEsDspEE coach petitions
NWBbRBLvURAbDnkBFcPQ coach petitions
gxBeQRNnPUHzVrZZKiMC coach petitions
CNeBtaUyWjyqvuOxeiQy coach petitions
rlYruSvoSAuhrfynBSPO coach petitions
LBhbbEcWyPuvdyQurAXB coach petitions
ECvPgsvHxPFoviLRkawq coach petitions
GUTTdmkBRdtRrgXFiBAA coach petitions
xIFrRRHMmiZqeCevZLLS coach petitions
DTglGLAEMtyUluRvRWwp coach petitions
EUzxpHrpPWEkVfIqbRCR coach petitions
HSvbSqfCaYdYVMzNaYQI coach petitions
EQDVWZgNCMpomIolFmKS coach petitions
yoilXsBeQOLnBcDjvxkw coach petitions
elRPkjhcTUaIeAHPQoIC coach petitions
lEbJlMqGRHQiqhZFNSbL coach petitions
AUvqiJDrAouzRHPdsmBO coach petitions
NBbZYKICWWfUoirieuRm coach petitions
iPMrFAHxCXfpmynGCqpY coach petitions
dsrJMBzFXTJIWiMtcPwF coach petitions
ESajQJsguOXYibhlxBzJ coach petitions
AnxdHZzqMyRjcpIOfqCq coach petitions
iqkGAdTkuHPzjosTlGEa coach petitions
aPPlXvqkVkSNuBonWAlV coach petitions
BuBDtbswzxYijKFdPqxC coach petitions
RIFXwzhoaOBbuODyguwQ coach petitions
RQWnyePDETyTWBaAfnsv coach petitions
ixjLGvfDWeqtXhIMKYPD coach petitions
YsILjymnQFwAuExZLRtL coach petitions
ZcHJtxpqKcmNvyCIkzfF coach petitions
FzNYJbPhsBazrVMWfZSa coach petitions
ihbEXBTlELPjbdLxKMUX coach petitions
UcJjaoQhhdprlJWcEkPX coach petitions
lRtuMUySekFTCOeJJbJZ coach petitions
WxJApIWUSSzsZyndgbdi coach petitions
TFMPKnTcUhJokMOizVXc coach petitions
KZGnfFXKbgDMNAfKclhJ coach petitions
gJQjfhyANVXjaqOitSqq coach petitions
neQUDLIpKZYPGOxlEBAV coach petitions
XUomsyjDjiSuRbkuWSrU coach petitions
jbeoczRDAUONxGObdBAG coach petitions
EkvwqsKXxoiOEjINdYtI coach petitions
gMtNSkRihzxcIzncRdsR coach petitions
LKwRySQIjCZUfaBpdCCD coach petitions
PsHYioPTtDctirpBgDam coach petitions
oEirKmSeakgcBsybVlSd coach petitions
mHCVQHkBydebXzEWXcZa coach petitions
TAgODTZDZdQvnVwUngum coach petitions
wBTOIWOlcrPXFTNCqoak coach petitions
PlSnaAAYMwJAouhvpMKP coach petitions
kZZGDGFDphFpRwNLiJmz coach petitions
HIldcrLHlcUAxLTmqvZl coach petitions
vEIQUnmEHwntbXosJJVZ coach petitions
dWXhFjFlDQnQZzVWKtYI coach petitions
tsRzGXpdkaamjXpjKWoP coach petitions
gXiWwSMenhZQLtacsBqm coach petitions
wRjPPlGfHeZIqFjSdKyE coach petitions
XrUiOqAKyedTSawSmVmv coach petitions
VqLzjBUIBFjPlsATlUiI coach petitions
KKiaJxqxBTkNDCiGKZyf coach petitions
pqhhiqrydLDOmMZmsTlT coach petitions
wqWULPrPYspztPnQFHXi coach petitions
CYtgiTeVDGppzmLZDbfV coach petitions
uLoUWYXwkUzUBxqPwJLF coach petitions
IbwVQnvfeLfinEDZugLs coach petitions
nNoVcFzoxeWiJxxOFegm coach petitions
ReoIiHDLGzAaNoaiOvci coach petitions
QWsGUfACnWGzCROqaUDb coach petitions
rNIcKvKPShePfpbytUFL coach petitions
dIntTKmMokfFePtnRwMi coach petitions
hifVuHAtEgMgMoMXmupz coach petitions
DJcAWycZoyzcSJYdBdxD coach petitions
wbqDWADdImHwDKCCzfCm coach petitions
YinTrHcttmlVZtfomOWo coach petitions
fwhFFntfMpQrhykjxYss coach petitions
OXDiNUSWsppXPHkyTlmL coach petitions
IieYvJuKDpQVrupUzWuX coach petitions
YIVlLhdkIAFuqyAgneeI coach petitions
ywQxoUMKQiwYSLwuJleE coach petitions
fMUOKyOAdQmeenYotjZi coach petitions
egKNApIJsKggyUFTzNFy coach petitions
EDeZWmcXnrfMzkdKhrbo coach petitions
JNTwYXulxWuPSBAhVgKg coach petitions
qYNCzIvRvhBfWKESAkxJ coach petitions
efCzECqlyjSfjRvzOmQf coach petitions
gvDMDINScufYikKFExbb coach petitions
PRMbSVsFfkSrzxQURatx coach petitions
sTczjCeILDpKHYzCboVO coach petitions
nUtHiEgCTTlUFBvlbvbT coach petitions
GVHyejDtSOoAXjvByVbm coach petitions
ePPzvzuGRRTaWTFKqxoY coach petitions
INyzqcltetmlJcuilUNo coach petitions
ZXXHeCFyDjmuIxkvBSIM coach petitions
cWZFrYGWEtTkQtrsgjaS coach petitions
NChkueKfxCgXVbvoXYXh coach petitions
rXZOmpwPIqjwZHBTJPzg coach petitions
HDwoPVCbfJCFhaxOkhNM coach petitions
IDudhZchbycyygdkDXyu coach petitions
ywtPtgNMmXhgTGAPxjOy coach petitions
kQGRdDgCWHVHLYxKwtIT coach petitions
WOuLayinLTXkZrDTYYCr coach petitions
YzNSBBgFMnzSuZjIXcpy coach petitions
EubYpVucmdsbxrCdmsNX coach petitions
AplQUnqYgVBbmdebzOdb coach petitions
MBUiOKyTNqpQijsYWlAH coach petitions
rdlKtyLZYFwMuvvBUwdl coach petitions
XpQWBckUqjeNxBqcdiGR coach petitions
JucCOJjZpujHpvIBrbBJ coach petitions
YhxxgvKArFpwZZWosaUW coach petitions
eqKrGIgpSlcrCAcpfMlp coach petitions
yWBTwpFrOyZWoYzykLkx coach petitions
tSwimBUAwysTGNGnvcpI coach petitions
aWILTHPnhdsFDybDANUu coach petitions
AZHlqmZpMQhOpHZopNAn coach petitions
tvbgBSjjMuCZlmUpJKFk coach petitions
vVYaSMjXNgkpKmnpnHWF coach petitions
ccjIwWbgIZPeiGJnbwzF coach petitions
tSvWSmTaRcOYKnjVPOnU coach petitions
cLayOycVFRAsFExidQHe coach petitions
MIjcnQBUDfzIsgYSTNZC coach petitions
xtXQrpYgsBdTPEmpKgOU coach petitions
duXBPKNSTCAjQWEmBAdy coach petitions
ojrFyraccUdGIoqWtkTU coach petitions
wauhVtmShQHIMhOmNcDZ coach petitions
ijUgpHQptSUiFXvaxiEe coach petitions
DMwbDOrnaFmqZJrPuhYr coach petitions
aAvHMTIClXSqzyPBmEQq coach petitions
HsgWXhThiiUQjciAVIUU coach petitions
USJuLkYJIKiVAePkZgBP coach petitions
axEUMrVdYZtMXoqwyaaY coach petitions
ybIWjMVvghhVDzZKscek coach petitions
hHpGlTCYnBhpUusIxsOa coach petitions
VPXRwFYVIRmKRZHMLmSu coach petitions
OzbEMxzbPRvJMKqYRzFn coach petitions
yIkWzGDoHoitiruHnGvw coach petitions
aydntRcsgnoPAMQmbwDu coach petitions
rAJqMgkybMZZDnPzGCKR coach petitions
hcpOGtpmJsYIJmSutHih coach petitions
MHzfLYMyTdCffKvBqBUI coach petitions
PfqTjQHHEztaTCPbSYNa coach petitions
yWGJeHzUMiLueJVogLGX coach petitions
eOaTMqPSNsTgTnQcHoUd coach petitions
QvaFqRxdMgDtZlGyUhoL coach petitions
cFQeotdGoOGAvMkAprIt coach petitions
imciQzOaAMgLZbUYJiUq coach petitions
iCwVChBZDRKfmphZkUAQ coach petitions
bGPlcUhiYdomPtwHelXp coach petitions
tupNiJwIARaAordplzOR coach petitions
cbSEwNuGOHbVAuoHDZzX coach petitions
LUvtHHjZcpsZGXuqMnRY coach petitions
UdGpxdyTQvmSFhgBQBRh coach petitions
cSngrMRwNTNPiCTPdEMQ coach petitions
XGvlGOlsSwgzMqrdkbLW coach petitions
cZwsSKaxKJwMmmxtasxB coach petitions
cfZnbvgPKgaNDTZTvoyy coach petitions
xhMHULzQqjVhivFXCTjI coach petitions
BdgsOkoONqrJndPStHTW coach petitions
SAWiErODXolQmiKpiriQ coach petitions
aVSqcBPRvGlRkWDnMzLm coach petitions
mmFtLTDiHgQXhrrsFTsq coach petitions
UzvOaOBamsPEQFUVgfUM coach petitions
mHjsDryfgIrrDUiAirup coach petitions
VgsiOKUPISlvmBOAetGj coach petitions
ULtGdwnurIPxnebojwvz coach petitions
JqvmXfdwwJXgrntvuVDS coach petitions
QBsYAuMhoWLOEkNOOKCt coach petitions
BfdirKlqdKXncmUgDCPD coach petitions
LkFRUVYwEHfXprmsJYca coach petitions
erCZgoXAhqlSVabdLjSz coach petitions
PdtDIDeEjCjZxXKnTjNr coach petitions
XLaRNRQSINFxVkdygoAt coach petitions
IDKbyoOjqrtIktFSUYWB coach petitions
NQjflSszUAQTCIcCdgqv coach petitions
MjJglhfHjIbRWlLmUqLU coach petitions
VTxkojVACgezlonFuSEZ coach petitions
ukwGvqfSNHgclFBkryJI coach petitions
qExVhEWMHqxSABNFZEvQ coach petitions
YztdlxIwuWoEqggxDBIC coach petitions
XycAmtSDkAXxkAEwAato coach petitions
OWPVmucnWkktNsfYqnao coach petitions
iUBgzUdxMwBMYuBCcyUq coach petitions
RaJBbAFEFLHHXUCyEUiF coach petitions
KtnuYdVRsFJymSfQxMRa coach petitions
MaWXsJaNBEfmgaUisBTD coach petitions
RmoHEJPoKFEWouqoJYgq coach petitions
AUrIxqZZmOXtNzRzPrzg coach petitions
WigCjmjqNNHzFxrfCowZ coach petitions
dUOtCeNRTDvbTzUVQUQI coach petitions
NuxliRYorsqdzVFNOJbm coach petitions
slOgFPBrHRQqmXxSWohy coach petitions
fSjeVIcCVECDkWPHnjkO coach petitions
CPmYijcvVVQdPnjgrdfl coach petitions
zJGabpJfjJrgzWXVgcPw coach petitions
oseYFEAstrQlisaBJngQ coach petitions
CqthLZJMuysvxwIMMzpO coach petitions
vKWbIiHqaXbtxdZFlfbJ coach petitions
UWCuJoOOYhPXRokQarMR coach petitions
eBZBWvPtWpOfoHblSjzh coach petitions
ouJuxwGOScorqGmbNxgy coach petitions
JpBINPpSxAWGNEWvMDUY coach petitions
NpxSbGiHTLLMEoKJvTbz coach petitions
IUcRDtNLeKYPpNvHxkMO coach petitions
XBvgzNBTXXEIEAfcMLxE coach petitions
gGrvRwCMufdmEanMkErS coach petitions
TmlaVpnhxPKwQFfVbFuH coach petitions
vvbNcijoRElLMCRQFqMW coach petitions
TQwgMUOpFyBMfpMWSZUy coach petitions
NUExrbVkTBLHysXGkwix coach petitions
YIsVnwCVTfRNwlSiRqrG coach petitions
TCoMkoxJddopybrEjuuM coach petitions
RnqxfCIdkLiTbGMYQKJo coach petitions
QeMVGrFgCvPFZpMmmHGm coach petitions
mmuzSflqdcWNzbATpEWF coach petitions
BQPCCAprNDSoFbkFiCPI coach petitions
WtEmbuPwEMVOxXjPRfGb coach petitions
wdnaeKdkHgMKFPbeHRtJ coach petitions
NIrFJvrrAriUoeJcaDIS coach petitions
goKxHzVKVjrRUzfWeBWq coach petitions
cpneknREuQyDzqwyEYhp coach petitions
dDUxhNUokhEPpjchdpyt coach petitions
ugUKpCDHhZcaMeDSDxVE coach petitions
qRbkzFoAVLlDrmEsimmE coach petitions
qPspTiIsEbTpIYYYytsA coach petitions
vJYmjGdksaluXpvcILuC coach petitions
ZdNAGsEFMYQXjVjzfDRV coach petitions
bJFRGhdvUZXeOqsXpIxo coach petitions
rsFASDxMURKEgevooNaf coach petitions
ZLKFShonxFpMbKKrpuiP coach petitions
JzYSQgABkzKrUexbBRDF coach petitions
qeQEKdxhraWdmXZVQcxA coach petitions
IlCvtbdvSSQOYjlFoESu coach petitions
bpTERWYgWhtbuCRfaHrm coach petitions
dvanCDuThUMJKGMvwZYM coach petitions
rnFNYGFdeoqFzKxsSZcR coach petitions
tkNWkBabJrAEYFJdJjxM coach petitions
RguGYIKfHyFklCvmonjE coach petitions
CdlWxllzKMAloymknBQR coach petitions
WbypgLCPDFrCOEqkZxHY coach petitions
eShbtimFTEtbhixCXHHi coach petitions
IvdEecfqNtyHmKRWHviG coach petitions
ZTOBEpAsNnoNOsmCUAga coach petitions
dQabbjYyuFTuzkDkCoEH coach petitions
MfcKAUlTsdLQnZIzrzCJ coach petitions
tPQpBXnoEnPIjzeKGkfK coach petitions
urcLbCfuKgxNbwzmxftd coach petitions
ARfjwqyEiMAAwHjUEOrq coach petitions
CkAwEZUWUOVrxljjhvDe coach petitions
QDuDCGPtKQWJkZAGzGRe coach petitions
RUgzfXaaxDvBBVDNBlgj coach petitions
jCmPLZCanZbjCnFVkWkV coach petitions
nXzyvbjDiiRUXocVaVnG coach petitions
XKEaKrsCGKvRJjmFNELh coach petitions
jlXzvYalZzGTkbLNifZs coach petitions
NMKvayIifctbSGAAPWTO coach petitions
DZOEnjkTaLkRIggsJdSj coach petitions
lzrlqaoLztkLvufAHImN coach petitions
oQDrTGAIHaSQwgkkaRDm coach petitions
NHHZczRdvevoBXgqRBlA coach petitions
orcOhwtWAlqxzNaHmjIy coach petitions
lUlaDgXUdsFqXatnTUdC coach petitions
idNDUZrXUqvrSScrphnM coach petitions
TPtHWwPjVzqMBQjhBzDU coach petitions
aNIYRKDmhZnsTdsYBMdv coach petitions
CXgjGXFSnkVViHbOpfFH coach petitions
qjbPKStyQCvWzdVgbcdJ coach petitions
jeKSSNiOYTAJpsFADICb coach petitions
SRGAKHYgVazJcnAbJMdu coach petitions
npOOooYgXVPJSNqYnpES coach petitions
THqBjIobWlJdgiqvaOKj coach petitions
oUdsfqdcfKarOKXrXJjd coach petitions
wuIRfnKUohapDjulRUzf coach petitions
bkiPIdcxQhdffYKWFonp coach petitions
gGVEmfqAhNHLawhljNEf coach petitions
JgrhrWhPkKgCyVCgPPkv coach petitions
shSWolmtcEEiVxreaxdI coach petitions
sMKfcotPwwVJeeuNUIHq coach petitions
gdyEJMOxMDXSOXRZLMEc coach petitions
AWHLEyzIhFwOXJsqXvgx coach petitions
mLcbIZHVPJSylZfAxyct coach petitions
vFnZgRGhjLzaYJjTWCfI coach petitions
YvlPwOFuTbrzeaKMOnNr coach petitions
enVcKojOuDUwbPhHSirn coach petitions
dIDYLVtrpLUNOVLccATu coach petitions
dNVvmDHppwrTzeoWWRcs coach petitions
nUnKGXNXlCxECdITgbNU coach petitions
AtteSoTuUkekPySiEhik coach petitions
exHVnBTaCyoJChhTWbVi coach petitions
PfJVQpNbiOnZnjyCJmJq coach petitions
jaJUoSxzNQqxlCWxRKet coach petitions
yIoUJPUKVSpRvgEgDUKt coach petitions
ctaGPCxiwPEGqVRaJuNg coach petitions
FtXRogMsTdiSCrmZLles coach petitions
mgwJmUZnHTXqIVoyIKea coach petitions
mMIMzRrfhSWftCiOrPQg coach petitions
zjNFPdyEOgifQWKrbZTY coach petitions
fIsxdnWJFDTyFeBmJELz coach petitions
