JvzXDSqMzFLpoDjoMNjc ineligible
ryNnOzqEZulPkIDRdmHY ineligible
pDMxggRmkccKHjYyXKdw ineligible
WrDsvGluLUWWJYUGCjGB ineligible
YZiXvooEWcMDWIbwJyud ineligible
KCpSBkzLmGVyDPAnvoDu ineligible
WQDpdSuyXNFxvwQRvwSU ineligible
GFGwRufaIwCJYjysVVgE ineligible
KxsCINKimxeeRcECNDbm ineligible
PuzPCwSNUZbEEuNpyKKp ineligible
OsTizHkkMmQqCQklkwuG ineligible
vvQsxJaFLtpZboWRXmOt ineligible
yjfyWgzoZfxXykIjvLFZ ineligible
pUPyVhVTtYzazDLZeTaG ineligible
JGclCWzCTmJAYuKHLIEC ineligible
FUnELQosWIOyZKjzppcQ ineligible
iFOBssihfTbqmpinVIOa ineligible
sOLlltyozFzmmgaxTquo ineligible
xGDgSzhIIRHdAeoPjeBa ineligible
wbCTbcysjTvXAUBJMXjI ineligible
nziyxTBEDnpYddQvRhqT ineligible
WXWcvnAIatUUzTxNEBSF ineligible
cLWmUwKOovnpjCPvkSiA ineligible
XnCHwYfdlAXtmXDfUeYo ineligible
rzNlahDpTHQGUVwygkDx ineligible
rPGizRWlMsyXaQZPWFRI ineligible
bGFsJnSWPKGzsuiWkrED ineligible
DmqaEpPjwocXHlJtWzyx ineligible
LdjyFMHtEOkRfXMLzjha ineligible
GZyfASZkMRBxCKPPozft ineligible
HthUTnqIoDCEYplgDzId ineligible
dtbKeFqOKVVGnFvpiUOo ineligible
FrJGrMNFKBhTyuORkRwo ineligible
sAmkyGkcpmeUZxvWXDQx ineligible
IttvPGaBkAwAHMGYazyK ineligible
XVJGWMdnISJGMRJCSECi ineligible
RSFAMqWzdfLSvwABlIQu ineligible
UPBpyJMSFpAEcwxKJEzi ineligible
fzFBDwebwrmnWxkDCzlx ineligible
eNTETKLkKXiPUAAsLvKP ineligible
XYyKQrEIEgCvxEXMmkRP ineligible
jCZiizeLHwMbmWVmIpdy ineligible
pvbioeVMBauBlECpbrml ineligible
VxezBClOAQsIBMyzxpNy ineligible
BzJHEhvrQRhKEGCTPebP ineligible
UkfIrRiAvgOCzrmSyGoq ineligible
hbUSBYKqyFOALCVMhYvg ineligible
vsKoKdUOFabckwEZsyHd ineligible
cjMONtKNZpgZCscOpUgt ineligible
PGMiQepTMJlxkNiwTBwj ineligible
TzkSnPjdwCAfAwtQECcR ineligible
tdDyTASOXsIcLkXUZGdu ineligible
hmThnzbpCQoXsuFfuxgL ineligible
ybKBJQXjoMqWMcIaUcdH ineligible
FXJVsmeJpCRTAPfOaoMh ineligible
CTCPyGgHAiCoEkZwKnZC ineligible
BQILmRNcWOvnNqcUyQKW ineligible
OonnsebuztMCDSCtpIAf ineligible
DkrPUOKrrXSUsodVGvMh ineligible
oUvoNIguCYEnSMqQlSMK ineligible
cDShwzfvTltTkODhTFPp ineligible
NZdkknbBoPbVGtIEGtxY ineligible
MWmiDxawwYkOAUNRSoWw ineligible
vTggpRWWOYFnnJxGwmji ineligible
hRwvBXeoMYGqvTbZKllO ineligible
bFGuhviSHkpmXPystDyy ineligible
GXuCeTIEzRktrQqyKOcK ineligible
PGmnoPSZFMGTfFdGBLVD ineligible
tLXPXCUllYPcBziZYWBk ineligible
EVhKCXlLBcvoxnvVuVJC ineligible
wyPigtSpmIlxXuScnjfs ineligible
WrjwiCXZcJZqGRuctllb ineligible
SSqYtRFMBTepYWWTiPvy ineligible
tXQOAkhXdwNTnSgONqHN ineligible
SOmSuvgNmoTuWKihobZn ineligible
TGDVSWYyQRYKbEPfQiRG ineligible
jLPHXTyuUyCoyjecJPpi ineligible
KAQhVwtoWETfVawzFUia ineligible
zSqkCDcItFoABGBzWbmH ineligible
rRLwkCXxsMjLFZrUTPeU ineligible
ZZSESynEpxceDrOUAQDJ ineligible
pHOWgTmFwZhmHtINFMAx ineligible
zZzawNQodnEjYppAxkYr ineligible
GbbunMTLYLfIgRhFWjYb ineligible
FaTlHdHnVyhEaeVUyfaq ineligible
plnLglLoRZiEuJUFraEn ineligible
eFAKmlPjhvaollFebHNh ineligible
ZTwVGPctBSaXmVTXdYAD ineligible
dSpqxlAUhIrjFcmJwskP ineligible
TzyjkOjQVOaICZFMEfZP ineligible
sGNkTDLwQFVFHtZSoqZh ineligible
eiLgKIaucmIxdUgotcbn ineligible
tRnMzwBzCLfLtVeZEeOS ineligible
YkcHuhmPNSRnYuASJMCq ineligible
kZIYyFKFvJuEcDzikxYN ineligible
qQneZwOTLsIXSLrlOBKI ineligible
QpKMfgvaLLVgLlVvjtjo ineligible
GmAbooKxJPblXHXCzbcc ineligible
DdhBCMTRWItnnWYvkeOD ineligible
XRGgdVxiOlNrBhrBrnIL ineligible
kDieHRUyhzxOSydSACTY ineligible
UINLFlysMKMjVNxyQqto ineligible
wmikjWKXsdkACwLUIRbU ineligible
btisDHleZjajYKRExhHk ineligible
zYryKjwXVwbLNxFqoRwU ineligible
amNBTHzBfXMLrUqyEAwF ineligible
hUsLuEWyLXuCXbKmvKBG ineligible
dAGSvLWpzBhVowqiPedR ineligible
MXlsratbQjSUTbOtXzrl ineligible
HfPnOpfSAwkDmpAwdNud ineligible
XtyPuzqqFgknKtrzQENm ineligible
DDrVfFtLZcNvNEPffxTC ineligible
uzRfpMxJMzGidFfXGmAB ineligible
hlzyRsrTAaZhobewAxIM ineligible
kIryAdNTmRLpZCjHdQFZ ineligible
mMfqbMWZXNpuWNczMojF ineligible
dBQWsOYhLbgjrjwjilZo ineligible
AFdEszWwgqXgUTLQYhqS ineligible
UfAMOLFnTTMLwnqYszmU ineligible
DmCQSMWwSMnvAfsVxifr ineligible
IMidUmrColBKkmrPWTJI ineligible
QDSeQefnPDqbXsolONXy ineligible
BTMNcsmvADfBPRkXrMpq ineligible
QBlmFiQTxUfBujFvzKXb ineligible
sdMOeKTejNZRLLpEvpHi ineligible
VUTKKYJmselFYrftFpQT ineligible
YLTjbWXONEDBAyehVnra ineligible
zlTjnszpgFVuujsXrdRv ineligible
IsorerLJvvDEMbvTUCkM ineligible
KJohPeTVGitIMyZlpDdv ineligible
pCMaAFOeWnwHpmzBTlrt ineligible
gwOCqiCaVyUYAmUxagkh ineligible
OTNWXSzNnewwGelkCWfE ineligible
cizAkyYlFbAPhtxLDTYi ineligible
NmCkMPCiOrySnBAyOYmw ineligible
mYudJWnSxrjxfVfBHNsy ineligible
hjqqOgsCzwhJveVqLwAR ineligible
OOoiYhEkUtUjzUjbKPZn ineligible
NTdhTWMLmsamPCuAmqGd ineligible
HVJjKDRQmxJVkmEPWFsm ineligible
NhFrOUBOppMZosqlvZaw ineligible
EvzsporBAiSakbBFtHbT ineligible
rleJoGQwZcBkVRwDjvIE ineligible
wWfaiOZNnToplGknTdvA ineligible
seUyMMMCURajhsVKBRQR ineligible
FSwXCznmOMGULfmsKvuC ineligible
KyoTaRijbDAfMvHfasRa ineligible
OFSFiRKJeDudrSvszbDW ineligible
teRsrjYOOpGfvodyTmQh ineligible
IEcRNlCicDuEmaCeNdvg ineligible
fYQLWhEarqEqCCxpiuIS ineligible
vVzXhfUJSKTzvldgjTxN ineligible
FInjcTCAgaYBbyhQMbeU ineligible
aWXYrUojNjBrPCiwWTxp ineligible
AwJXPnvpPQgxsJgpQUlq ineligible
oCTDeyFphGJMLMzetTgC ineligible
nkmnovnCqpWKbFQeDnnA ineligible
WKwcaiWrjGBAigKRaHqC ineligible
oWbriUjXyVGIFBbhsWFV ineligible
sRhUayYNHUHSYsKiYGet ineligible
LJejsaEszFwXTVhuKTTm ineligible
BHOkoPJeHLHRqAsJWllI ineligible
XVoPWQEJyxsphlQeSdBS ineligible
sVKMDoMKFSoQSvTqfJsy ineligible
nYqfizOhXbZfdhGXjwYK ineligible
QjwGoOUNCDzOSAllZZVN ineligible
cPpXgIIGMCPDbjQoUjHy ineligible
RQFCcMZmVorXjcozKdNx ineligible
PzeiFKauzjqIhtYsHcRg ineligible
MlQZGqIclbCKalfeIEjC ineligible
QnMZByDlcegznUYQEjUM ineligible
AxLPWldfiucBSqztBPqc ineligible
YuFQXykfnuTGJkufmRXw ineligible
zrOkqrVhKltfaKJZdnvS ineligible
sbLmezDsKUQxYtkVxueJ ineligible
QILuRSTZGnsCFUBanJMN ineligible
pNjImInTKMwQGAbQRzoU ineligible
cLbfLPHdxAaQVRUaXmAN ineligible
dwsQwnjKWrUNUHFfwMYA ineligible
iIgxQvkcnpjxSdSNHTae ineligible
LlKFKyfyAjhcctRXlwGV ineligible
cXGXXBNvaBILJNtDKdHf ineligible
vCyWpORARXomSDkFOYaM ineligible
DLOrjDqHcNoRXBrjvkaL ineligible
okDnqRYxxSEwjJVqTypA ineligible
KXmncSwceKcDKUlHnLbc ineligible
cmnWbKxXoQhiwjosaMoU ineligible
MSrlgquKdLJjCAEnnrYm ineligible
wiBiJdEcSfKLLsiDauBK ineligible
JlufsEvkRNieTLELhCRw ineligible
FyvqoUwsPnTigUkGVSSS ineligible
AMoeMWcRtLWiRxjHLBXV ineligible
QVawBCradZXXPdUQjukl ineligible
mgGzDTvKjhwRfozcIaCG ineligible
yXAQXDWxIrSgAoLzWYSC ineligible
OdHHlwBqMVgpnZqDUdaA ineligible
qJBARmnDzNYtuJrROcus ineligible
VLzXDwrESyLcbKOiWfUr ineligible
lPlRmHeHMFySiSNKDcLj ineligible
uemMbGhbFcbdjoVWNvHo ineligible
GqfstajNetudjojbdMrx ineligible
EmIaBIzASqfULwGCwBMk ineligible
MIBRcQQRLNUHJcJSGqfl ineligible
OvlFQybmiIyNJeqsYDUM ineligible
fGekXsZgBeDhoAHyKrBE ineligible
XMejTPvXYdhzEmrzuWlW ineligible
tgICupjCqVbxSkjBMRqu ineligible
PKVmzZzgBsKCBJVBCiju ineligible
uHAHZxoLZYOmETyutaWQ ineligible
sPQovkkGbcURINeHJSMl ineligible
JXcWLYEvjcBjaEYEbwuY ineligible
rZIIUOUIylpVSKfVUBKg ineligible
rVasKNuQocNGTtZsljpF ineligible
ZtWhLqSHddLtPkoYfjsC ineligible
nWjxLUEUopvTyUzQncaG ineligible
VPHdUXdFxfaGaNbknRSn ineligible
SfJhJZGVnZbThLIeaUWG ineligible
yAUMtsXKYRZgWdQtchPk ineligible
kBJTGplMsJeZPJWDzixm ineligible
SbxypZWxTQljBBqIaxRP ineligible
fKefksckTlmpyIrEgblT ineligible
XujBJSRAbQvtuFHxcmfk ineligible
CaPAquOSolTjawNtyPgZ ineligible
MPIQuSfSCtAYuPeEBhab ineligible
FetZplVZehrYQjWXUaIB ineligible
MJzBvZCnnXcwZHTvMesZ ineligible
UJVkLcQwNbteSIsoPneS ineligible
rJYyoSZbFjHpZfpfcLMr ineligible
mzaVhVENOIkcYOfvflPv ineligible
FXetHjuXMZyPgKDqTwPz ineligible
jcyabKEqYgkscfRzCieK ineligible
qGTwikSJYQPKcpGhqDWB ineligible
OrvnfIdHQhTkjKvoSrcv ineligible
unuwcglkiCnirGhFwXsZ ineligible
QzrFdBJsTVYCAGLvNegK ineligible
QNNcPIFvBCTEuImkxlsw ineligible
tztCQPBzsQoeyXKlxYOK ineligible
MvGsaKJKbtfCNyYzkXxC ineligible
zHZnYwrLrTGvEsRbxqCr ineligible
NxWvADQeRxFEAsZFEucm ineligible
lzuifHfgmteaEazxbnXc ineligible
TlYyuIvYbvIHNXjUeKQT ineligible
cYFscMRTsrQuQhzxemhZ ineligible
SvMeytdAwsZNPpkILmqX ineligible
JGlfSRkQOQXZSadsrMLX ineligible
pJcrEDAacEVEKkAWHCRk ineligible
FRimxFLgdmOzWIPKMOqW ineligible
dJrzQUlILJMjqWShZozl ineligible
MWqLlbqKySZYCbfGxpdc ineligible
DHczUiePOwzLALNEbLLj ineligible
uLBOPPGkVgvxaKNAFaSn ineligible
CufXIapqOZAyztxXbeGx ineligible
mRHyXcfptfbwORAlnTys ineligible
AGWvzjNbGtShoZXscUQc ineligible
hHAeiBVrXusxaBSxZTxt ineligible
rwrSaNFtyCmEWJmLqZoO ineligible
EKGKSGLRDpGsSBNEdRQb ineligible
URtmFHcasnNVQhVRwnhL ineligible
uhBqUcpJXhrVPvtnEKRt ineligible
ybcBgIHhXQTrcpTTpkrb ineligible
pXNpotKhkLauZsXtAfIn ineligible
GUeRCKnmFKmkwVbRogJt ineligible
TJCYGDSrNFDxrMAXIkFV ineligible
ctxfieNLodWhTQClnzIU ineligible
ThCQZaUalSpcGTNrNKCc ineligible
ErJqOhVTfvtDAnFoNQaB ineligible
IzhIjZCDNDebPOVnnyrv ineligible
uPkigaOgkcxGkXMaFGXq ineligible
NEWubquuNgKRvblAIpsz ineligible
vgdTAQYhVMWuHStSHTGQ ineligible
qCYbGfanUwzPABKFPaAz ineligible
ShXCKMJEDdXHMinIqboG ineligible
dqmuWbpJMezkUNUgHWUF ineligible
bAQihzmeOgtcWECjBoCh ineligible
rybtYXKTrwAqdRktNhgo ineligible
gjQrdLMKEyRbGDEgHiIH ineligible
CLlgeWWFOrVSsAVZNoWk ineligible
GlhtOrMEKhQBEzJOgxkV ineligible
HGfOtXwRcXLDElFYTXuk ineligible
vCIZMYkeyzqrqPFfRHcQ ineligible
jcxugeCjhHqQUodKkFuW ineligible
IUuPgzXmQjEjWRZuuQIA ineligible
rwVsaGJhpLbhIbDFsaoX ineligible
psVPrVKxNFXxVhCBLief ineligible
qXlpPSvRixDpkBtqfTmz ineligible
jHHjUojxfhdcmUnwIPKK ineligible
YzPvhQafmGIARyVDQjfI ineligible
gGHcvMjsOZhNueDJHsXG ineligible
XcIfJuzGLmeaQxCWxDUM ineligible
UBWAFpaPSLKuDczVAOAn ineligible
UHyqMdzMZsjhKuHUiPMu ineligible
PSMBdBILcWrebpUGayMK ineligible
ynxhDbNTwWNRxAObkswP ineligible
BtPRsPfOwTpdreiMjNEh ineligible
SmNPybbMPFsoDhjSfTfr ineligible
nruZnGsHSkVlUGgnGvIo ineligible
LTYjpiUhEYSwRfVmzlaP ineligible
ZGiMxvNcsRHezZqhMAOL ineligible
eYwbrxrJuzCrlNEmfHlv ineligible
kFYeNRCdWjIofoWTXHJG ineligible
cAvpyLdrbCzNDEdgDhpz ineligible
wCRxEtdklUsaxLxLwfNI ineligible
veWltiVEvdbYeCnYvRlh ineligible
JBxponBljSKIfHmaxJJd ineligible
JOgWneyVkafkndCsmyMZ ineligible
KLFJVrroXNWbwwCAWvAv ineligible
VspbcFoubnQcuTviwiBt ineligible
hFzvrboeHtRkAlNfDANo ineligible
AIDzlAdnOWnvswKkXhJm ineligible
LBkeTSymchjkiqfZMPiq ineligible
MecGYEmnPOSDBJxgQEat ineligible
cFWMDvOcvbpomWarFlVV ineligible
LKAaGBnpCFTKQOpafDOS ineligible
PShaMhqDZbCQwcHMLuyw ineligible
KqYPQnAyFBfnUZVyVVWm ineligible
kDCCkwGrIzrrjYttrKFW ineligible
enVANJYQxCqUCooPTSYM ineligible
dXqddNPjHACzsIbGsNgG ineligible
xAbzVuDuRfgrsEhJhaEi ineligible
gsNzdWUTymLeYlwxDTyf ineligible
EPwExnphXUTqUSZNEROT ineligible
CwmMwWdIgqFFECbDPhNL ineligible
WgxxVUXjIAXAUeDudISZ ineligible
MuIiLnVIwYGnRxsJnAdH ineligible
BpKLkUPoghWkWJDbxAZa ineligible
oUVvneQNxzdTAbtPvZsD ineligible
SrTCgwCPpOMTbyRrCTHS ineligible
XJRBBIDVbIiuSnRYUGIf ineligible
wpTKdwvodDAfRwgnBBGe ineligible
mdsdAhbqmiOXOXotFUOl ineligible
EYPKnoiTwALsqpjYGLOR ineligible
lphxRpjSKUlhuNoNoZBW ineligible
lytTLaOcUCqWvVQRuxzh ineligible
WmIlVEUFjVPUHRfnOsTM ineligible
ewXUhsVZePwJQuInxcBK ineligible
zqoIrPyAZjXuLGKyyslo ineligible
cWgdsdAEvMTShIXydMQN ineligible
rDwrTKZBYUCsjhKPLZwb ineligible
JNTrCWulPDoHMyQEBYnz ineligible
bsiGKeXOiWlxmleXmlIZ ineligible
OOpRklaNANTmLAclICEi ineligible
nRJjboGcWlIOybbmugdC ineligible
iZAVkmPrCdLDoktgryVq ineligible
usIRaQSaPsUVZzIyfIIP ineligible
HuQrjWAUuugqpcbetJaP ineligible
PwZLKDLYXaxZyRUeJcrs ineligible
SPAvOFHTZjhetlkSnaFa ineligible
KcyJhmtrtGhJlEuBuzNf ineligible
PHXdFjKSXKYtAGLVdJXj ineligible
qdwSNeIIcYOzvivEyYeg ineligible
rMIgSUGPTJvFQobLsXfq ineligible
dQnDPnQPwQunFiKnZFBI ineligible
cvwckQaOULOesQhHPyAz ineligible
ByKRGyiDIJOLzRflEjpu ineligible
TrQWqVwxOEOBTMjrWCht ineligible
sfJqakywJLHHnzOiHFkb ineligible
XTAnmVeDecFushMbnpcz ineligible
haIPDqPRMPYjfAsvJrIe ineligible
edRSrZgsyDSTctaglMic ineligible
uLDyWSGoAdvkUjgODCGp ineligible
BWwZDgazjhGjvsAbpSxf ineligible
dTvYCrqHTpehZkKdYhzj ineligible
zrrEYKOCZfWPiYqmcjKI ineligible
eMkXlYDrceOZgUccmXxB ineligible
FdmBsAHIIdPRgOkQGcwz ineligible
KaGINvnmfpHZdWzwsPzR ineligible
CoFCdCCtZHwcxqixqBMC ineligible
JunzaMgQdHRYuZIzFcJg ineligible
zwXwwACREuKmCwbJMTKj ineligible
BMjfnRJGWlAiGmYyiLJV ineligible
ZuhqogsnDNsHNJXHWBIO ineligible
ehCBskSeRwDKiOIqLogW ineligible
ocYVKMCqRVBPwtHbobZs ineligible
rrqLydrBbxaSTlsChbDz ineligible
lAqrgbhdxiXoefRQbgaJ ineligible
BKETUFaVeFWOlbqzmjOx ineligible
wOTwEMWDqXqJEImAKDyg ineligible
vMKjDVsVPDsjDoegQhfK ineligible
vUaJyJdLUQUgOShjUmOC ineligible
PxtWsgEaKqIGsGrZKoAF ineligible
YOpsSdcqTtKoLKBFvwhK ineligible
HnhkPmRqPKARnxOoXGpT ineligible
tMHOygUoWfhtaElBpHfB ineligible
rwCQEtNVyquNTgcGhQFL ineligible
dvEKqxxitqRSQHZOTMEZ ineligible
oZJSdlWlIrCmFCJIlwlW ineligible
dUuCCjMVkTPdeKBUcDiy ineligible
ObfZhutQpSRtxvsDLReo ineligible
paYbMqbmXdzWQybloasH ineligible
sfERoVvgISxAadPcWVFC ineligible
LtHimKtsSJxetocsVBiT ineligible
AOfdOebmVoezUHmewqSE ineligible
ivBFasrqiNWTJgWmLoHY ineligible
WzMQzAgklgQgWrtVIPBV ineligible
tdQUbEMxEvbUbaNffTYH ineligible
xxYUxfjrWpkGtTticxWd ineligible
sNmzligGnpryVbEWrJpB ineligible
aElIQoRePTqlosbsRtaD ineligible
SDNixtgPbqRaOVepbIyJ ineligible
tFEulXlXXhBePTMBdMkf ineligible
XeSJbBplzytAoFMuYNSy ineligible
ROoCJmRLYrJdLkjKuDYR ineligible
XFZpiejGgoOnmraLUiNI ineligible
gwRmWZpjiMNjxLqjYnVQ ineligible
WSizkoRqGfNHSrxsXbFP ineligible
JmNfQuizDDxIKnapCMLL ineligible
vlIkDzgBSaHHbjKckYBa ineligible
OFGiLIGPdbZFCurYuznp ineligible
qRCRYGkwZcLNOLeljgdk ineligible
bNPEbGRYFPAYIIBxaQyY ineligible
NZegjbrfVrjwQPCXMYrc ineligible
OeytkTGXFmrSbtLatnyA ineligible
EBGPRexDYTBijtXFlvJG ineligible
YZJRxAIOZgQZuOoPYHts ineligible
njgBOEvgmMHZlevmVzjD ineligible
zqNBjpOYvWAPObCYYimm ineligible
inJpRYUDVJxkpCNXCHiT ineligible
wMjefxExSjCUOrEcOjsX ineligible
yiqByLZmkwxahQomGkgC ineligible
BMIWfIgHMNyvUEdZbJGL ineligible
XvJzJaEWOalCODHwsqPB ineligible
urUftwkHYxOjseaEpAxb ineligible
iHmqsMcAXLugNPctBhsY ineligible
SIoYetCblWBXZFrohkrX ineligible
lxRcBEfNzxxSPHQWzuet ineligible
TpPOoCXDaKRANpHpzzkb ineligible
kQkcQPlXPPPcNxfTKnnr ineligible
hufhoZUNgWoOqlgOrqha ineligible
NdcUynITunAdTnOnbXDN ineligible
XxAXJVADdTTCyPndroZG ineligible
wGPMsVsEReSAGeMTkmQV ineligible
UrMTbeWsxFiIBKQalTDm ineligible
conPMqFsDPJysnlWOTcO ineligible
ugXqJhwgsHYkDyyMtDfv ineligible
ZznUBKtVGqlSkrDoposy ineligible
bobvtiLLhsFBgIVUKIRb ineligible
KkSoBMpkoSAzmbyXkdBF ineligible
isQnoPGDgxNSgHHfATJF ineligible
egEHBGcmYJMPARnUCpaa ineligible
mWNCbYcnmaZIBfdEEMQp ineligible
LtUaSCaOOEmrEWXjpwSp ineligible
ccDfPdjBNbtwCcRUGTvW ineligible
VdSkQvxqSEyFFdTYfkDB ineligible
slWfHCltrysbxRqerCey ineligible
twijqHkatZjKWcoyXGGU ineligible
cLgSnhYyJRJLuFjzXCjZ ineligible
GrARyBeuHZfTyOisZZSY ineligible
KDxIXhjGBrtzAuqPqkjQ ineligible
IBiWfdcHNAqQHcVvytbu ineligible
aYiwhWwifKtFcpGxnGaC ineligible
OvlJCoALhvWhAGBEqxtL ineligible
oLIRhYxtYMoiIleHLdAB ineligible
PhKhAVBYykyKBEkPhedE ineligible
qrvLyEfYARWzuZSrzXTr ineligible
tpOKtiWKigiyfWFcDrVA ineligible
MTHsDdEuqvJrptUDkrGC ineligible
dWVfmSMHfpFJFKNRAbWT ineligible
HksZQswfgzUYRBgyUwSM ineligible
odoTTpLGbUQzccAabVyh ineligible
PNDEfscUNicNahQFDdft ineligible
daipLokCKFLoVXPzVBXz ineligible
yhnzOPTFRNHYSnWtghrr ineligible
tKjeVKoTRDFPQijwHCuS ineligible
MhuCHIzPYhnRRpysFPtQ ineligible
kVAuxCpNyefmismPaHxg ineligible
dqOiuHfAlWlxckXhvkSK ineligible
xRZsJbHDBPIGRjnQOjKm ineligible
hydejXRvBQBfxJVZykoU ineligible
KkjWspttgoQsDwsrIPhp ineligible
DmhhEMzjghurvxthbyDH ineligible
MqSaFHOjvdgoBJObcUgQ ineligible
UHhukSNTtMlvAieKEQHX ineligible
wcdULtmaxumLtEycOgaP ineligible
bhPpWCXhOwaVGQHLyBJE ineligible
ZsnTLMBcqgHmZCkGxdPC ineligible
fozMXvHSkPZTPTflsdye ineligible
pdwBbSCOQtclXkjzkJor ineligible
YjNQjCkmTSJGhKNFBkQy ineligible
kwOBdifyyDsCpQHALvXv ineligible
zMjSVWnNVhWPnqytHjLi ineligible
VYaWpkCSdBectoDNDFua ineligible
KJdnFNPpYcqBXSkTQhbT ineligible
HNPYqvkcvROTcULVRdPL ineligible
FQeVqCcWmsLasMyDIEBx ineligible
vXvuOEcbFkeyJTLVDhdM ineligible
CBGxRxKLDugvhLoIHsWR ineligible
FBFMUDTgQvalVDYGdFvD ineligible
zbECAbFOHklMHAPcARxv ineligible
OufsZddAzIjNDqNnypHM ineligible
WPTQukKXAawiVZwtTGiJ ineligible
mWUocOsVMDRNiKYSEJlX ineligible
vOxkHqUeyulKqMZMeowL ineligible
wDBQKuEumNfLozBqvTvY ineligible
TbPcJxVjrSZHnCQGdqoA ineligible
QRVLyFMxhVcGUtjddAHX ineligible
vzMZLQoDLUReYeKvqzUv ineligible
GlkDQJzvVaSDZMpDuRMZ ineligible
OnKpwyAhQibrxHiSNUSB ineligible
nqcTIhZRFBohZKRaNGkv ineligible
dFWJmvgkVKFapwMHmpIm ineligible
XDyHnUUwvGBTNVaSJzMP ineligible
ogAjJUxRQQBxDmuAGaNg ineligible
RopHoJwafYZKUvHwYcPF ineligible
SjuYUwLynvFAoMNgBROo ineligible
NBQZsSVQLzLCYZAsuJlu ineligible
EPRfULTsKkmPxrTDELOk ineligible
qHARHzwyXBBrwRCpvFdo ineligible
DeRTEKHEZCWFpBhOaCZz ineligible
OYIYqwpBVRrdyZhSLRcp ineligible
DuvyYcLaKhZzZywwUBfe ineligible
GwlucMlgYRNPdeCFLJGI ineligible
NtDorvrsfnttBWPlQsTc ineligible
MzshNGDmgunNmwVeuYdQ ineligible
MPqmwITIBEwaldQdltJl ineligible
DTFyVgfsWKqCXMGpUhGh ineligible
YPAOJGIFWLnfTAkiuMqF ineligible
hJhsUGhfiqeqpnKrRtMy ineligible
NIPsZpcxJaascjHngcsT ineligible
fKtJWxgqImlcKdBioIlj ineligible
dptrVeeZgPqdlHMmVWWD ineligible
rnEhNdCkdVXLyNvSRFJQ ineligible
AEwFivtSmVlRAZzRyJwM ineligible
CcPLqGQSRPdgyLWcgmMW ineligible
eBnsRJqFASTcNbALVhLe ineligible
yjnQztVrjzZihDQhMgEr ineligible
FuTjRukaVtmYlENIEEmP ineligible
jgJxQmGtOtUYKyFyViBl ineligible
cmJQVPqIAoYbcExopAlx ineligible
gPjyWJjggcClvfmRaVjA ineligible
CJvJbTzdpQgbsrsAkIou ineligible
HRzRlKDuixoQntlmHSqz ineligible
HMYQcuDIezCrYiwyycuw ineligible
SKTWLGigICJSfQYhXZMF ineligible
RwvLZDetHJzysGZtegTg ineligible
IjFWcfFaIvWDiJqfoXAJ ineligible
eGjhVckfkSJOmVlAFhqW ineligible
AwpHRSqzrfyhtAHtUOrQ ineligible
nFTvGuArXLsGbEeWdfBD ineligible
aaCMKMZrRFTArqtiFqps ineligible
oRUyXnJDddlMtAPjCkPj ineligible
mbmdjlCUJOFJBzhjARji ineligible
KqzDIxzWYTJRyXQQNsoO ineligible
ndjslFCiJMkIguewBtaN ineligible
lZcAFuaDuvILETUbHanR ineligible
vkaYcRErwwlmLHChSSXU ineligible
yALNxdAbDirMyLKjRtxU ineligible
eRRNZIUlAruehJsoKVDq ineligible
TKjaVKzwSBVqpFHdRRUM ineligible
PUTTcmmNQrBbFiLpHIHd ineligible
pMZnvBXwWnCIqouFMmcQ ineligible
QHQrckMuPCHmIOCmSqwB ineligible
arhbIbEQRtpbkPCgcspK ineligible
IeGuFaIHwXhLobQjfKjt ineligible
buFlDLrDLyVSohcITJzm ineligible
UDPcdKEOUdHlNCfEUJdK ineligible
CHeAaesCxewoyQlaSKGh ineligible
pqpNCLeLGkoUOmpbUCRG ineligible
mTtMXIblKhezmDWlMaeB ineligible
AEOPSgbuXwOQLvMmeYFY ineligible
BDAYbtYFNvrCsblTfyyG ineligible
YTZgdajnVrToLVaCtOmb ineligible
ReCTTzJgwMwBfWSatamn ineligible
nAyovnxlYoSPYtpmRQQT ineligible
pdEfFosUKRCSxgwcvedX ineligible
eTjtxqpJPTmyqRCFRTHb ineligible
mwGZVyUDRSrGsLdejTuc ineligible
WtqtVHHUMnRffmehTbOH ineligible
CxxMjAsSUdRnzkYlihTN ineligible
MBGqXsoUsvRZnPAJRQay ineligible
qoBmatbDWQHMgqtYQLKM ineligible
OeyaFqMrkYnYpyqSwwMg ineligible
bwYJsYIgLmouFfKRIQEg ineligible
RweQIaKdNpEnUjyZQmRO ineligible
WOwtFYHgktNnoCFndDSV ineligible
DBvlrEMvYBhWujZDIvCW ineligible
WHVsGtsCQlnHDNJUqSkn ineligible
soyoGLEebUjOvNAGQAgy ineligible
fThkSHAXgqGWfWtqItoA ineligible
rvCCVyhmDPkMsUwSDavv ineligible
BzKQiRmFGFpeGTUpgDum ineligible
bgztrvLvADRYXhKeAuXf ineligible
NUCxkAoyDoyKbTPZubpm ineligible
NAYFikbhhmSxCNSHHXAf ineligible
YqVtBoyanfNVjbpmqBeg ineligible
ffBezBPwfSTFvIoUOdZT ineligible
WiohlnboSnUPqWlwsqLF ineligible
vxZlhuyHdDvXSWGZMWoJ ineligible
OxoHGmDBvVYPxHSRcvAW ineligible
XdvvsFoYIMWpeNKTlDJK ineligible
tewqARIirwJlUCQFktoB ineligible
nvLtrMDdGIePujYpjToI ineligible
EnMXnmbHhkapYAwpUbQd ineligible
qeMOWUnFDfOkPzmIWeSf ineligible
HGKAfQzZfsqpkMTnZlch ineligible
kpQMtdmdYtwRrXcNOVbK ineligible
bTrAzNwolhADfutPHeZU ineligible
FVcpNWjnVTQifzrvjrbM ineligible
HEFpBTeoMIRasYfunduB ineligible
rxXvOGqvlxhgqUmwnCnM ineligible
AMKpLLqSXoCcEsYnTOCf ineligible
vJnaZIlzoyzdhWTEflRI ineligible
bwnzASOFXCEDjzDwTLIA ineligible
GPBXLLwZrZTJlxAXGWjy ineligible
MZVOMeqmuHiKJVozdeVU ineligible
omNKIhmwXcokbQUccFpo ineligible
vPlMdBZPzxinKSZZwOdL ineligible
SDMaoiKVbNrKsXISAHQT ineligible
HIfjrnPmmJIpXrwwYtxZ ineligible
NlTFAuEYBIFVZVMUcljP ineligible
iMlcNFGonjUbCrjIQPML ineligible
VrqXRvwEBGcGIFSyBwsk ineligible
NrzuhOEgQmueeiswZmCj ineligible
UhTyQkKZgatFPbvnxZod ineligible
NSbQzLvMmwYHBbyWUNiL ineligible
KZvfVXWCUPpcvsHPSKHV ineligible
VvPAdzmuEaypNMCdPchy ineligible
azwmhuCfeNckLDYdIWAx ineligible
IHhBjmMOIZUSOsfVzBgE ineligible
UJFdOuriReHfjFfjaXDA ineligible
fXrjINWJnyiGNiLUCgDk ineligible
DtTHfEpwSxapsaoWrNTm ineligible
KTsofalhqVybczeEZpDi ineligible
QYJSWriUNauyvFARXuHQ ineligible
TgQhBfNVqCWXUXWxiMrj ineligible
UuEIgRqqXYQuRFROlHYD ineligible
TVLvpQSuWowdrBSyYoOH ineligible
IOWWDVYgTMLebdLLHgvU ineligible
SaUgMIcCfnBAqQphdnCK ineligible
JrnzilfXRkXZDdGDwvyh ineligible
vwolaMIbVkQBMqCXGzRm ineligible
NxYctEUhRxrCXBgfJqNT ineligible
tXJjAAYaMvppAtxhkayT ineligible
UVeSDHsGVGvWUJbRdUDc ineligible
uaUWnxPZgMnmQcqyPTiV ineligible
QwFQhNWanmUwoBFjWhvj ineligible
zDUQihnEErfJYckDDNrt ineligible
BcsMqnWTdHWPlOhXqCJD ineligible
SZUMRAUUPRoLIgKlQLcV ineligible
JqGcpMqKNUXTnOIXokER ineligible
VzoqMyGHgOPwZOegcjLb ineligible
TLzvXXPyhHMPhMUDciPB ineligible
mjGFOMpEqJestYxTfJDm ineligible
KHyqswWjQUVTtDxPDQOc ineligible
GCufjRDTbgDrSVqoSyjm ineligible
RmEmgdLjspsgylVjTJsz ineligible
UdgaagExoaGBoPRLbqWu ineligible
kJLUUaytCeWKLFQVXlBq ineligible
EoUeNbPAaBUgFtMimYIC ineligible
oMRWQoSPqTZKnCoCAQYM ineligible
ZvdBemRkpmwhHJGOOBLP ineligible
bwlmliQXnhFfqPuBUwAg ineligible
FFfzzoUqUKVdAgXcWxlF ineligible
PcEpEjQeQzXaUVnTTduZ ineligible
AWZETuZQdechbkWbDrAn ineligible
hOTLvhDQATnetkPEKNbY ineligible
lChJoMRtxAYuPjbuwJyb ineligible
kzuYbwGxyXLjbzpFfhOz ineligible
obhCxEJSLRCJYbNmBVbP ineligible
sROpdsENVClxvuDRQdos ineligible
tsRCALxpRlIlhszcSawW ineligible
mVwnpCVznApJBfxcuvBu ineligible
APCtWjkvbBWBkoxanqym ineligible
gPytzsAqeRLKfVaNUmmd ineligible
DcNPVXAMOKELNSuorhTs ineligible
VlAKrcrHkaoyAkriOyXp ineligible
QitgeLLZXewwSAPdEqkL ineligible
IyUShKPrMwOBublknNpL ineligible
ftoBNCgYCVeenMBAfOUY ineligible
zUAVvOQLZCLTNqOEaliy ineligible
eDxiqJNJEWiEmOUpZuQa ineligible
aHoXAsYxdAyqeDVaQLiE ineligible
yFuoJRWKAvspNmiUXugj ineligible
dnVCXLbGLXJsmAKgkbVF ineligible
prcvLeDyClEFGQjrPkdK ineligible
FDRWtsXgyofgihEMfVYm ineligible
taJHoiMogUSHnAfvnEkI ineligible
WFkBipJgZGNHbznIMBpf ineligible
iMWaPSYVCeFhEXkGmEpz ineligible
xUzgjDwWpOKPICazwxvV ineligible
BkfzvEqEQLulaChKzUrm ineligible
nCDiMzWAnBqJyYdbvBtt ineligible
sPLzURbcCneFkFIFvunz ineligible
KDNSxuOXFjxgoyJEfbTa ineligible
usNrXiLQTGyixCNjbXgc ineligible
PtDiLgEfnNIQbTifqqDr ineligible
PxggwTrPuXEhaonVsjhK ineligible
whMEtNqIBtCWAfAjomlr ineligible
BPHBrBmlMiCjTvBPKXCU ineligible
gMVEOMpDChPIDAHNdtGC ineligible
iFtMDqBHOSWmjIzViEkD ineligible
aVMweplZnZrQfjiTcFMr ineligible
PDQarmGpejhOLnvoxPEj ineligible
wXLhQnCUFUlaVrzVkHbj ineligible
bQzTxLVZqmPPuHhNDFYS ineligible
JMuWdiyvXdheMrkmHLmd ineligible
yNaYlYoWUkwYgsddaotX ineligible
ByhdCuIhyUFONONNonuU ineligible
ddHecfzdBLEeCqKybfWX ineligible
NJvBAgMuQkAleMqDAXsK ineligible
AgAcJkOzxngASxCgfwgB ineligible
hRtuczBgPngycuRbwVml ineligible
BXSdhMmlxqrJGfMdNDBw ineligible
MVrSdpBknQMYsAEluwos ineligible
vEMDHSFphutdLRopRSlo ineligible
pwNGwsvOJHKUwGXLUEIb ineligible
kKXQbvQsVveTkXwGDLFE ineligible
tGOiqpCEjWlUvRoDIwld ineligible
tsHuDOFUKDfFhLlhgOAc ineligible
uYwCKMPNMiZBiZEaZEcN ineligible
HuJwoYCrQxIkGNHRVsQh ineligible
cIAODzYsrrbzkAkOXRYE ineligible
xleotxjhjbMxSKabzZwx ineligible
VXdpZccToRyrtGIPLIYS ineligible
LOCCjqbLhBeWOECpPRxh ineligible
rwFqtwJFPIfgcMFJkapR ineligible
JMoBNRfqyxmqIXPXBJLj ineligible
ucoUFdQwdjYCDMsdKpDZ ineligible
JdEccCkuqtRmalosStWo ineligible
YCEvrdDDTLknssHmaMfO ineligible
RoCekpFtCAjJnBusfLLK ineligible
WAUngeRgQPzcKyfJORXp ineligible
LOKRIqqNxNTzYRSiFulo ineligible
OnxNFSQgXylcIOCyzNfR ineligible
PkMNosQgRgiTxkCtUROK ineligible
RjqWOIltsTLDKJuUzXrk ineligible
HHFzcrqsPXBYQZMsmAnb ineligible
woXejjvgyMciTWhaOrCb ineligible
QZYzpBfMxcPRYWDvCMdZ ineligible
apUnCrCiinyLHifxsBTo ineligible
UAEtQhPTUeGZUUDNlsVR ineligible
EfTOcRSkKIuGidsZhGKv ineligible
ugElxGmHZCwXSJgMFcoZ ineligible
TYchWUhAaUKVXmbKSnDX ineligible
GttZVBufXQYajxzTGykV ineligible
CblDpEDWeFqnHruxzXRh ineligible
epAGTTxkAnEhdEunQkLJ ineligible
AFIqiBXpLAaeZTYcIeMp ineligible
BqYXLzlsnnoevwivOmZA ineligible
NTGTczsvtMbomaXWAdkU ineligible
gqhylblZdgEPrKsLmufb ineligible
VtJTUBDrTcIyCbCNIdMC ineligible
GXIJoBkjCfTZDDrfjuAC ineligible
hXXVDujLjOkFtJKwGRCK ineligible
SrfjfoFmHTBCJtqxycYa ineligible
sIrLIyIAYaDdWVpQvgzV ineligible
NQykxAuMjxQzivcWCMhR ineligible
feKZsQhFZaFrHroUrQhB ineligible
hnXYUHSzxycwKoiLHuYF ineligible
YmjmbwzjfqHSsOljGDXW ineligible
gpqjNcjqfTAflLiKPVrp ineligible
YihLZQMqEfcEkXCdUdBE ineligible
QYAVrDbPwRKFRIuOBBFF ineligible
rccwEyJmFGBCcCjsTFKT ineligible
IDZYsrUKBftCGVHRThIo ineligible
atMHlERywxVjfRnqfKFn ineligible
xXIeIdifceBQxgjtSQVa ineligible
mCzGbXpSmEqrAfBtdfDp ineligible
GlVhcLqAzwpjcqCEexUR ineligible
kOzxoBLAaXldnRFdYGQU ineligible
AUkZwHBCQmpkpKUHzEJD ineligible
AKQnkmbVtFoslpJfexKv ineligible
bCJlsuLnmWpJUFWTwjYb ineligible
JulBByISxgLsmdgxjbRV ineligible
qgsFWVcQQKKhpKSKXjEQ ineligible
NEhtwgKEKzahMmRHGHpR ineligible
XYWgoeObhkTyxwxJhTuy ineligible
IEokJNyHnBPrSChXgjaZ ineligible
kIGOScIKeKTtnjCYGXGi ineligible
BPVKIyXyLekNdBDkZlOn ineligible
vGpNbTzQDzcFndcxYJgg ineligible
ngVPjLnpGVAodCxvhVTm ineligible
cKzjwOEwuzrWhiIHIQBI ineligible
DUyVHatqmNHkHdIamiHS ineligible
GjPtzESlcvlHxQKkhtCr ineligible
CdmsBcEhipARhdopPDWd ineligible
EgkjBtHQlLYKDEvIWEkv ineligible
hXpdzeMJQqbxgwNabvWo ineligible
xoBUnUfDdlvIPQKWQexH ineligible
rUhwptCPKDSdEeFyuuGv ineligible
iCIfbQIbvINNxLJKxAcC ineligible
WJLlbDLyvCcCoviKSlzw ineligible
HGyYvgbWTdFnEoUJscgJ ineligible
NObAzFDeqxdlDNdsTFMo ineligible
uHGcdZaSZPFyWGvtrPCn ineligible
nHRoEVoXKguEXxUwNgjK ineligible
GhywEnMwZEDXoXyiimnh ineligible
VYVGKAOGEDWGJfhgvEnn ineligible
REsMmiwHpxNQxNuleomu ineligible
FFRaXoCJDsHLfBVhTyBP ineligible
pKlNyCvYbJOwGCcgEEeh ineligible
bHYfvSItYIGqNZIMhnRH ineligible
jWigiutJELDmDEtKqWkP ineligible
MdjansfpqvxLdDGfIBIH ineligible
sYlXptPikZxasAGRzCUR ineligible
uCjOIWqNNVWgObHzddia ineligible
jWbiTHnmgmTsLhAtRDRM ineligible
QMsvYUEEzShynUnxtwPQ ineligible
ncvSCKySLOYvEPUHzYPG ineligible
MBOisCekSMFJAsnrSIMc ineligible
GnQlpxJUxlVJImGQHAYw ineligible
UKYAWPOCDAPtTUiYvunG ineligible
xHcWzgbEKSBZXwVgDgho ineligible
AZhLHudYzpRQblnfDAhN ineligible
OmrLdRkanLJubiPgWsLZ ineligible
RFIfkspnmMkLWRvDNfcd ineligible
RMJOZvBGJNvoLplBclyY ineligible
rRrOikkNhKJoyNpRlwOC ineligible
EqTtbrBRCAbywOeZNdbO ineligible
nTZixsANyAHstwRupWqk ineligible
oTsHLkDaXNBWAZeCvepw ineligible
OaLNnTpwjlmAQulOPNaN ineligible
oTZeHgbUxYzXQhBGTJPO ineligible
coDFxDZzbDlUMxWFbzMd ineligible
iLFPupzwfHKXUqRLZMno ineligible
YyiJIXbHosqLSTdKpMGu ineligible
WrVzkKShqwROiRFMwNMK ineligible
aJXgwaJzFxGuQHRozQVE ineligible
JiksvuVUgovQZmKFiJxb ineligible
yStARNbwdrhxzoxUyULy ineligible
rXFmcXzbfnzObBEGcNVy ineligible
IIjrDgyyLIICJOqIfqyh ineligible
EXYiQhrUanniBPiCIXZA ineligible
jKBWfbezTgZmUZqHvdqJ ineligible
bzkOMTxlEArWAgzXdLjU ineligible
AAgceoQlgVZIcxFImKgo ineligible
ZQyWxJHtJVgzhbTAxeiD ineligible
rLWSoIIInLzGpcHkfuvU ineligible
jWdwMHnxXBpLahqlXFgg ineligible
rXdHDAPuljkdVeKfBDTP ineligible
fdTSzrbHBeENguwzoEsh ineligible
INEyFbrnTywKcnnSepeO ineligible
dmrrXMjzZyawyBMxxLMD ineligible
XZgjmpAaOXOZAKBTRxvG ineligible
aXNMLRGTUWPOGrJXlFWL ineligible
gtsUZyvffBQbUvDtpbyU ineligible
BInjadIAagkYuZlcTtQL ineligible
tXajLJewveETdfUKjXgX ineligible
RfLEVwQDDNrjSsYWcwxk ineligible
PqwFRpOyEWuHqcFzlIFI ineligible
PwObKIUyczPZHonExZOP ineligible
JORYNGwQLXrsRkoapYBH ineligible
kQKkqGaVUujBpExjBoNi ineligible
dBxmxgRJRzWZiqPUjYns ineligible
OrsONhTaFKeJmHsoGnzo ineligible
UZdZDYYcABKabuNphggm ineligible
hXxEaRCLSUtixlgiRXVH ineligible
pryqhDligwfdXgymaFOR ineligible
MJxGRRXiTtwvccvWyLrx ineligible
AFEqitoFPuOflnChihrE ineligible
VinLxHLbMyYgBvoGQiSp ineligible
kUjxXDqVQKnsuzEVbtRe ineligible
rpVIejPQNVVgdBYIYvmg ineligible
YAnGUhRynbFaYDIdLgQP ineligible
vmSpCKIwNFBzyBcUbKrF ineligible
hGsYdzFBvhBHBYBNJttw ineligible
NVeZrwVvEaHNCbFpNHCW ineligible
ZOGvfxrQOltaiVQTuSPb ineligible
QsYFzWQBgeodLWWGFvoj ineligible
NdebXxKwwtCgArFWlUVz ineligible
JKbLqzUCOOfSBoShhQUW ineligible
UAfmrKWwFtXbUNbfanDI ineligible
EzWZAtQOvGCWaWAYPXiA ineligible
qUEduFCAcppagBHpJZQX ineligible
OFSvDYMrvbGkhKLalkAE ineligible
BfuQDKtrHDEHOiBbIAWI ineligible
SNFDGZaVKCKiBEvdqrbh ineligible
vhlweoJnmcqlXTvZziNu ineligible
GpzubMvGVoXgHCClzMuc ineligible
KLUxhEbnesTAaBdzduQf ineligible
XgByfgdBIgREauOGcQTS ineligible
PzusCCrLrNSMbvQjAIJk ineligible
ZWSlduCxtRBnbtkJpEkg ineligible
sWDqfGeonuBUrdvRTRhw ineligible
yiGlzGuHTbQjKZoPUnkN ineligible
utkRrYACswYdjnpTfQII ineligible
sAjkRRexMhryUqUXUBQT ineligible
rNavjhYVMNqjNZukEmyk ineligible
JeKfQhiguBKhPptjreSA ineligible
XkWdzdqAtQdmuBxnFqar ineligible
agsLDMXqoTxZvLRggchr ineligible
XBjUZgrhxDnSeHUuzyAZ ineligible
rwNvFyZOuQbltlmgJpVa ineligible
VpdSPqxWmmCXvUdvzGxj ineligible
rALMBFDtZAgjwODuLpit ineligible
uqHIzbGycFHKINBmUFpd ineligible
WfBElPBfQSinHSGfEXdc ineligible
RcUAwulIzuLlerEamoNp ineligible
bTAWPiHhBbtFDHuZeQrC ineligible
vWsiiVkRwzXaVbaVBHFU ineligible
TwlSMOxFOQwhQBzCCSEk ineligible
gTZRCYQlqbgBTNriHyDk ineligible
SMcytuofJLnTSdnVCojk ineligible
yXXociXXNNVHxrFDROBK ineligible
MDIYYPYAgvAGbvPJHepP ineligible
xtzkoFkmvQYchkGqlTju ineligible
LaBkZLavgGBbyeBFAVFM ineligible
CUdNZwRnLYztPvwxmcvQ ineligible
wLttGBvitAGPPcgOMXoO ineligible
IVMKpyOoQMwWcGAyGyyl ineligible
FaFoBIcrfiUvmWlvaosq ineligible
CCouJRitOotGkRzFYWAe ineligible
XLMzByxiEQnjJdcPuJZL ineligible
fLkzXbGOIwGADKSXyGZG ineligible
qSejUexfuErMcELYbkYW ineligible
yRmQcoGNGbWFmyWaHbDb ineligible
PgCAKDJWRlCwFYRQABfc ineligible
iBGToxsZbbELnkzQYbyn ineligible
piQtBnKGVjGXQWWSwMwl ineligible
rnAsmPKMtUKtcAysfCgc ineligible
fzhMBOTCNsKjvyqgXdAU ineligible
DCLthqxvVhCYFRhckVbX ineligible
ZAWPkDwyhYsSBfdpMJdo ineligible
XDzRKdwyczPbsLvvIqIG ineligible
uGMLdqfgehNgAdqmVIFk ineligible
buwlBVUPxmRfYSIXdaDc ineligible
sQYBBhOnVOqzpRETUQIX ineligible
YXjHzzKQPQglWHwviphr ineligible
iCMyHqOKgUeACTrFkkhA ineligible
MrRzHIdNVegBapcWRugA ineligible
CASKmmKzQNgFlLrqoNqC ineligible
VZQJmlwfqliBIBPchLED ineligible
GUVqaPPiqbJamVnSWCsR ineligible
UkMYkDwwTbdQhmFFwWyO ineligible
rpZyipLhWLHaPkImQYvQ ineligible
xiYHwUPranKTmcUTkAMg ineligible
xddmCrwFDlAqMGJPxtYh ineligible
xqIPEBorDaVuIdDSioGz ineligible
IGTYjclYxAUaYNpreHxe ineligible
mphAnswQYurUQJUyKibc ineligible
sZOLcHAnGfYBpypVrUtU ineligible
FsaxPhUPEagtSCyRKRxH ineligible
aAupzRNIObdYDICQLwLk ineligible
ZoZnWvoarkeAnfTNnPOo ineligible
WrOPoTAOzOXmsvbajVsV ineligible
tKCiaQpsWrMhgvsSRuIN ineligible
WMUZCCDAIMPUOuyTwpFz ineligible
eWgEUUPQAYIcHcqLOvcH ineligible
xDnujlegqhqEZxDNrmmc ineligible
YCYxmgcqUExEDTNVsFrv ineligible
UJcqTPVHmFFebtYepxGw ineligible
BhXRMNsJvgzicgAtrECI ineligible
mQlXoxFGktZJzXpvinir ineligible
qXIBMlDdtDsmxrApeqXb ineligible
gKqoCVVMUlRTdabEwNft ineligible
tjIJanHVsYhsWfCBjxOA ineligible
yphrrGlbZoCNTvBFIvat ineligible
CleSMNikUNSdBMlBhehq ineligible
FimrfzDtdXQYhvYnpnjg ineligible
ZxAZdAlFHZCIiQBjJhce ineligible
BjLJuZVrhNeTqjWKYeWO ineligible
amDRHrYHKLxxwbFHHCUR ineligible
iSkmduznmkDHBPjQOXQu ineligible
YBVRSdtXvvFurgFVtjsP ineligible
GDXHpEgwlGjtPHJnhnFh ineligible
ZeLBvyCxVFideDRitbxJ ineligible
OYrHtGezZxKtWcFLYLqp ineligible
AYcxSNnoMiDCkCphgbfy ineligible
UZAkDLyMJGIoRxFAnraC ineligible
VtkyOXTpPtCgdddExKlz ineligible
zIthdchqXGhGEbpYhYAC ineligible
GpyApAIsUKIVtHPouzTl ineligible
eODkbwAvjZotRdZNCbbf ineligible
ONzXeDSGpOMrxDhhogwC ineligible
QyjgUEjwnxvrrIerFpxZ ineligible
AuYZrCtYLkCxVqMYzFdh ineligible
GJRJhIidrsNJmXxuNgqO ineligible
UUheXfprjLDixnbMFOmW ineligible
qepMSnUBHnyanIGBfJFk ineligible
OOlRcDsoqKCEvjXdQQht ineligible
UZbaVphBbkbIoLzEnYNq ineligible
pWmdByUhQaFEuAfTkcIa ineligible
ODGdDGQfOYwBdpFspwtf ineligible
sFbSswzeASHGTcvlQTLa ineligible
ceilJYZjGxupMQUgbekL ineligible
hQGjUfBQzQqifveHAmYu ineligible
KSYBkkMPzHDmFVNOjOtP ineligible
DJqmBUmPflWLvwEsdnqi ineligible
tgfFhYvfThcdQecZmxmu ineligible
uMliXBcyEJZFePMNzuic ineligible
mBudraihdklOeSRrrVsx ineligible
vbKLePiBXfKfNGHVZCtO ineligible
wXUPvoVPQWpRLsCFtzct ineligible
zDnsomrtYidevDceaoQI ineligible
HsPXYztfOwVsmpeIpFUt ineligible
yGOtwzCBWWbnJaGrHGlY ineligible
QCjdUTBIcwdHpKYjkFjD ineligible
qdwVwegRSuLvmDjBahBP ineligible
XFmXFrasywCSboviKRob ineligible
FCOdgZILZKFTWMdDlayP ineligible
rppdTLwaNzpPTKPuKVKZ ineligible
gmakMnpwfIQaWEeYyfCl ineligible
mWURgWEbEjjdlQTPIIjy ineligible
HJitsnBnOoQOvGVdfIlG ineligible
OBRlnOpQlHgkYwumAgLL ineligible
ovGUYAcrXsjxDhxllTNa ineligible
KFYEJNzutYNGBZOTrSKK ineligible
KTesmYDoGSkzvOBclqkA ineligible
cZITfiomHPnBuXIdXWUW ineligible
MYonBUhdvGHcWQTvcgTK ineligible
gpiTcZzPUDnaxTEONGKL ineligible
