RDsnGwGVpiquhldyiaCm eligible
JAPhHqzhiPTVmAwpodwm coach petitions
BTQMnQrrkxGZTEjlMyBo coach petitions
uyzfTgvdYgggEiVQVnRw coach petitions
ztKVRSqrRNqmpaFYTORY ineligible
QGOysbBpxljOEApvpBem coach petitions
JHwJMpGkbTtvdePELtwZ coach petitions
DjuJKIsfuQhMEpkpewwm eligible
CCWDlzuxhVhigBTABfjp coach petitions
VzoXYLIafJXDLHIOtrON eligible
PHEnOviWaiKDgwybAxye eligible
ngIWBMeNJViYdYrhSOzG ineligible
EQiivsFilftmkkKhLLhR coach petitions
bhGepVIdSQLhdTeMUsFq coach petitions
zmVPFgqyPXAQUtDUxEzI eligible
ZoHTSAlXUpZtXHDIlFug coach petitions
AuUHZJPzYNaglKlUCrBq coach petitions
rTNvczpcvFZHkRgkbCNo eligible
JakBXSgwntinoErRLIjc eligible
zRMzeUrgtLGXVHDlWEgI coach petitions
ujqtfSfxPzfhHsLpnWGw eligible
rdetYVQXCAygtdsRypeD eligible
LCLHAtqULQDboqNrraME eligible
gMtxbVKDjsWvoLsuJewS coach petitions
mGzNkKHHabFxKObeKIvx eligible
jPirFwWQWCIyiphNRHTE coach petitions
IeLAITngsDpDQQOYArPC eligible
KtFYCmtNvqhoXcSKcTOT eligible
oLgvadjszWEkjglVUUzo eligible
khdolmevhOjxbJQwDvwY eligible
jfRhomStIDjZiccSelnP eligible
TbqLBmpWlTZpRMYNefeW coach petitions
csYgRNNYHQDWgrlYiDAn eligible
rFpTHNdHaZvwIVLsqDmQ coach petitions
nSvwADWeXmGxqGEOhpHe ineligible
iUwFTysxCunwMJzqWCBU coach petitions
gizpShlMxlvWoetREXyk coach petitions
fuYPUTTWzPZoENiFjBcR eligible
ukHKYnWkVWWbKQfWkVsS eligible
CJTopMiNHOlvRsZtIgvP eligible
VCoOpIFuhYEEtuGrgIFG coach petitions
RYkczbLUGCRxcoQVaBjh coach petitions
GHbyoawDvVTCFrKiYImu coach petitions
qfbZhNzoabYbMEKbuFjI eligible
yVSfbwMPLfezjDhNxlTo eligible
xoqwYHNjLtdcVXwPKMUV eligible
gAPKSBxvdEJptMRsdAWM coach petitions
PEBXdMIFxVevhWgRvFSc eligible
gaqSNLOeDQDAvyDYhsgm eligible
nzNDqnwvQYnOFwsLVnKT eligible
PsMOqmJfuTsWvBQUuKkZ eligible
zsEVoBaFCJTpTYlcyaGL eligible
VhZLWehUoraFfoDtxlZS eligible
FAWSAoNEWwxeQcvuZNOH coach petitions
PLqMbCjHLDxzxSrAEXiV eligible
qTwnDFNrAaGPaTehhpgd coach petitions
ryTZngMVEbcnwhXIiUHL eligible
GnyiPKSMDoAjPRKZSFno coach petitions
wspMFYtXuZOohmhcfISM coach petitions
MJpWtBRIAKlCQaJKJRLF ineligible
niJXAnUDooQocGpFuSOf coach petitions
RHmmMzALLmPUQGcCpcWw eligible
DtVLDbfPjXEcsUwYRfIF eligible
SFcQEBRZJuZlHuRfDZNy coach petitions
KVcmQhhKOuUJwVzEkkwG eligible
jUHddNCqgYRapiVbiRQZ coach petitions
UAzGOeTITbvfAnMcDhzS coach petitions
BbiiwOWnPqbguKXaVRYX coach petitions
ZaYfTWeVdeheuyCrMhQF coach petitions
chrsmXrtUvyzgUICdrDk eligible
mxTPhdwocLCsHzQISNac eligible
KqJSVyqAjnJLGniYajSQ eligible
KVlUUxVOlMvBrdabMhKd coach petitions
hyTXpAXxDjYUgRZFWYRR coach petitions
YVFLmxFkdYeCjqzfbxSB eligible
JuJesZqUXTENLKlFZklJ eligible
RjcvIsHtRKUkMYrwwqOS ineligible
QorkzquXFkGjxglfgeCK eligible
NZqZmnoDpwtKDkpznwtD coach petitions
YBovJrOvDMaikwZxJndJ coach petitions
WtXQJtUvvQnnFtVOzETg eligible
aqEdDawUJZbbEOYTJlCa coach petitions
jQtNkjofwFRkkOcJyFcN eligible
yihjlYncDfUhkWfYkHvs ineligible
vqMjVoHJvMEfmloeUOJT eligible
tikriNBUoLwHDmRfVKTt coach petitions
xcHBCmzFISNMOcbePWVQ coach petitions
kOgDxOtLRGrrmmSeObDy eligible
mwKJcuLilkNeGIxWQWvW eligible
sNpsGlzzbyctNqzzuwvK eligible
xDDZgCCkjqLVDuKRmASz eligible
hApGdgicFxrDoDdlRvGE coach petitions
TDAdyYOVYROzuxynjKtl eligible
KNQXrQOkPBSiwQyzuwLs eligible
sTfWIGQzteiMcliTMhyM coach petitions
RcPRYlaaxDXchcBOFIbh eligible
yVhWbuFwPvdhHkIBVgES eligible
TstsomtyDBEmtCHEmqKo eligible
myEfHRTuNsdBdqwWkCYK eligible
BBiTDWvWznYpPQMypArn eligible
DbpUjegIWRolEVHmqiDl coach petitions
QqaTyIoPZLIyCaAEvdHQ eligible
yFQtJymBhXXiAhcqICYC coach petitions
XNOXVVnsATzzXRqxHNSY ineligible
StjSdhwPnEPhuMmEIfLl coach petitions
eFiLICwCaxgloEBfhlfx eligible
YXIaxOftUmZEZOzKGZKS coach petitions
pOnnOcaLXRbbhvTweQjf coach petitions
lYxGpOBfGBAOPytnJskH eligible
TYOPARiUGMhczYGmrsuM coach petitions
AFhBuqmhZkbiWpoXevmi eligible
LsnKnbxBbLfNbyhbSMKs coach petitions
mbYrVhxBtsfUCqLJpwSr eligible
PIFSfbYPayzNkBQZrEdf eligible
XXpKgssgCbZgYBVlXnFv eligible
QRPoJyocVbneFxkOIhnv coach petitions
ZTcDPvJLvnFKljAbjKTn eligible
ptaccLRVoFiBClKVwrlv coach petitions
tRUuUnDwBzQMGxZJDXzy coach petitions
OWDVRTWILIWubwMyjKOP eligible
QZGmqJAVzXfitFytWIFn coach petitions
pYKLXaoAYXDAoUAixSCs coach petitions
PgsTJOuLNmRLbsJrDozk eligible
VJVyJjMHMbJfniDfViBr coach petitions
hYAZhBCsvHZNsrSLQgSO coach petitions
HrDUjiMccSBRVOkoaVPe coach petitions
CIFHoQPMJhwJZUkRrBhG coach petitions
iigFByZkXLCchgSmGpUQ coach petitions
MpPFnshTSNsJbZdUCHoa eligible
gXSRKTWEhupIWFrrgcNZ coach petitions
bZWubqBBWGYAOpGKpEXn eligible
SJNkczNoZDhCEHnnAAHI eligible
DehACVQaFfrYuzramuMr eligible
hKqdGiDUeUmbUxyPnAhr coach petitions
JVcEvKxzjkjZuMRyAlyM eligible
wACEEPxnoQANfEuUrUex eligible
AWAuuzGuIFAlZjzsVNpf ineligible
pbTnZPDTUMFLaVzMHjIA eligible
QBlbsitTxUFspFmbnTle ineligible
NDOovJeVPoAGkVDGfNbd coach petitions
EofOVlyDwPeTKqvOFQEx coach petitions
nAVHiKxZHGAxLkkdDxNU coach petitions
YvVmjVDBPiYcRLfblPQe coach petitions
kYnyIeKbyFtGACmczuMH coach petitions
fqMQxOEPladAgFJlKPrY eligible
GgtfhpWOFnrhSbZedcgo ineligible
dzIgUKVzXaKpjBleqZsS coach petitions
UjVQntQHCqHUkWEseqmm coach petitions
VOUmaZPNiydNvqhNUxlm eligible
uQrZTZgQceOMYOdqpMAF eligible
KIyqFSFmQZBPQzmqQhZr ineligible
oozoLXIcpfNuTAbxSGTd eligible
BrDorkCplYxjjvwKEzSh eligible
LBjaYwXSoTgLVliulDDs coach petitions
SgCxSDbCUYSwQwPBdzPP ineligible
MFAkmbrXznHhQgmPSwUB coach petitions
IcqGZFICzPwSJyVqqPNv eligible
uDskTfSMoOnoeBdHpmgH coach petitions
rkvJEDoBSfDuvwCnLybw coach petitions
AgHBjBdcQpLppnZgmWWD eligible
qXKHBaBJLrJeIXdLKZEL ineligible
EREfAKOJQLSyLbQMWQuf eligible
DqmeavNGsRLPhFLECEXS ineligible
zXaGOTGpDDkDKtUGkNDt eligible
XYXubKbyhxfoyovJGTHV eligible
rrTwmXEIKjwdBSFtCayW eligible
fdliXsnqDijQmYqrynsk coach petitions
PEgveZFByNkxWOUHjeLt coach petitions
mrdccVVvaKAMFVQYpaGK coach petitions
mWMXkTPCbERFCwAqrMir eligible
HnSTfRCVrEnNsaxCtIgK ineligible
xzhrbATiquIlTRoSrPcy eligible
nuGuoQMrNKRerzXoHiIn coach petitions
JBITWsXvjxEzWKBbOocv eligible
XCDgwsDclXrgujSaXCqU coach petitions
mrDahsjIJNgABsmYYVnZ eligible
FQTqwNiTqMRVFwpwBFmS coach petitions
PfhJxSCticgDoLAcuMiq eligible
CLaaImObwRkawnYvHsHS coach petitions
MgyIEzxjVXtKsyhpHAqq eligible
BvBNdQzWXxjOFayYcMBr eligible
HQcdaqMOBHbFnqeJDKLt coach petitions
zajpcDFJfgGuyGHBfxXG coach petitions
livCamXTuFddAJKSmyUA coach petitions
NBlubqsxOlxnXnvhVkjM eligible
JDnfNLzmBxAlOMysSaAZ ineligible
JAsZTPqorSDasTCNckQH eligible
VJSFwQpTKIEHxTmcbssJ coach petitions
dsPDPDULzRtcgomTrPwL eligible
GQUQInmyLUeUguwhUXdW eligible
aflTZLXszPxqxDbwsgPN eligible
nodtaBrEspdJXLrKyIJX ineligible
cJWFxNlrCNAvMOihckIN coach petitions
KVlsxUiorqUTUEBVOuUo eligible
zuwhSMORKWKKGKhyLWso ineligible
TSvZTzxPOXeKagmeSbnD eligible
TLNXyYemEvXCqUaPgkxB coach petitions
GslyPQBqfHmHelsoWusN eligible
BOMXzgEkxPoIZqSzgLkZ coach petitions
WyePlVzlpJnrfySJmwao coach petitions
ycCgvsKGZvHjRDuxVbwG coach petitions
dfGBgqXwqKclhrHHniVK coach petitions
lskbEwvEuapJCCqhAVHG eligible
QzIMPNEUkyHfBgIsjbCV coach petitions
pasYeSmNhIMSyzAzUcKc eligible
fvqYDIqLoFMAEwrtdBVS eligible
EVWccOwfJhECaKmdlAvF coach petitions
rNbRbudMISGdvsBdTsSP eligible
sDJqSODNRnKbEugUDoYl ineligible
DLdiIAtXvBoUPotGabum coach petitions
JERKpnrtITDFMVkGOJOs coach petitions
tIwdMxIHUSPZMwiukugp coach petitions
JzRvLUMqrXDdfyJcvTtV coach petitions
wAoHQvjeWVqYTdlgxbOl eligible
icizAvBwMSgERgrKunmH eligible
hPuEjKqAtuGtnndRJmEZ coach petitions
EHGWLLqSFeDcmnlTnYOm eligible
AQvQtSPeXtcmpODFySzJ eligible
mcDtXCohkMaILUwaUMZG coach petitions
MZJtKAEHjhzgKIUPIhaB eligible
VgGtEvyuyUsOVAYevMIk coach petitions
nGHTNyxLfSyRTuBdCtpL eligible
bIwAtvdySVguVcPvZGiJ ineligible
swndKHQGLLdiXNYFDdtZ eligible
ngdCKNYRJhWzRJjDsOoc eligible
rkdAlyiTzbyBlvGtXMZL coach petitions
JzpfFIrlXHQcKGhvtmLl coach petitions
bOVfuDjMCydIPjhcmDaC eligible
ZREowUiEVGkipNODOSLU coach petitions
zrIuUNzLriAPdTNhfPjL eligible
TWvqhAsikQMDymhxBSgj coach petitions
UdTmRDCpCirqFIHEogzT coach petitions
GXjjViYtTRkeWvYOxAia eligible
lXeGfIBrgxzjAzuUfjJW coach petitions
grQrjdgccsNjOBpNWobU ineligible
OwAdMCHhXwEZLbYQFhuN coach petitions
RbYbcInTFXjUKSEEQhOv eligible
wtnbAlxbBdvoKbjHnnyc eligible
anNohaDIttwnjJjZGuEu ineligible
sdJBzUymSLOyrGkcpEAi eligible
enqTEpPDuyWdUGhBssYE eligible
yYKalCgPCciqXvgNbHSX coach petitions
sVrSOokhUnWANAFhLMgJ eligible
RaOsOVWILwJhXTCgXYXB eligible
qoJyRNEhjCeOUttVSgwp coach petitions
KFCXIPDGfGxUlQnFzaIA coach petitions
npNbfXoCZzEdvdfAXEIP eligible
fiKRNgEslFdxRKWbhXUq coach petitions
AhawWuWCWRdPlTHPkXrW eligible
RZAzDBzuMOjgommfLEJJ eligible
kslKztDvMMDzJSunmJlw coach petitions
kLtHHVjIbBhTWwUeDUcm coach petitions
oOKSICJxypOQWRWEckGa eligible
HEFUPvzULUMstVZIVqJk coach petitions
nMACPeYHAncowCISrHsq coach petitions
gKGnnKuUGbLvwjcUcCzA coach petitions
gSOOyqbqMqSrzdHAGRVS ineligible
djHjjcsshNysetPprkJz coach petitions
ZhYFYECAGKHaFfRUiLTp coach petitions
kQIAckBeMFZJnZIzJCRl eligible
VIcRcmDGgdXUSPrparuj eligible
RpEBWuaBjacPDyZKCblS coach petitions
wJFHsJlCtxHChUarsdQP coach petitions
PgyRHCgtvpRLWPctacKw eligible
eYglMnvOhXscKnCdUuIz coach petitions
GmqZQTusvZLgnGBCzCPa eligible
navKqudjMeigjeJytpHP coach petitions
ZROcyzleTiRYDCkucgFQ ineligible
hnmJSpQqdZVlyfEWEpkY coach petitions
IMcuJozFhgGhfLWoqFPP coach petitions
MChjmnYFhKhNrudWRrMd coach petitions
XDNXpxEFkCddJiINbMRr coach petitions
kKRLEgYVTiugXPlGCUNJ eligible
NgljdhLzAtEcxbyeKeha eligible
vcKfZPRNoZxqkUWZjucy eligible
gYkEutxiAkVFVFkzJDgi coach petitions
xkJfUaShimnMbnnMxVCE eligible
RULRCoJzOKNjINZWbwcB eligible
xHonSLQepwMeJNVwVeAC ineligible
rwxstHypnVDxcvACIiln coach petitions
nsGVJwpumaDplEIErlWP coach petitions
MeeHzZHgTScVMafSLkPc eligible
UYihQDgDSNkLyFvnNwbs eligible
JWrAexFVYLDMpxNVrUgg coach petitions
tghtqmTsEEMfhOWdBCsc coach petitions
EXDwWjEcvMCCTiAmLOLj coach petitions
hFkCaRPqDTHAFPctWBUE coach petitions
KPPnveZSLuVFhnRymNFW ineligible
gzMVznAEfaddYQYHyqSQ eligible
ZycHplqGhJuQzZJjvxYe eligible
NslpTScjlOoLcZRxatro eligible
CokVlpAKffWxTdYbOLiF coach petitions
TKKLapqeAhZRZAAifavb eligible
lWTHirzYiUCEpQpjiTcm eligible
HyzJkvaRiwRiFsUcVQGJ eligible
WXqnsFZvoRcdAZzdEYWm eligible
WLCxzBwghcvQSMXvvpGD eligible
VqCEicHeoguYgmCJwxri ineligible
PbNdVFKCAhJCIsTUIwXE coach petitions
JbiKGFkujkAEupVyGpis eligible
JOsEtkSRTrXjFSIbQlBW coach petitions
SnNZYHRjcvhnrRpdNRwU coach petitions
SXLVdykCanqcpseUoCNC coach petitions
dEwLvNlHixnfsUlBJjtb ineligible
IiruAdXCFWPDZTIjLHGp eligible
IjiYvCqVefIUocVaUvRH coach petitions
cNnXhMtiYFlCPJfowCAk ineligible
iYDohJVRFBdrecWAOfHf coach petitions
efrLPObHluWmMXFtmazD eligible
RhLhDkrMXlNKNCBsHSrK coach petitions
vvRGSZDSZmaZpAwSLIMr coach petitions
vHCVqpMwsxIoShSgPUZs eligible
XtgqYZjFAqonrRTTIDRE coach petitions
QZkfmnpiZMfNsVKNBkCP coach petitions
wxkEpfcboasTAPsWgnyf eligible
DgvKTurvikYgIzbNZlzs coach petitions
kofhXYheuuGdYkHdTnKw eligible
uGbppgphStPqlRwHkuoR coach petitions
LHUNMSjtHgPIfaruuURB coach petitions
UZpUdcgYAzUXoEgCleUt coach petitions
ZKhWEiawJDbqiHFWaryF coach petitions
UifBCeLPOzMZEpxIQvPE coach petitions
NGIShGrUBXDrikjWgTFS eligible
clkdguicYnvmcHSHtqXK ineligible
WPpmMGoDolfBDiEDJEGJ eligible
NfaqLcSwIQIYOdINBsCP ineligible
JXJzWTwYudwHkUGYKoPa coach petitions
xuugMwjDWWDSlkXeEmSL eligible
PMjLNmxamKvpBHOTTgbP eligible
xUehyaAiAeIbQdnlYHjP ineligible
bTIGnTsvvIDyfGuUbVLB coach petitions
DgdpUGhUNzZGRsTAfwzZ coach petitions
eUzQdStxNfTHVmqkRJdn coach petitions
AiLVUPTtpvHPJzNjwLkM coach petitions
XHYXUlZhMnmSHoqyXEoe eligible
IwuraIPJwNkMMiUDxKdg eligible
XrezxwZwFBFGuceOtkfc eligible
wJBWujCCpEyBeYulQxPw eligible
ldOpcbjTubJHWTvaISOE eligible
DSjOIXTNqktxLihrhYpl eligible
uauKFzeMSJAdJIOtktHG coach petitions
rIXcKHdvtlGODZRAxzwR eligible
AOrLfKkFpMxWknkgtWau coach petitions
cNqaXmydeotucEaSQhQf ineligible
YaBuarPiVhiUjBqyqsHr coach petitions
BelDPzSmElJmsAabrqMp ineligible
SjtAThGHWTDJUuGjEWmF coach petitions
UfFNtSnCftYewHXuyVVP eligible
DbbeTbGKjBDFSpvyfIKu coach petitions
ZqhomqYmXCsUHtsDlOhV eligible
GYKUVUaTcqFasuRTvDhs eligible
GSYtpiKCOmFGJKHkfmIi coach petitions
IWhIERyMYoXZbaAnVbvl coach petitions
bxEAHrYiohMUvOMZLAuT coach petitions
HUOyfBgShMgbVnOAAsaR coach petitions
QJXaMsueomGeicIGCYGo coach petitions
KNkidQiPEDQrZFUiLdPr coach petitions
brRvQapDvLlClOjRVDWk coach petitions
URtFmgJfKgVZYbKcZURi eligible
uwQXAahoIHrGHitKtkuj coach petitions
lZymClAGnTFFKTqAcQmg eligible
ZMCFTCHdPXFARZrYLTCU ineligible
aUdsVjFruhQahCWSQjNq coach petitions
huLvpBdwYctKcXrPAlNp eligible
LqCAmOyjAFEvkanGEnCH coach petitions
MrHqalUTrJmYIVgSeBlF coach petitions
tMJgGLWBKOWGjAoTfFSr eligible
UTYPqkjCbagvXERVOAST coach petitions
iSIYFBLsBkuCEWDFiubQ coach petitions
UHIwWmHltkKHaaIfvBhP eligible
fLnlMRoSEXgLSfnPZruk eligible
LChnFsQtlkFAGmPSXSnJ coach petitions
KtTiSFKcNGByIOlUsLbY coach petitions
obUoVVrtzzNnMMjFUthK eligible
eUCMxoDpeaPftOlRuPng eligible
MzWTUMomoBIlBHpCyVzq eligible
PsfwZgJJQqcpilXjcLUD coach petitions
mbgfJSDCaPEEMfLyXDig coach petitions
GhLxHCfLxDwVxlgvzuTO eligible
RMUwSGqvKTKdVzRYEFIX coach petitions
jqfTCsLcAvDtJzAZzdVp ineligible
lwVWPmUUZFcoXHNEEoXv eligible
FEfgDKpcNKtbbYFjnYJd coach petitions
LoWcRRmHlmqUxSvcSzSV eligible
ySnwmYPdQGzakjuxlTDT coach petitions
etsNdFkkIZMNuljHwTaM eligible
bOOXJqzuxSEDZFOuiHji eligible
zwWSPOnxxRHQqCxoqMtG coach petitions
SjbgbUWnEmAYzKfcPlLJ coach petitions
pWKYPFYNAnOXonoTwGuF coach petitions
iEFVmpQUxhQuoNGRDHCZ eligible
xMAEkOxnPhxPwIisqWYd eligible
FdgXlAziNflHivZYvFXY eligible
bPhwwNUFgpmMfHVbSYty eligible
qtrdGdmVDdfSDtNSMBjH coach petitions
QMVCkIgaEjcGptmaxVuU eligible
IJUywtYXdSpQfvqfIZvA coach petitions
QZqhrzmNnzVXHOYDdaEO ineligible
kvPGypODLapIJwJAhlBo coach petitions
maFMUVwNmtnGsQmIxlaO coach petitions
hFfDqBUjKdNhChWBKHHd eligible
alApJBZagvKDINOvgEat eligible
bGpCHbGdMcUGFKqBurHc eligible
gOPPcLTgiSFucIHFPflc eligible
afCwbxWBFyLRmBWNUyfb eligible
ecZnDXebISNItqHEaTUM coach petitions
DjZhVPACCbfUgWJxYgGj eligible
PkJqjvXhIgUotBEkJjnL eligible
EyuiBNGQlPdAyzUtBQif ineligible
DuVPCQXlEKTwELnnvkAo eligible
blJQehlwVPRYfgqeyXJW coach petitions
qYXMRAhpjGSlAtoFdDwL eligible
ZEBCbxjCPqlhibIRpbwT eligible
YVDRTdWidBRmBeibmveM ineligible
yXURXhytVQAKKNQSShyl coach petitions
vTEDGNpnrsayconDTLHr eligible
ncKgTQOocmNUvJukqrqs coach petitions
cHnlcwwsJEHDJZAMrYBo coach petitions
rVLScrtranhyBqOlgSWy eligible
syrqyhsqSptyZgOpSpCK eligible
CfPHUBzJBKMxaFduYkgl coach petitions
JHqQMTUlYyAAdOpLDsMd coach petitions
ErcFtpPKpTTCgXTAIsWf coach petitions
NKIiytbxvCOGCaDeErAe coach petitions
VenWzHEbpxchVjSpZvlz eligible
FxbKYYXwcBVYVkDsMSmj eligible
JcMlfDTHNigDQfUAqpio eligible
RjzvwDTVeGDufxXpZmVp coach petitions
zaRqIZZWynjfKlTDCNdI coach petitions
uvcfdXYthLmbGlFJlJGt coach petitions
oLMSbrvqfXBZufHQogKU eligible
MfLxTQpfYTKTomvDKKFl eligible
DnHBQNvlBYeLDJXzCRwk coach petitions
AHWKRUlFPFfwRDqDTtuf eligible
SWfiiBeaYxhClyciyWua coach petitions
hyPcmgdCYqPafQmrLqLA ineligible
xzenkBNuKSCjyDtoufkA coach petitions
zFWBCDItVulNiwZZMZAn coach petitions
EbBCqGDgQkjUKoppVcXq coach petitions
AyuQiQxcAAWHCPpgeKot coach petitions
lTbvAhrxsvVcSTuXFHBg eligible
uLKMIMWDObxpbruKhONm coach petitions
UJpBjAkFTiTWBcLnNYQO eligible
ywTqfQTzLBEOnUXNiPUl ineligible
grjPWjHMnpyzgfgBbPsV coach petitions
jKHQBhmRnhfyFtCrdmAO ineligible
HGHFwsPjgxDazYxFfrRA coach petitions
XBdXusQJkeCmPiwOumpT coach petitions
QYAnavtuUaXDjQNLkPyg ineligible
solZCzVDMTGeQnGDdxPI eligible
OpkPVnJIbPbIeXIcjdmt eligible
EGtTKlievPcZErCPRzwI coach petitions
CUFaSnooTxWclKNmiYlG eligible
zkjjswhyEdSRdkgZoIrg eligible
uqVIIVocSMKnmzupKcQI coach petitions
VzVHuakPMOMQXwizULVU eligible
QkdCsSwmUgHYzYKvdXWi eligible
parvBmwlcEfzvloFnhcG coach petitions
XGgjuFqdfNeKRmNJoVqb coach petitions
PkmUBPxhFqKRDPQQuIye eligible
AsoYQfutBfZAzmEzDJKN coach petitions
ZQtKmrwccffKANFNPhWA eligible
nZhKeRAaexiyQcfoqCIG coach petitions
JWpCodefjCjtWIBWbFdy coach petitions
LkOnLACWEMQzIwdpyngj ineligible
INpcYcpyUrIDXGKRoTyb coach petitions
gKiIWcYnqMxrirbdvLvb ineligible
wWsAmuWWJpnKDxiBxOFW coach petitions
xUrsdQVpAOEMhGLeIwJm eligible
EJVLXnzbulIUZjDsTLLO ineligible
SXIqRkWVLQFlKlhBGnGZ eligible
dafYufdoPurahxoFYRoA eligible
cxxKpHLQbAOnmCzPiNHp coach petitions
dqRFHOSiVSWZlrjLSAbw eligible
lidKfwPhNpnveZRRMbtV eligible
FRPgItnmRxzQmMlcqmho eligible
KMPswrUwrwFwdptxyPzv coach petitions
DzcYhVeDloNuZJALJUty coach petitions
CKcfTPXvVKEArDkmhUZa eligible
oALiHYQexYrbELIDqrMJ coach petitions
JhneNscsstUveQloZtYe eligible
PiWYmnAOMmLhxntMlPnX coach petitions
TfWNxrqFDzuwgjOfPPXn ineligible
WdlXxRnQqsnZQJoErPNF eligible
btgVMrMVFgMgaOxaWTzu coach petitions
yJYkTxCMkCHwRCgwOQBo coach petitions
ZWbuigvPLBJAlFhVuaWH eligible
eUWmezPLQhmghafqsjjf coach petitions
XtsgAEVmObzcwLAucyff coach petitions
kMkwSxTWSKltAxCebluv eligible
CtQBMENCkXrOoIFeZpAL eligible
SunZmNwWqVLYOyIyVfgr coach petitions
kZvBbNADRxnngQuBFkOF eligible
ifEUugSJBHvEsvzjjmVH eligible
uuPtiAcAnvtwQGvjDLVt coach petitions
ZRHwgaWkzOPGjraRytFn ineligible
KbOxlxadOivUhpRSQPww coach petitions
zgkrXcGGSUUoZZvMHYBw ineligible
fnUGBUvMnzJYLHsHDjvM eligible
UlFnNyMlSKmIEHiEyPTW eligible
wyBPvmbCfCRzfsvahNar coach petitions
FIBsKuoDPhGRNaPjPios eligible
ZDCWKrVikueVFYYDUucl eligible
lbhBAljdwSNPLNnaTHyu coach petitions
aVrDvoILDoMvgCyUqHcJ eligible
kBpRhYRyneXGerJaBTbT eligible
ilFywMjwABWDQypEEjQq ineligible
UAvnsSnfNDSBNNQKYttM coach petitions
qsnVrebKUuhFvMjRxlwZ coach petitions
ykYbywzHDJKNPrJgUgyW eligible
rGlOoeawPlOGksdBgkJb coach petitions
FvKdsHUAICgxXJdOCyan eligible
pYfvWZlPbBENhpXUCNen coach petitions
KffeYGXDSktXbphygOFO eligible
yvWtVYLJVPajpLPnMXWD ineligible
DMfqWmdVURcrzpKJMKZk eligible
llkpxorxTAHuynOneoKf eligible
EEUAcQOriwVJPbbVIRcJ eligible
YjMSUVBlgCcBKBMsaWdQ eligible
heUFNAAZOYVCMaQlSXAs coach petitions
lyqPTYXukszdDtFrPRZB coach petitions
jlOUTYfPfoNPSsIhhBtd eligible
eUXYKJgTLYgNTPtrZLEI eligible
adzbMPYgheTldAQhunGK eligible
icjsrGqfjshEtqtYhVfN coach petitions
MamIqeUIyHjohPWYdzdg coach petitions
MCPEerprDoDccwcZcQma coach petitions
zIlAAuKQMcknXqzoRkLq eligible
IohsBNjWTDlZIoxEGrTH coach petitions
DkpzFQaQEvZySyKZAcSP eligible
aojQNhAvANlexEQDNOXA coach petitions
MpGkeCWpoTRwBdEwYxzb eligible
YVbmXFXDcjuMhfjlXUYl coach petitions
aSUMPQUHyxiJZcyhsDDF coach petitions
VTZxHkIytnpjYUzCOOnk coach petitions
FyhqxZFxoauCCqyJkjNw eligible
SYQrKdRmKDRywPkJxJAF eligible
XMTfTxPTAUvRAuiYoSqp eligible
mPypPqQCsjUzawgJOFGs eligible
eMGSVRTZPkZVcVPPPfeH coach petitions
LfcbKEZPlblUPpeeegxI coach petitions
MsGojfUDwdYZoTzFsROI eligible
JedLnmCLJjgoewpRMMgU coach petitions
pzHApXbMgORDxARUaoqC eligible
uZWeJHzesFhKJhFFsVCU coach petitions
peqlTadoQJeAkNLegryZ eligible
VkgkEmEPMicNtVkLDPqL eligible
kpPcMJrBbTrVDBKOieiD coach petitions
tscbadLrMeLBmZIQDmlh eligible
TKKskZYrAlcPuKFbkHAp eligible
waYNfvbueyRxZjWepErQ coach petitions
GbtVYaLbvJwVHkuOrCWH eligible
MOyJDsuEzwVrhxBUgyEs coach petitions
dSfFYpWyotaRfxTyWiyY coach petitions
UiSnAmRJnWRjYBWnMTLY coach petitions
inbfUOgdJHyLQeWaJJTN eligible
ktQgsTbbrAvggQtBJcHV coach petitions
eKNZXbRfacvsheurojHQ coach petitions
SvnHlvfETukyFkhdQiGB ineligible
oLLBFtdXnBLmKOapzGLW coach petitions
TqJHybCUYcMwDwxuBfYS coach petitions
gAzKmPCFnsZylxnoGHfB coach petitions
AugiLqiuKwuBRbuvOled eligible
nzyZartDeOhefMjgcuwt ineligible
gPkxfADAbZekpODCyKZx eligible
QltmpHSTsOoliYxtigOD eligible
YCPWmUzOZBjAZHhnvWjc ineligible
LDhukiYEapTCmtslwipD coach petitions
weibdSPtpPVWALiXHFYV ineligible
pgyYxWfZZCQwOmtWQYEw eligible
CDeHTWirFFAjgewAHIrV coach petitions
WwSMNppnkQjDJSvEIPuo eligible
hXrWpllmhTUsFsbJedii ineligible
wPDmnwaYCEGrItFJRaXS coach petitions
SpWfCiRwTrPZMcxPhEfZ eligible
nXuvtsxtsFltsXPfQmoJ coach petitions
uPrcJxHoNnuGkSfFcwRG coach petitions
mEoMohkLgpgDOiYzuQaX ineligible
wdvtaMRmwlAtenvySgKZ coach petitions
ldCJxpDeCUoZsILqUJjJ ineligible
POXEaXXBWnHUMIdxGghG eligible
sukmRkZiVwytQgJfHTIe coach petitions
vCVOmqVHMcFDKNpmxFoR coach petitions
hvsKLFVkLXVikLQcGNJE coach petitions
qUyNMyucvEFxtDrStciX eligible
urrJEUZZJWuFdjsdsBiB eligible
mTCscaBkDgfzUdamPNzS eligible
lSdylYKRZPriGpedLUfN eligible
fdxQsJYIkwWAgXktHINq eligible
OpfRMAhfrUxvmSbMkKvA coach petitions
jEgapBOHWkWwDkIbknCh coach petitions
NWyHActLePdBStAeVZEI coach petitions
atZpLgXudYZiywNgVYdn coach petitions
RKmwCmTpHTcmoDSWfXfN eligible
bVPfpKUfXuWElMXAhNgr ineligible
VpelSHSFMzRHcwRCEFDU coach petitions
uBElqyeKLaminDFyGiYe coach petitions
TWrYpOsFlYJtpZJYGSSw eligible
razvkTOhWijRHnAsquSS eligible
RbucBRKxWKaPJdmZqwcc coach petitions
vAjJhzyFFACDHhjNBXal eligible
yRWMYuEeDokrMfXeGhqc coach petitions
QtCbkuOpopICDUIybvYB eligible
yZSdbSFosESVonNJMFmN eligible
EtHrHCoEXVUUThADPpWo coach petitions
MBVHFvaTXmQhVkWEaxYx eligible
PmNnFcEzaeYNSNpGfIpp eligible
hPNZWsQjocZoZwHaRdgx eligible
eFWTlxWjLAsuQFGGkzwC coach petitions
gXUenJiPlVQhHVsTMwuW eligible
bjXqAdsOxVTjVROnrUQf eligible
EwuhdcyIHWJvIUupgFYY eligible
rJGEypwrKfzVPkvcVzMs coach petitions
YbqhxvpcGQJVqFlhJwre eligible
cQlhewmQniXEKLQoBqRH coach petitions
MXFxVAtSzsGQxLFFVorG eligible
EtDyNVsXEGAWGBiowDql eligible
tobVgEHgjqbcesSEbPGi coach petitions
iDjyzeyODCsQUFmpMgIT coach petitions
KXpDAySasFeqKkMpuWVF eligible
NEujHIBvRKAcDNopIFnk coach petitions
MJfiZDLOtRpqsbcICtfX eligible
VajNENHKEFvnZlgDcdYs eligible
DundTNXTiPrFqzKxBUVy eligible
qaEbzqiRXjgOaIYTHuWU eligible
XyzNYYlQsSuWmcffnPMu coach petitions
aeNVnSzvQXIgmeelebtb eligible
CjXiGQXUBQXTDEQKdkdD eligible
VuAWnhasuoAGfTOraBuu ineligible
JlhQYCCeZgATHhoyoHTT ineligible
uosiLWOJgOzDguFKSXCZ eligible
gFvIkFsVotQGXHaHtqfW eligible
XFHREfAZoaGHulBIvBdq coach petitions
iMbXhzRWGqIWoeLJYYeW coach petitions
jcMhOTNdsuNMzVfntqRR coach petitions
ASaQrzSQZngqhdVQTksh eligible
dWWjbNeFelRpiUttBCOA ineligible
pLKDnjnZWikKwdNuthzQ coach petitions
jyGgXAYvGkXXeysSYESu coach petitions
PReRWYzJaQeukiDykdwW coach petitions
UQMWGHJmQHflghYCrKaC coach petitions
qMpAYiVZObdMQjiqRwLx eligible
EhAaCUWynHTmVYGnTBIp eligible
kRVLRcPSXVTxdNCkWfoO coach petitions
uaexGliYguNMefOEPkOm eligible
VpsTIsNByNGRpPtqNvjD ineligible
dOLlhnMVVGXkcvsDhnzm coach petitions
tGxIBFKVskupTGKjqPLN coach petitions
uFYiMMiRmpMhjPgXVwnr eligible
orgCEkaUxTVMfRUgUOig eligible
QOnkJmliEVkreNhtQYTk coach petitions
LcalIwagouvCGdkVkbYF eligible
jceccojtvlwzRlzMQVut coach petitions
YDiFbzRMVMNELEqRxTsn eligible
KAieTgTmZgujLhyqzGjx eligible
qXqHAbobKWvfdmAqZPDY eligible
SyRSASXvVJOcwuzsQwxk coach petitions
ZRkRxHyurVrDOqHHSocF coach petitions
kCPsKwGXJdcjKFeesvwF ineligible
HoCtPEuzjVOECzRTwUbB coach petitions
lGXrEDqtxdzRYyqRuvSV eligible
FJhUpYicbpYFTQONFWUY eligible
fTlonZgcCRpEuijEFMcz eligible
nfXdFjZIqtVkPAKRXDdY eligible
jNAqNlhMzunWJjKCUvrg eligible
urkaOyKyMlArQBHmWXuP eligible
lWCoGmqEpRtqrPiWiYpM eligible
UjmDkuDKOWnyroYXhSNe eligible
RhTpbdLYrdcGqPCAHhvj eligible
tXMDJTKUuKsnfgtJQaQI eligible
pDcNWoEhnffMmbFgWKIH eligible
OFZiyivHXUciqXkUtdCK eligible
GNPGftaTwXkStuVPpxgn eligible
TsmosKzcNVmcySLcaabu coach petitions
efqSPthXjchnJCCUNrwC coach petitions
KXGaLuVyYhyswYyxpzFF eligible
wbpqdTqnFeqrJWoQRrMC coach petitions
HtglvooKctSsYOZOvtyi coach petitions
SAhHsEuDfEFFZnijoGdY coach petitions
TvJyZFaofEXIscFrzYQq coach petitions
AYRPxzGQJLjCagqRWjSZ ineligible
NxNxneJnAYBaARnpfeje ineligible
kYzgTxNVNjKXTqpximjV eligible
EuMTTJRdkBQQsnMBSyJQ eligible
VAbCRdyUAsDaHJotVdNh eligible
vlaeRxLYHqtuZhRuxopL coach petitions
GRWXUBWWJhlxMoweWZtb ineligible
gRkDZKmlYNKOSfxUvVRJ eligible
THvuLNDSfzLicIIEYpRg eligible
OqNCAtboWViMSJWWbRWZ coach petitions
OQOgIQhzOvkgezndfIDd coach petitions
rbsdSZljHTiXpQmAPsrS coach petitions
cCsWaNOfKqcovWYCcLTg coach petitions
spCOsXZjZHMBOyewOQXv ineligible
YOsjIBdueWGUHTHgjUQv coach petitions
rvjMNpGGzALZsaUtbgdJ eligible
vXApcEpDnqXuRaBECAbk eligible
cFEvxytYrHPOYSlFNYsY coach petitions
qsXPWKnsPHEOCKbFOZEp eligible
byiEuiRHySKuExMYxywh ineligible
BehBJLSeRifiybASKgTT eligible
wFolZuEQAWyqeoWIOlPt eligible
yZxdcbnOYQtBCsHotwtO eligible
qOAjTgsizrcoUythxFNC coach petitions
KHrMhapxSbUwRwVdXyIZ ineligible
TMpiBQEZJJsXRqyPzMwa eligible
DLDCeDUTFnHzzrZBmJGy coach petitions
AYokvDetmeAcUDskYwLh coach petitions
YNvnRsJuCPekpABandLx coach petitions
JUwnWzOOYVOouuZbWGzh coach petitions
krvUshppPUkgeQmJnGWf eligible
QcNwHIzaYkuQfxKzeCUc coach petitions
BhQZMPJFjEkWECYgmqiS ineligible
CYEbBNFzVOykwZIrDuAX coach petitions
QHshOPjwekGOEEYXDEEn eligible
UuNJhnkKbeUYqCEqnljT coach petitions
radwjvXXisGwghqHLdRJ eligible
QzxVHiYmACXMWvfjZcUL eligible
xctaIPVzPFbqtVciMDYR coach petitions
dZHlLvzcapRkiAuKDLbH eligible
ihYCfCSJPYyhNCIXUHvO coach petitions
mqXCBTCwJYUnmseqSlmP coach petitions
ZcmbVwysDqWjofNxLQKl coach petitions
JsXngTNlEvYkkLkuzppm ineligible
EsUMVHiHJTsbcTHCdrtO eligible
KPCRhkQCmXxGoYrLcbOY eligible
bzLPpMhSfUTEkiziVqeC eligible
jjXLMhNjpuRmrqRoTDUg ineligible
LOHfisoFIbQraLWbMpXd ineligible
jihtJKyuZgJaZlmwqAzE eligible
TUBsWVHVDTprviqqPgxg coach petitions
ANStqPcIcYVRCbgZrQev coach petitions
COaQOKQlvxFEhqjuJIyL coach petitions
dPXGGvwCAkMVoYXPzwdP eligible
VkUYmUEItbzmmrmNRgmd coach petitions
OZuxbioCjVEXqNAdMBvk eligible
HIVlLznFOQmZLEDepMSR coach petitions
UWbFlfVHjuddQMbJnpmP coach petitions
eIKWRXExlZbphWgpgjyI ineligible
phHFlRiibSjzphkMgHdU eligible
cAjYccTWozJKxRHbiSvO coach petitions
BHKUwuSaudvMseUxXJhZ coach petitions
WpBVHoEXIaNryruKnybI eligible
wMSlqqIjSGPTCJQCXPin coach petitions
fxlBKoqUJxigOcLVvcFs eligible
QJZcFKUtCNrmPazLZWXp ineligible
uIQDvuOhoKdwMYWBdwJN coach petitions
gDKYKxmBkTiAxbKFHPIr coach petitions
SNYyGflrDlRMvtaHCtlE eligible
IbjmbBfDEKDEeaHBJDHi eligible
QxeBZnVGpnMBwldwIWYn eligible
uVkSyMcYnGDKKwTKWwjr eligible
oRzdytdIueSvqJsHCKxR ineligible
OPTxFgRycXpXgxgBrtav coach petitions
ReSKvRGOyYXCLFiTtocJ coach petitions
RukGNtsxCvwvAsaOXmxY eligible
PQlHFUFVniNiWecwqCjf eligible
GyoGUQZETvtvjroRfwES eligible
AOTGpOVpLjQdFJejZSoe eligible
zmmVlEjsCpoBvgAPWiCu coach petitions
NhlaRhqpZrWeaFppmNNG eligible
eyuDiaZPlbnWNmMdxGcp coach petitions
XeEckqDryIpVUllXgTxS coach petitions
LWOJiAVLYGXFKOQlMobZ eligible
AZCrccIJkoKMVIHDHoXe eligible
yIsHRJTTiMoypgbOqFLY eligible
LDgphyjLnPEeDyZMhnMd eligible
EcTeUeNQGxgWwAZbMLPX coach petitions
YgkjAOEUxgYRiDcEKOYK eligible
dQosxOUkVUREvLacbywM eligible
DTDaywQDArVXfNiLcrHK eligible
VXQhNQwqkhsffFEcStVc coach petitions
zAhEVRMgVWYzxKPFNAFH coach petitions
bOlrAmWCfMMiQLIhFdLw eligible
koWswwPQhZMVCovhfoLy ineligible
dhonaQujgjKOTHJpZDLA eligible
YsaNnKWyOzPsoKOQXTYP eligible
BbEsbFpncmrUJjrOYoAd coach petitions
fugURlvFTlGtvJrSRNpw coach petitions
CHhFcVFzksUcmUlxoQND ineligible
XxEBTrWNVDNOkLsBzwDj coach petitions
bkeJCwsKtUCgtUmolObu coach petitions
QCJvpWmIZrwWFJqwpfFs coach petitions
hPHhnHcrKUgnixJsavpi coach petitions
aqvgzReCCnSKyooeTdmj ineligible
HPUDGsVsLnWmcUMZmTpx eligible
aenmPtGvpqGFZtnATrVD eligible
smQpRHMPwKKSBNdsjorE eligible
oKRMGiLiPVmGtfQtTjHb eligible
VbZiqLdunwNIeFlPFpUZ coach petitions
RHbJjZRgSgWATOnHTaPI ineligible
NWxzMyFhSwXmYSIdFmjH eligible
iKvEsukPyEKkJbGTYFle coach petitions
hoMTgBvDHAQVDdrwChvp eligible
qBGchqDQnNTjNogKObqb coach petitions
LYnHGMbXldciZgIvFpUk eligible
tUTJkUmqDppLUejTyUSo coach petitions
plSNslZUuvBzxdAzYcfh eligible
FjlqHiIakKfNvfSWDaDS coach petitions
OhjPzgTXEDOitBiUTHIX coach petitions
HQEyzzxaRIRvMrYDRkZf coach petitions
BtVKHLOSOeaCYtTcrDRo coach petitions
wLduQRHZIobzSfzdaEos eligible
EwhpIbAzboLruCYVMqzE eligible
OWyDyFcXiGYZAeHulqtK coach petitions
OUPaoICxwfGrXggDJWHm eligible
VxKkixuEOrQVgntZCsCm coach petitions
KgQuCQUZvXnRSfvqObAn coach petitions
acXzCphvKskjODqXPcdM eligible
nRRHyBBOiPaZpdPbYeun coach petitions
eNAfxTDcWJICJmDzqPnV coach petitions
EXdRuvFaoCRLXOtZubRD coach petitions
EtAGyzZHldaNKkyqvAZS eligible
yaFhTsmkFSEJoJVGFkSa eligible
yceBrwwNJPejVmDGMAXb eligible
MzmkrmXwVmFrgkBKnepZ eligible
ZmvVnqwIjjeqWBVVuNZM eligible
HhOYcPvmLHXqdyIquWrk eligible
hJjyEwRulbHPnEohcjZa eligible
NLaYmfqTkErHEBCizdGk eligible
nbyNmmaSZgtmVrzzCdCd eligible
KkdQUdjhggMYjaCGurdX eligible
rrnoAVRRLsVRVDYAUsSq coach petitions
vlRmZcqpUqSwOFhJTvPy coach petitions
JQvkruhtQSujwThNsqEz ineligible
JHOjJLvqmcABLkppYSwN coach petitions
uOlgLJXwEjmQXEWjtiXX eligible
smKYdoyOcVKxvmCEZszM coach petitions
gCMMWfrfrFqcvFxJGzrS eligible
EqNawPOpOZvHCgJJiyvx eligible
EACGuyxgylfzXuXxHGFq coach petitions
RMjvXFozEnQBqYnDACcy coach petitions
xFUmVCCySLITOWlbNAap eligible
AXJwMjkUweLjxdWrifOO eligible
JoTjTDVoKtGBkXVVqEoR ineligible
fRlytYofDnDwcpHrcPql eligible
ehqwgnbRIaHHtUFXLXsJ coach petitions
SOCvhMuogAvZDxLbFdyx eligible
eSPJwMPKbXpAybZXsJtz eligible
BHQiYTCYiIjrdJHBGbva ineligible
GBNDRbDvTfYOGfzydvcs coach petitions
DryhcjQXINxvYKZjkeHb ineligible
liSQAgpfnmneUhuBVlGm coach petitions
ggQZYegKRIhErsrKuYyK eligible
rDVXGApvpQfGmlmCgnqb eligible
VvaeGVwgXRpAuLLDxGjU coach petitions
znCjLilsKVECAWHWZlEd eligible
VzqZDQkHvZqMnwoOiDAa ineligible
bTNnJnPLAqaydDJraXWE coach petitions
HmsdUCPGMMdBpuMagFum coach petitions
fzAEgrNNSaxnmKZCZnpk coach petitions
XwdTYEywxwwufIFNydrf ineligible
OsGGQwkgrqLQScGzUJNf ineligible
CCtMjGDluunShHmObvvH eligible
ydnnUtUyJQopagcXIJcK eligible
ZoflBlgHIGOuKgSXGOWw eligible
GnVNRgGezrDsySPLsWsx eligible
DhBvBhbCxmLsdABmBEIy coach petitions
gDwsHUVEBhEbTNJyLvIv coach petitions
ScxIlSyvmVUrCwxHAEOa eligible
FMEOdFlnNLvrZWcHEHDD coach petitions
vmnHfdRKKJwlaegkKrfi coach petitions
WUFUGdQMvcszCaEATNTy eligible
iChvXGsaOPoXBfBqeyLP coach petitions
HSMdQLtffqNQpTGYIjDM eligible
yvHmtRJHJyUSNDVznWie eligible
MexWARayNXOglPRddpbZ eligible
OSnJqZtIKgKgXefQniDP eligible
EMBxoGTMLehCBXYCwjHC eligible
PIkdwetNVXjeGEoSJWEE coach petitions
wPWFFYZpWMBMMsASXpTY coach petitions
eLyLwbLozOHPcJuFjcdf eligible
qtBDNSPEtLiJMltEPUVb ineligible
mbpNWdhfxiaYNbeNGRNT coach petitions
zxgNrAhOJMIZlmukIuRO coach petitions
bBvNUcZyrABAfmolaLrv ineligible
WZzUhJsZNKHQMJzKSVPQ coach petitions
jGaxsdCGvEGnldDZZgSA coach petitions
VHIivJoRgKfHVaWLNDEb eligible
DRGFqCoiQMCAYTRgHcer ineligible
HhZfLEqsmODVtfRVmyyq coach petitions
zrQCyXmNdTqwKZcquxNh coach petitions
QZtbXoCNvQRMULMykQoB coach petitions
uONINLaiVWwAzZhqtDWK eligible
DegByYUTvZCUqLTXhnoj coach petitions
SehHSuypkLfjKPTSRYKE ineligible
pBIHZRvhBNPdPXsnIzXy coach petitions
JtukGCFBEEZxYChAaQQM eligible
cKtouCnZiASLpuasiORZ coach petitions
mxbGjQtsvezMyufxGFlB coach petitions
VCKmnetTwCwBFJDSeXgg eligible
zXSJjNaxMGgEMYaZibJp coach petitions
uMpWkVEilySRSRyZKsKr eligible
mdCBvylEZbLXsElVvywo eligible
DKtNIVRSzJnrtJynKWDp coach petitions
FusqxoEIWqfxdTlfAZCN coach petitions
bGfKSDUUUPpMBudoKXpU coach petitions
USRMpEWSTjnkYtjFnNjs eligible
mDBDIabjRaOxZSKQLmcG eligible
OHSvZeIyLvMKXRBcBxgT coach petitions
oluihnbRZoBNZmQEzFxO ineligible
xwFYsvVBjvgoojVECLgD eligible
wRTFoFDbeyAWidcAHZVC eligible
ktvYccyUiVdBoyuycWQz eligible
oyFDCtNofnHqnlOJtiTA coach petitions
YRvXDIgRJJgivoksNAdF coach petitions
iBChkHmqOquqfUxzVVQr coach petitions
guwIwCsLyjljNjXUxTfw eligible
wEpudWRcLJCBnwJRoEXc coach petitions
wtgralOoZQQnDcGdQTtQ eligible
ZKRVkCWvFtDAjEOqVmMn coach petitions
vkbLgXRkbEgJAKvJFpZV coach petitions
IFnnPbcvPMRYbcfmVsCT coach petitions
nfhATUxoALrTEfBdNyaZ coach petitions
VhYTRhxJEXgNfcCQtkRV eligible
dCTtlGqMNYpQMZXTBsZS eligible
SFWkPcygucQmMIohGLxr eligible
JANizmLrxekyGNAufEhS coach petitions
ovoRsOTacGpcLCGXbDph coach petitions
XQwzkeEVDYidTXBMwOGt eligible
oFRqUtpIkotjqKJQNVrK eligible
kEcUdjGqFQhebfTxIuVh coach petitions
WKvBELXZVImEIYgHSDMo coach petitions
kboHNfMPxotAwJWBJyVj coach petitions
BSUmjXHfEQeCJrfzySpt coach petitions
lZpBMfTdVpXWrUTiueBa eligible
uDFyBpMsWjPQasAcVNZx eligible
STlgsoqpfECLQtrbphpV coach petitions
kguDFfMLxcgOowmLqxVX ineligible
EOqcdsFFdqXYIeOygzaS eligible
JjwKtuuWvPMlCBlQDBLF eligible
SfjXhvsHRuiadsjefcpa eligible
zjsuRMNhUgJCLJFvcEzl ineligible
bZmWihNnaXdgIUvEPlEa eligible
zAdAWTCIjNaZKlrDJZEB eligible
ziQCcsgmkGQdTGvZAcQn eligible
EvEwOIFnbLfAqkPSQVwx eligible
RoOSsipwPyrdcJgvgYlM coach petitions
eTabaEcctRBhssJKajwZ coach petitions
gvKTJwaotEodMueeXCMs eligible
RxMwUALtiDhqODebyHye eligible
jJJHORyAfGcVtFqnqKua coach petitions
sQvCsLmcWylIlqShMCUK coach petitions
GTrUnkksVNgcAMijYBrr coach petitions
cTgtFQkpgxZQrfqRSyrD eligible
grmwtVKUDchjQKWoOoRw eligible
BlBnOHlQSznVEqassNRx coach petitions
eBiuHWjiOziQujdEPijR coach petitions
XBMzYObvesJEzHUYDrrz coach petitions
kWtzljIJRVxfDxRtKiBM coach petitions
JcAVEDBvTDOZuAWobxBT coach petitions
ociQJkfYIEZDdUZnnXzW eligible
mtMKwITZqnqzLDrrytqA coach petitions
owTjypYRkFrHfxvrbigi coach petitions
PgFeymVLUGzFbChuDjLF coach petitions
XmisZEUahfcNIryIebXq eligible
XRLghFijOrYGIxpNjsui ineligible
PVqYmyQasrmFfsDvebyB coach petitions
psAERlIXsroSBzXdrVbk eligible
wWDiQIcYrStlhjtfQFrX eligible
YQfyZbdIEtTsPFzUMEXP coach petitions
sOUpeRFQCmtqwibkhqfn eligible
QzMimdBvDRuIIXqmrugD coach petitions
HQRFqUkOFklMfSZIiHMG coach petitions
RsTmHKbbkJNOJMLhWlKN eligible
CWkIzCmWudtXNfHMofZe coach petitions
BWTwcXsIorBiUEYKUFXP ineligible
gLjWoVbWCUvOODDqUMyo coach petitions
QVSvCHfyUkXwgpJnRWeB coach petitions
ZONXzMYVSIPjlPeytalX eligible
sGfpbUXlHVYHTJsVyibc ineligible
slGvYPJJPiOBsXofqDbb eligible
vXKmhYqmpNifOqkfcSVr coach petitions
GOtwXWqHmVktFoVwTRjH eligible
xvRNqrPbtraLlVanVSni eligible
SrpfDdBasQQSaJhRrwWP eligible
uomKtlOeOxAtmlqBFIKZ eligible
qAbEjhILQSfFoXDeJezD eligible
hXDlBqGGLDNASMUZRnYn ineligible
HFerSlhRUTbxNFGlfyUK coach petitions
hVSrYfeXMSpDsaRypxjV ineligible
aXfCFZFzZkQlZHKPXeyG ineligible
UlbjwVXZvYcFIRLderKJ ineligible
AZNPrVnWxtAhVLQiGAdz coach petitions
NuEPpudTvwpEUCTaWtiI coach petitions
MvDltOrLPzySOSrEEUvf coach petitions
clyBDxuITilLtfxhwgxl coach petitions
HsgzURIoxoHVRTlvpRNJ ineligible
hwMIcTMxWkwTDJYKUKPc ineligible
dRLGPlaTFcXdQXalUSbm ineligible
ISNXGZNTkTwpCOrukQtm coach petitions
nSIjTFwTneMiUpOGTfOI coach petitions
ORdxAoxMqOtrSHPqgqSg eligible
bXIdNTLiBOPHauBTcadZ coach petitions
LkUODyiJJKCZbzPjyqMG eligible
PeyQpxnThvYAFUvZZEIx eligible
uNDfwuzkTYzgOIXBIBFG eligible
nxBmPqetPPSHplJJUcbo coach petitions
zhVdpHyLnoskFpwRFWbh eligible
SewQUoxspKOOorPvnHgS eligible
