oRQMwYjaPsfNhiMsVKVq coach petitions
TgIuNfxpVpvWeSKcIRqA coach petitions
RUZCJZnWcAVsNugAJIIK ineligible
CvhfPqEtMRbfAMKBCLgP eligible
FHnTcSIRadesesQIACIv eligible
zJBqZpuWJUvKrxOAovJD eligible
pgLHHJnzyjbHaSKHhKVI eligible
WhbvuObUhUgCKshULYLW eligible
bVcvcNvCAhDBSEEafARU eligible
gvkLRFvGafsHmfEHbOPs eligible
mDKzcEaqskmambDTAEcX eligible
krcwrcmEEWbAeHUotKPm eligible
WbfgxkmzhEHOlkIUZRJH eligible
FULrNcPZupXvdQqVmNVQ eligible
aXXZLOdYBkixzhZIgFgD eligible
nHOkklFOHKJsgWffCHGl eligible
EjnDkISzpZnNHbmlIjYl eligible
uMHlraRtofCzHcsVYyPa eligible
WLiMcqTJqRHnAxeYDGqm eligible
EJfZJDmRavFnQiLRXSxH eligible
GSOVurmofWqFjQBXsXie eligible
VWYXTroCmmzqWzCdbHPf eligible
ELdffOanKateVLBrLFIf eligible
uyYcmdQSpZfhDJKRyuZw eligible
XiFdbJmOWDiULoSuysOA eligible
EoykUbfSiGtOKaDfzHVG eligible
EmoeBPrNzztlsIejwzGI eligible
