zqfQugabjQyNhMZKBmUE eligible
rprosYtHDcHPTZKPwplT eligible
udQUGkgtBcPeehoqrEmn eligible
tHMWGlfPwrleOftvXulx eligible
rRueBcEdSuQkXrQxvqqG eligible
EoaQrNeqEqyPCACpambY eligible
eSqFMcmVdfbUFakRUKQK eligible
CwAjLJfBeBeMkaSMCByF eligible
SagpXMUtUAlKStgSOJFn eligible
vxlNzArnvGMUGUmWrbOn eligible
lniCTDJckPIfECpsHHiU eligible
XbBXuDfjWwFfCOHoTrge eligible
PsPewVjaahwdCcYfYzlv eligible
ueHZLFhEvDXurfTuQtNw eligible
ahksxHZBGvTgTJFreULY eligible
pxrClnorGPYyBAjJKDXs eligible
vGhAQOFCaJwKtwlppIOz eligible
qXnuRjkCnTHVRlXOtjPs eligible
wyZubsvhUlufIwfIaAJr eligible
ywWhtQynRjHshRaeHsAX eligible
HfhnMKchkHxOsofeKVld eligible
dtMMCUjyRJmqaPzuycKo eligible
AKkRUwmQEecinKhJiBUP eligible
pusPNdHjwLxZdKrqpQlt eligible
nPUKreBzOnYuUavLzTRM eligible
DzFbpRYZERjVRgbFcESp eligible
ZCFythWiyPToXBYCDMPt eligible
ldIYxQOVKVeoEVzGXKdI eligible
HNoDQLjEaYTQVgCczkvy eligible
LitWLShtSzCxWBWxXQDr eligible
djAdKkVnlsYiDOehlTcx eligible
JVkqUTPCFjoiKgthNMvX eligible
lQsYhuUGGUAtGqmigrcr eligible
cshDNmmIhlBWKRCYQpbH eligible
QPfWEDKZdFZbkGjfFAoG eligible
IgSTLeoDfzayyXEDSqni eligible
DqRxyNUczyEaJWOiEEYG eligible
JSpYzGUBKPZaLazlgnnT eligible
iOHysbUYdGwLUTfAAlmF eligible
mCYnjntSawwXjeCNOgur eligible
qitKMchdtztoEyZQRBwI eligible
LlqDZvhpwuwDAmjlXxsd eligible
gxbwMstzGjutKcbRFtpN eligible
xJHLWikcGXiDfOJTJgTt eligible
KQIokOBTAvYcBEWsPpfj eligible
lwOSTkqroazcGyygCRiT eligible
QHyFYlSDfpCJOTGFiqXy eligible
XWzHnlAFrpPwjzMhHBJD eligible
BDpHEwUGSKqVdfknyilq eligible
pIPjKsQdyNZKzFNLyPRB eligible
VZIiRsuWEgovnrsMeFSy eligible
tiFtgsjbuQdrjlMgKPIQ eligible
WaFAConIBLfbOvbYgrSV eligible
XEMqWgowtwexzKCjCJFO eligible
NnYKFAMryrOVCgIxKdNi eligible
CkHAeLfLwZXaIwdDEoXv eligible
rzjkWsNWsaRzUHrWZCYB eligible
SUbOwCPgrpVsBQtuAiBC eligible
socdJFUYHfFMzDTwwpOy eligible
OsEOWqwnsKonRMhCDnHP eligible
qyvRFtAQgqriLGHqNrPO eligible
rOafWlxYEEUWAnQHtZGE eligible
UnkHoERsZvMeCeNNINWX eligible
gDaQvNYSMEJkZOWRjhoI eligible
QPBNpxPDQYgXInJXTcWf eligible
pwlvwnWhnnKQfaUxXbnp eligible
rgZbpPAvscIulXdBhUaS eligible
IRsZViHzJtrjeZtBUmwn eligible
EFnXgQmrTduVNDaiaWKs eligible
ntmkJnASduRUBZmPHdey eligible
qOIKdTFCRtAKvBqHcRTb eligible
VHlbWVRwjywmgEBOUeBX eligible
IBZzOqBuBHHSulWBsJAd eligible
lKoHOqtqXvwGqYeikEcA eligible
TqrItmpRnZEbPXEpejwX eligible
tlgtPEaBzVvyGXFBRSPw eligible
EyDkPZePgUxAVulewHNs eligible
FMOqGlbwAnesdVoKIhRG eligible
PeADFuCJKzFtsUqIlXgV eligible
FHSWnfwYLHGYYWDRfWDe eligible
IMxASppjcSjtoiRalrfq eligible
FHZLUMtcLQDjcMxBMipT eligible
rtnJELznXGZFZFHDkPck eligible
JoTjkZgWNqmvCrIrCyky eligible
yrKpgyPzomGhPAsWuSVp eligible
zuTLaUnbfdaLMiuEOtgg eligible
cwfzTFERGBfqQZoOgoOI eligible
SatBcolANSJImqHztfOz eligible
IUUnNSadfHCjGLCwBSjh eligible
cMjTADScPfwTHNvoHdWN eligible
vovazghsLFRLNjlFqseC eligible
LYBSWXBMGqVUgzmBENts eligible
OEJuhGygIlzKSAniyYGl eligible
pgRQrwgUonmrHvdGCBXg eligible
jQJYMiByCQeGeOFHpHSg eligible
MGrMukUYAIyQuivIFBmq eligible
MGqVwxwgGWhQkXZCtCzl eligible
ZdYWYaGoAVQiYumkHPNz eligible
ABwJmSteOTuJuvYWjRyg eligible
HyLLinhOrxPPbePnbyHH eligible
LQjcMtLmPeToHnosSQQL eligible
NTJjfcmAEuJDLaMwtkiN eligible
KqXVKUvwpYKbSaQYPJob eligible
rtxbXzPwjLEDOdtBbTDT eligible
ZQpbWKymBvxJllGmlhgy eligible
fUMoKRauLzMHSlEuivGy eligible
ndabEgwyTWztApHGZtGn eligible
dRyUdgxxNhegntZNXjUn eligible
HTolgAAPejzpPEplwPJH eligible
zuromoxWhJHtIqvcgVHc eligible
xDURyVwcYDPQYpRzcRBj eligible
mtDhAimozeMpthYJVBeO eligible
wnyVvvFdwnpYpSoYYoTD eligible
rvaqTMRGboTGIRBdAswg eligible
uUmriQSKRLfVkGobEJiy eligible
xZwAfryIIKFwUCDuZnAZ eligible
dkxVCyEtmRPqRTkGCbzq eligible
IokZeglHlXpeYMloBFHL eligible
JWlheEMAFXeCSbgfIYgX eligible
xAjZwRaYFLcGzwDCQWGQ eligible
IWjEqUFCFhuvTVkGDsLv eligible
KpOOQVxoQRKmbPqfcCnM eligible
wsMvSHjtWzuIAmEzMVhY eligible
vLaqvBeOOMBvZJHXqyRb eligible
NPUGYulofXUJUbCycCZm eligible
vMEBDRUydiqXYDhRLVpK eligible
PzieXeTmBDIeWvHapZsx eligible
NHmkdssLtZmbjOXDiWlv eligible
CzHWnLIQuiSkmzgJIazA eligible
OupjywRABOvKqsxScRhQ eligible
elynaYVtUVfYvXcZkUkf eligible
KrEKksXaDGXpmWgTjdmd eligible
sEStyQUXikpwGSUWAEda eligible
VNMEmYclEpURqncjivuy eligible
NyELWNRUZVzEsiyMmuji eligible
kCvntNMgsjlNbKfhBxxi eligible
FRoZZchMSkgujmHPHitZ eligible
XFdaXGqRWROyHpHtCbAo eligible
EGhDLNKtfkXVFeUcBAkO eligible
YJdHnPicJmsbuYwVTOuj eligible
WixXCmrOiDMUIbnGMQCn eligible
xSRKemDIerlzmavubUrG eligible
EhCAhpEpUqFBWrafBijw eligible
OtGOyxCpTiGopaLFyArP eligible
TSMGaEPMjUATDNVarkSP eligible
EoBnGKmAvZHJriaaBiZn eligible
RpamUUYPmLYdVHIbRqCm eligible
HQpfGiBYmnWShuyjgvvD eligible
SduITbTDzucnDgjzBKQv eligible
eHmMKeIEPKDdEysACsLP eligible
UmZuBSNkNxwkchIFIZcA eligible
LHfupqQipSUjmgwpwlwQ eligible
WTPsYckzGtAnSKDDwcYR eligible
pPoTbHoqcWbnJtqGAdrz eligible
FRmnGsWOFvpKvodUasmX eligible
KuQbFsURlanaiEUSrnqV eligible
cfRtHAlPuIzLiVWwmMTw eligible
mKJdlEgfgnzcSrWZfCZh eligible
UiMqSZXITUohBaVXEmMu eligible
HMGUWJKFqraLoyzjXmFs eligible
qpWMWEHHfjXSXoXjEFMt eligible
qMfIXxwhlVgbuMwTUgBP eligible
lSZoKCzycpKjLvCHQdyd eligible
EhwJOIzmAqXuWnphqfGM eligible
UdlROmTMvxzsKgyjowkX eligible
jhdBWraDASWDassEEobA eligible
pfFDpfbRBItImqRTabhU eligible
JrDMVyZBUBaRTTxiJaiJ eligible
MHAtldiQzIQxZDEhcNMi eligible
wHMdvyXtBsLZleZRCmIq eligible
HFGUYfGNTwHGrnWxYNlh eligible
zEDhLWjnPZDtZAsnRnyz eligible
DyIBZLkVhurtgiXgnqTT eligible
AmXwjLuAYBqNIXbYRXPM eligible
FJZYiQESfICSdXIdoVoq eligible
SRZadSHCZfoKxYfBLGIP eligible
TZDhebNvPsCejiemjljJ eligible
TVZqzTGXAvfrsAllwOWN eligible
jaMkVQwmFWWebMwbHgmh eligible
zRqJHgCCAGBYSCyLigae eligible
BYTwNJlnmlUlNThYYKUo eligible
wRlFFrbwhSdEJNFyZNrK eligible
RPYpAZGSCneqCQmddGhO eligible
DaAlGbPATawQuExJecCW eligible
FhxnWmhxbPNcvgPPRFvH eligible
akdwZFhzptbGHElLFuux eligible
RsHzPivvycCoyhjTnPLA eligible
vbalmdsXdBEvekCquqYS eligible
mMWbDyylwoKMdEkckZmh eligible
QyUyOfjkjrzrGMYHQXfK eligible
HjeJgISelsSaJuoKRnBI eligible
dPOvAWQkliEPjGTHGVev eligible
koOHnMZGTUmVMOgxstGV eligible
QORBjVYhYSrraiSXlKWr eligible
zEdncdMlMyjcpNntuNsU eligible
RBWkGJRcpftByDzupcpf eligible
ZtgjFXhXcJnbQENsVQCs eligible
IeDrpIhOWpcbVlARClem eligible
tWsBNyzHyqwZFNfhXNiN eligible
tCnbvdOfCTejjkkaDPLt eligible
ikbyisJoRglxZbUlBpnt eligible
ZTNfADKSIQyKecuyNqAc eligible
IEfAoaeerOhWrCZPQZCI eligible
ghhygJLJFexjaUVDVMSH eligible
HkYPmrmvFStDdPrZLgQX eligible
nXfTCisFRcovpaIUsIyZ eligible
MgjBKNyBsydKCkgIXNLK eligible
MflVjtPGdZJfrvZLlGnL eligible
rIvZkKeogEPBqoBwuohC eligible
qJXdfFIueIfgFoDoWBgI eligible
EAABlhIdqUWExPemlBAk eligible
WSqOxtthUXPIBhNpMncI eligible
FirWBiLtfWPMphSUEpbH eligible
rJAnexgAAvdCWBgoUibe eligible
mzpJdWSihEpZakNUdKwW eligible
omGBIXjtecyFbTOHvTrk eligible
ZzyrtTRefNDGmaCyOPDc eligible
MfTMvTeVGCtvjBDcKEAH eligible
xlRFPXnVNYWMgUJXwClD eligible
bErgodOTBUXxNQTgBMDE eligible
CkpSIQpjkmvSpJCamvSv eligible
eipAGumtWcNCpAVujAHD eligible
jYIvuBrQTDTuyhmWtkTX eligible
jJJLQzlzqhiOHJLGrrFR eligible
fOCHBvMvOBhRrxiBWHWw eligible
IPJlAMXQKSIRHGhQQpei eligible
hRSYWAhFycYokQoKwcfQ eligible
hIYsrgirWqffbtlGakUq eligible
NiXCCWKrjrQOWiFpjDSs eligible
uGowEFBYANqwWqAApngU eligible
HQGioVImQZiOFGqSRedu eligible
oGYrKFtvbLvTTspnYyjN eligible
TUOlSaCDMItVFGnNrHgB eligible
tEJTwaSpFgjHcCCeKXBi eligible
VJOnsoGllanqJcROWDRE eligible
XEfLMAqjrpwIhYDZLirn eligible
NuyHuPLcrftQvysivQJL eligible
CdEFxANGXxOiSCmngTFj eligible
evQjIivVnIXqovtSQpiY eligible
dUJXObmqGzMpNzHsrJhN eligible
HVazutmCYRSYGZpBLMkq eligible
gaFAgZkcVMuTAJDhBgFH eligible
CvEvIpPtdXyjygtOnUUu eligible
BhxkkqoieuAAjoVHzBaE eligible
SMJRFBMicTpjwEkSNddV eligible
QjHubEsBaYjcZYbHobVp eligible
XKcWDDIqzWFJfIQRrHNs eligible
FOVlAwcImdieYgyAzDFX eligible
NzcXYUzTvGvjFFzUTaSB eligible
MYaiLfgrCnXrRyBxlZcO eligible
UBIxOBRnlOhZxenBXQAQ eligible
fvfYKVMYkPXeRDcuLfjY eligible
yElUfsDKzGIJJBvqoQID eligible
GkxroedmPawQuRgAHGoR eligible
NNfTnTXujkgqlNKSRsxm eligible
azyjkUXtHBMcReSflBBd eligible
MwrWPpnWGajxJzLfTArL eligible
SknPcSRukgOdOhGhjzhn eligible
zxZjEsChqHTbJseIarAv eligible
mtbexoTyIDFJTZOOYqPB eligible
bNljfUtXhHNkoIbRqVps eligible
oqRpmtGpeBexJPblhRoF eligible
fGwyOgvMBhXghjzxaVKa eligible
eYoXmCqWWaQFeJBRYbPh eligible
fISKkGlhzAtkBIBXiHKI eligible
jGCnnkjtjqCtWJDUKAEv eligible
RIIznAZGpzMZkwAcDPeM eligible
kilvRePxbPVYXLxlyAAl eligible
oPlDASrpNXoFavrycsdB eligible
CGseRoTBFMypTjdjWhZU eligible
WtnnsMyzwToQucCHoJxl eligible
FlyBLtdDFaFASqonVpef eligible
NwIdXOUbdRNkXkIQhHuE eligible
nTaztyPTCJwCXzGRuQMp eligible
rzCkGRZesRYGVBVoebop eligible
PmZBLtyokdwBiVBxuKHz eligible
KvavHBvUaxupjJRRAAKs eligible
ddIvLhaadebzChJhuZnm eligible
dgekITXxDRvSFWCroDGJ eligible
djiHMCxWDUCuiATJhiXS eligible
yykKKwauDQJUMWNknmvS eligible
GeOQcKgAlWMREiLDwgvl eligible
bvvMWOLjyfojgpeFVhJN eligible
dHoApCtAhgegSzGYVjtN eligible
IligphPCFEJTsseyNmyM eligible
pOcJwkXLvfcYsxQvDGxK eligible
zEuyMGEGQMsjohHmxcyG eligible
yPTzYGdyzTuaZleuDhBB eligible
IVzLGrjHfmDcHDSFtyns eligible
BdIlwpvhvugjOpFvtMTD eligible
FkhQtfsNzVVyYUJdbjvg eligible
DvhFlRcXAVKzuaBatNbG eligible
CLpSnPDWEfvjTgnpmSOL eligible
SrSMdUShwFXplajVUPOS eligible
yNeALpbcaqRzuxKJYNMI eligible
ObUaXlZHEccSVeQqUUhR eligible
qTHmKIBdQYqNZVWDjdni eligible
yMoZfgOWSfYadHmsEUcv eligible
VExDBODHPHnISeqXJSZN eligible
NcjvepNfdrQuPbCQYHjc eligible
NCUvOJquvyaztVQIzMsu eligible
UIRSQjIWMRoxVmezKMdU eligible
zuDQykiTKGzVkNqiNAGT eligible
LGFBadyHHGYVxlGQQRgc eligible
cEOzWpJOneNlkuCsXnRH eligible
fmYfmnWBWdFuDkVnXOqH eligible
NqEWRcyCnrOexNgxeCJS eligible
UrXnuiFUhyoDIUiDoaNq eligible
azoEwkHAifQBcMBTNKbP eligible
CGdlMIiiUtgFAlmljuJa eligible
BdjLNRGoUBWspfTEuwWE eligible
yfIxIeycVpsHUFAMNTjM eligible
UOjYQNFNIjiTbUNnFJZe eligible
GHNVXhlZXimDRJvKTNQz eligible
UjfFqjTxaejmHNyVXOiV eligible
qTbGXqkgLrWSzCTwilNm eligible
ANggQmLfIqfivaQAMQAp eligible
DObhtUFPqHZWPzGqsPdS eligible
vAbFCCeooubYPFiyyPHd eligible
wWAZCSOWqHsJgejJEFBb eligible
QhRURbDaTDaiITepgdBx eligible
zdefKukrqrEsetCmFkYD eligible
hNUXmPidAatMiJtUrwmj eligible
PeADYgDymnRCZybBRfDR eligible
DffAgDTHKcxHuwofPRqd eligible
kpVcKXashmlHcQikpwcN eligible
TOzkSKaYMfHRDhhgbYAe eligible
NKRMEQowtjSTvvKDOOEk eligible
xLmVpKCsdUHnqxYyybFm eligible
jqHmlfOfsLmbIylLNPJF eligible
YBxSfnYsMkpEAGojMTZl eligible
ixleanvadtbWlGBLbzYf eligible
SASaUlaWsgGssEybyPow eligible
PkNnLRoAYFqMgAzCczxB eligible
HcRsWroKZcImGEddzNXd eligible
KptuqxIDCbyWKGjSQcYT eligible
YuNpKbLniOqNVIYKhcJu eligible
JFWZzguEJOSfHIOtdPqO eligible
vuIFCffTESVPoFBTqBib eligible
xittYpPwjLxkyptIfIVt eligible
wCkycRQXwbhTCpesLjRv eligible
XDZHwIaFcyFhGLFTAhlW eligible
AVdoUYJGJWEEtJNrOyEA eligible
niHcjwmqyAdMwiWBxEDr eligible
ZRoiUZHdQxnBEQbemjsj eligible
fqwWGpUXquFixTZvKJWr eligible
CodSNhzIHVFwiCATKEEo eligible
nkLILJoLQLLupjBhUUEU eligible
wdJBKoPoKIaiSVbtkYhX eligible
qzUMbZnrFkYGpPDqreil eligible
XveECHwRTXsiGuzmipMI eligible
XrktZMOvWgAgcBUsuEuE eligible
UUpjkFBdwWpcdJdDaOao eligible
DlsLsGbAdPzjazcohqsR eligible
uKgfJXRsAARiHjyqTfja eligible
uwjVnUKUHwFfkqInFwUL eligible
YKzNWBOdocAUhKISOion eligible
fzCzUAxqThWOdtzgDlBI eligible
RBHFnOTFVCtLLlVTCGTQ eligible
TcXWhKepFJjFROZRNPbi eligible
FJHvjRcjRaVAjcIRbVOo eligible
RqFubIlDLjYnqANwNDaL eligible
qaApkDvKbGTOrOPRVgGR eligible
mJqhgKkaAJMKKzlnvvGy eligible
OlFxiHuhaSDYhwpUfwQs eligible
oTGnrqThmbusffrOkTCZ eligible
uoCfVdmhJYyheJzxjddm eligible
oCVbVKqdekXOZhjLtqCr eligible
GbEZnpaRmvrRsCYhGjqn eligible
lHIUEngBMoIPCYadoifD eligible
ISxYjNQToEbRHfkWmRfT eligible
YUsZADruzcrNxWWIoJew eligible
HpeUqLZmMpoOkvhympWJ eligible
eiWywHohpGdaZDZFFtvH eligible
yeOMgEyEfqJCEERtpcqL eligible
ydMABMWKLeUqnZmMIanx eligible
NRnKmHSHiItakGRykYvR eligible
ZDDnSqnEmqWQmlzcsJhX eligible
OqvmHhzWmbCDAaKgbhEI eligible
qhsTcviDoQzNIObDYxuV eligible
DgdsHmaJUcHUppnJdWYY eligible
pLlTFBYKcEhleUfnBAvf eligible
VxCAqMIasptlXthYZjlb eligible
tTIdcRwvuSrxfKiaVJmi eligible
WFeEibuCpkAJfepusChY eligible
kascEyETrzynAHiaXInj eligible
RrjJmVMsUXXBdkCyOwhp eligible
ziOnRgPQWpIcPorKrULU eligible
oVDZUMxJXyjyfELUsCmc eligible
PDKZulZUAcBYiIjhvwNR eligible
BQrXgnXbWGtufhkZHkPo eligible
DpoGDnABYOmqxQEnzxCR eligible
fBummYolrCXiblhDThUs eligible
RtyFhGgjjZyoSyMgquyy eligible
MlsOeDfsuUyhkdznQyiR eligible
eZRZpxYNtKOZbWtQBaxJ eligible
VPavUBBHirAiGYflPGWJ eligible
IvCpCyFvOTJxusQNfiwU eligible
VGYlhnAxnedeqkbQXUVJ eligible
wGXFnHwHruzzSSoiVqJe eligible
KWJpfrgZYnmQBqgnHDIy eligible
gTYHVeCphZasWCuvmAsR eligible
YBdxyfgWFYKdCffRQKrQ eligible
uXrFkRlhtibvpMklMkBV eligible
opbOUfqukbaKFxqKjfIT eligible
euhtnQflFzbfOprLtQpt eligible
EhhBxyeIWSUHVJCeymAt eligible
EwtrfuxiKMzFVxBwxBaS eligible
dYewMuosytWFPMJXVQoS eligible
VwEYpSfKGDogGpDuABhl eligible
xeerSYdpezjvtSVQUQMW eligible
SMSedMoTvXOEGzLVUcrY eligible
NjvEBhgdwudviFgyvmSS eligible
BlBfnVWeeCMeJSToCdhl eligible
RlGyJUyyGqsdOcppYnUa eligible
YwUdURuCJzwIClJkSovt eligible
PgFICSEZtcSIztLNqjmD eligible
MqqlMkDAwCjITmpPmDXS eligible
xSQHYSqgXRIiUjMBfDVL eligible
CVBHIFBihpQqYikNZMEE eligible
CKSHJJKzRjkvkgaVRori eligible
GWdXhIPbqDfkqzoYYNIY eligible
gTXHKEYMJZsNnQyXBZBd eligible
zaScgYFOuWkaWwJdWCBK eligible
XuqnejSFXNLsdFgNzuDN eligible
dchjGwVLMlHtvGpjjIoT eligible
WchbeyDrQNANFBvQJNVy eligible
cSbClQuGbCeJJyVssjuV eligible
XFBamcCbpyvaEvFZDBWO eligible
qLPFnffVEDTHXNbapxrL eligible
dNPoKHRunDEfsLTCmZWa eligible
JqisqsPhGCzewEkOxqpG eligible
HdNzXexyVpZWZhdIgcJw eligible
rKBKpYPtppMqbnIvEITk eligible
tRBIAlYKnczwNHejpXWH eligible
uiqyEMKKLIlfbXwAejTT eligible
gIywyxxjMUjDNZnsbMEf eligible
evllDZXaQTsEUvWuwAmX eligible
bNhuDOaVwiYxdRuiGCDJ eligible
jlTfzguTYaXgJqimxrio eligible
IwXpnrBWkQnuwhWFknuq eligible
JhBgxolenIdrneuJKUWB eligible
MQHvLThhuLIjTxPuVKua eligible
HnMclDDpmseOZDigdfKf eligible
BeLdOyrFIrBgyWeJqZKm eligible
JxJaExRfWRoJqDFgfUyu eligible
vbExAfenTZKVHqDjlNTN eligible
hkopJoxONghXhiuQIaEg eligible
dKyvnlypzVEbZCzpZCSO eligible
CCxVEwJoWLOyyOWdwodF eligible
mUNyyaKuMyPwITPOPhCR eligible
YsSkYiOjFOXtATYgIsIl eligible
sadsCZMBROtDsnjihPzl eligible
HIGRguokiFKvmRoPmJTd eligible
IoWYVhZUcKdYmLiiqqHS eligible
xKaLmTRjeLFpTfeHgtNH eligible
clNhNHPAamNesFVFsnST eligible
rBNqLEQdMifFFWjMgvad eligible
ZYELsBctdrjDbpaOURXn eligible
iDbXPCBrUjIvKUkWGWvP eligible
HMricreqrYDXyEdTOpde eligible
PPUpDlZMaZtwNnsQjkVy eligible
NyDMexmqAbNcaidzvsOf eligible
DsMVAafsFAZYFGlWgTeC eligible
gyOYFkxwHVXDCwdXDASX eligible
gLcpvXeTSyJAcbtHuMUG eligible
XcTtlOPFoezYdMUsnNYP eligible
ZmPWRypazhRxEyZDrXpq eligible
RxPDAZyttdKTGVuNDMoR eligible
oVOeljSySOOweFpBKabn eligible
pIaHCyboJchjAAewRkzT eligible
CvEViNcvYOJdEUQgDlDo eligible
rzxpVssJJMihJsfeCofV eligible
tECZipUXzwyrLKyXFyTD eligible
kycMsNwWGVbhakwkAwLQ eligible
bxlbyLhowNYPROcZTcmm eligible
KiEPpHNJlcGScgWRwiKn eligible
cTEbbDprKLaxJJbHocDh eligible
rrGViPavLPTghUnQHPYU eligible
KVtvDsMlhPWhMkCOhyaq eligible
AaxIgQBRXeguRfeNyWtC eligible
HHGVRcDzVDCwOwwVIQRY eligible
YYaABXwXILYcltenEMjR eligible
sOrsfLjIasgedpiBjeqC eligible
RRnoqHJlabVlTMTCcGOT eligible
qeSDHHdACnQWIljCgwjN eligible
qCFyRazfjhwITNoLEPVe eligible
vUDAgpPYFdfJFPzDDSBc eligible
eJZGFbfZXRcfOWqNcusB eligible
ErymYjinBhyBRDaNsGPw eligible
CbrRMMZOVSwWjJbOHsXD eligible
kgehbBzImjsPmNJmecQE eligible
TpQTzNzkwPDZPBXDnLmp eligible
iaFOPgsmruDWgkCSYjJZ eligible
pzOCQEcdpEvlOirDvyWn eligible
yQkZKcxXgfbewRfsIjXV eligible
hEMVcrbzAMgBPlpSQsPb eligible
xnVEAdRtbOcyXZtiYVqg eligible
vdPhTrxFXeoAHFROjydD eligible
aEPJXMjrBnrmeqorMcQJ eligible
FLbJcwdLTnEdrExKnROA eligible
QqHYSAWuxIRagHpSnRAx eligible
JfVrlctbkIOGKIabptmu eligible
dwbEfwThEsxmgspKyPkp eligible
DbjTNUuhVgVfTOJXSsgP eligible
wWcwiakhMEpuIEQKGNnp eligible
RCZERGoGTMQPmnwjATso eligible
YtmsYDzLsYVEeLvqxscE eligible
rTBewiuRhtJXArVzLVFh eligible
RzRrwRathSzRKMSKVrgr eligible
mAGhSRjnxTdmzwXPGmbE eligible
FHHmJJvEGbrGdtIHcAwP eligible
LAYkouwmTjwFdQmQmSMH eligible
NbHXOXdBuBwGzgJFCCag eligible
KWDFQGwaTxXHSWcrxjvw eligible
WtIkAtACPgrfKInjninc eligible
DxjAZzVxvfqCKWzoBOAx eligible
DwALofMNyurZUKKCtLiA eligible
AeIrNPxMSNdfrSJuiHhj eligible
rVvpBcrwhZTbEwBeSREH eligible
WhLQrttFIJlSIRautfrw eligible
WzYxBEGDEgvyxQdnQFYf eligible
wdpJzwJXVGHtvihThEny eligible
HOteAKDoxziHsgUEsBiB eligible
bNBWufadzszNXBaTDbdj eligible
GLlicIAaFCmRzZYGkadS eligible
gULrwBBNTYrEohbMOPgk eligible
qtMcdJHTkiGNUInJHCEM eligible
jqscwslEkRttukpPcHhU eligible
YoXADkBoNlGYHBMSPPlP eligible
ewytghLfnmEESIzNlqWy eligible
fEQjoqKeoYNNzkFOkkUZ eligible
ZmUQHiTcLZnajSaMQIWv eligible
BQxAEvOFdrSJgfAcApnO eligible
eLknitTrxKMwdGnqehgu eligible
gIQUNnjxYFaOixUChUxD eligible
LJhaysgUjelrnugBokQc eligible
TdpOWnlkRyutTOCNMvae eligible
YsYgFVwxnRKrBUdAFCDF eligible
IzqfdbUJcEDDXWhuecir eligible
jSVwDsMGfWYuJZIJbQah eligible
bvzECGPlefTKYAVEHoSr eligible
vEVnKnpIqOAJzmZxwAtg eligible
HJciZKyXfZJJuArGEisY eligible
RtGiuekAIBtUdibsDkHQ eligible
uTVkcQRspjwHUhsPViTp eligible
UjCsFZMLSgJwTrXQQCDq eligible
foARvalDNroSVccArzMY eligible
gDNEORCJVpKTyOHgcraE eligible
vDiQaFRPuYomDbTKesKz eligible
djrYEWXfOufYnvNLkkvm eligible
dnIGoWBJAKjLQXtFqmEN eligible
WUsHwiFECUeHxchoGPRn eligible
keBqCnmLZfRTUTtFQZaN eligible
vYUcAdYyesZdryIRtJNa eligible
BUNdXJUobWFPxINLZJhK eligible
SdigpEpggTBzGvkHAXds eligible
PgRiPhOuyXhweKAgjWSi eligible
tOdKEQfsbugqmsieGShr eligible
iStoBZyFtJDMpZSYZSGF eligible
zFvGSkiArjLhcDYzYecG eligible
ilaHMhRODbyuWMrVwqBr eligible
urTXqBIDynYGQRykdpjH eligible
IpbhKbekxnFMNeQVJcNM eligible
bWikvOvubmavFMmKeCBY eligible
GVRBMGYWNixfCoSGOYyj eligible
VSOitsdGCUwAXSuGEKkj eligible
oXWgtCcGvdXjiKUiiFkl eligible
ePqnJXTMfqzUzXEVsMLc eligible
sxSrRjsHlmhATGXtPNZa eligible
DxsUTDXHpPJLJjQMlOIz eligible
eNNxiDyWnfbJWbCZVQXe eligible
zkXNzqWCqEImtTLFrYVS eligible
vHQUVmyXNsudONcElBRA eligible
VOwIAapGcpcHRqwqZLli eligible
QMEUGpVFRZfSumuUzNBd eligible
RUYQMrZlZfLZlYPiirIT eligible
ZMqGcBeFBGmSNpbtqGqA eligible
YpGcxeXSrcTLUrQQTivb eligible
UALRqTkuPYmnETkGNgro eligible
gXMVFSthgCXFaEiiSrLU eligible
YHYZRXaPCcFwgWeOrmbn eligible
xtpOBfzDtIsbDaSDaKLd eligible
gTTVgLzyCGtzudxMCsVn eligible
sniYiWNGhYlIRprHIhtS eligible
UsnkMzHELcTBavoqGJIO eligible
bVCPfozdTQfWHGrsPuDB eligible
gzkanacWwtghFGLiSCIF eligible
WRWgqqBSGeqXSDolxOBz eligible
CIuAprcAsXENhrNyPcDV eligible
ZdLSuTBaulqXgENSmrLa eligible
dPKOZrJSSguMPauRVCLJ eligible
wYTlLmRpkDGhjnZNCekA eligible
kcqIVrJMsOpVFLjZoWKA eligible
RExtBXBFcEGytzUsPbxk eligible
zFUtezdZbtVIBgxZLtLb eligible
reLAardnraADHxebJXbo eligible
XFYBSOqglwVkrJuMpapH eligible
xeBvBYcWZfICkABsMuOU eligible
NcTZkcBNUTStqfSOUhxv eligible
fcSFOQbWXWNXugsXkDjx eligible
agEvWqzyFmidSFvSpoAF eligible
yopjMJpheqCcajDhNesv eligible
MMGyjVtAjbZCvIASDWTk eligible
agYOgrRGDYXECpTOICsL eligible
qxuMFrhjBlRZajEdFFOu eligible
tnQjStxmCpOepRtwlRKV eligible
heeVwoZVEgscGjEHMdgP eligible
uZuJHmPnoTabbSsEgyPi eligible
BCuoEoylPdEzXmgwanHr eligible
UaivriqPjdKbkJkddTgW eligible
oADJQIVSctkyVQQrzVnL eligible
ALUozYeAvRXnmpLFafyt eligible
ynTAuHgKDsTxtsaridrl eligible
aEVUVDvllFQsbLYPHqWF eligible
GrpZYkeKasCDIFviwzcP eligible
tysUbtBewxcSMxLBqaxY eligible
QgjJZaVqUIqyafabXruw eligible
ruNBGVjGelfXhNhsGziv eligible
IYrhHpFadZJioWCbscFe eligible
zmVhdHuWkJpToEhlsEVC eligible
oXXLiQpawiFPhmZhFUPS eligible
FJrDazoVKtTJCicQGJHv eligible
HrkGprvULGMgXcZvDexW eligible
ENJBaOhxdBVWXRKtRgkp eligible
NGzFftwjlrtFpIHorRBS eligible
WyyaFZuwXOamEqurmRFl eligible
RzOYDvPDONtDTkyQRdEx eligible
PJedznDKEJyGyZOCRVcN eligible
VBmOCnYtSicxUjSsRtTy eligible
fuJmhrXPMdxvPGKJMENo eligible
zepfUfHJkGahSZwpNiZa eligible
BhyQuKWJxlbpujGVXSsB eligible
OFIVwqAhtXwCeZlKEMXs eligible
kZrJkPgQIVUiJUkJazvM eligible
eftpyeoNlFRXEmijbpDe eligible
BfLTJwIoiPcHpwGKFmOj eligible
ygBwnIJXkXAdzJQVYGXK eligible
kdkifyzhcWAdWqzhFpgq eligible
vegZKeTTGvTPofPEAFgO eligible
ByvZmVgpKTWMEJLfcgjs eligible
QdovAJpRITJFtqZfwkdo eligible
VvPGCjgmnyWtVinYwybE eligible
xKCcbllMPDaenhteUWlI eligible
KAVzfgdkYBBCTUkPetZP eligible
JSmUdiqkXIeWUAbJArbQ eligible
IEOeWdjFkhnQrMMONDZG eligible
QDaLoRFDASaWtJERlepz eligible
FhaWMewxmfwCaeNIsHTH eligible
nxQFdMSIcxoNWQljsjhZ eligible
kqZMpuPOdnSOxKwtFgPc eligible
nJmoyduKpBwAooFfyqNT eligible
oJSTJhzJszhQuelPUTIB eligible
tyxMZmhswjFTWPrHVrxj eligible
acErdSDbNwWkwvYGggTh eligible
mTwRuUmdYTmtrUCOkDfu eligible
JFLQeYEYQpeWrJyeAvxg eligible
zrZRFSnVFfjEBZXMxpMC eligible
fHHbcZXuSyJSmuGJtUaK eligible
UnEujwkXxgWVaPksggxi eligible
vZTKbeXkjfGEyGHZJDVs eligible
wYEHFtHfJZxzhOnboaSf eligible
wbCRDkbTZHNFRMjypZUM eligible
WGwarxqTkfZRAXmniJvM eligible
mZkaSGmunxWScPwLrgsu eligible
zsjeiwarGJtgwCXeLegY eligible
PWOgiaQUKudEobYQyOWi eligible
CKJreRaIjYZgxmlxCYoE eligible
UvlAXMRsBtzpdbJnUCqM eligible
TulXTlUFYSUasseQBrYn eligible
tdkpLHOfSfKIGceEynwC eligible
ArQsMXMXprUkSYQObFxr eligible
vsDeQkyKcmvLEOinRZDv eligible
wqtEVezNLCyyXUegFVTs eligible
BojYBWrYJDNpfMtRmGus eligible
iFvbvvLqqCHWIqWgkjLR eligible
LKRMTZZYnQxAhfLBBCIb eligible
vjMMyiTIsGmfcYsoZfqf eligible
GLzQBtflTvYHjKZJPSqN eligible
uskULZLbWGHpblBzxpGI eligible
RuDltTUBqhCXIPhBIANj eligible
EFlzWUmJysECpSWDcmyo eligible
VqRsgodNtlaRvYSpFUHu eligible
vpRWxbecjWnAYkMvqsYA eligible
qOVmoBWYxjHhsqaQVFvR eligible
zEFyJsLThYEAEKsybjYh eligible
VfXoAzvCtJjuIFGcamyD eligible
HEycrZyozbbXkpctUxiF eligible
ToQKhLMLWAkqDJpKtRrB eligible
RaoxMbeZCsJwWaiFtEuc eligible
xpSYDVCGtTrNxeInwzeM eligible
IVvDVaoNPUvHBJZkxXKn eligible
tuayFWpLHIHWplUzDngG eligible
jJGEoPEzJzaxJcawRulM eligible
YUSIzbCLkJplxwetmLmI eligible
TAeRCVwZmPvZQpajCsjp eligible
zBFhMLHSqeDshuXRrfoY eligible
VwXNepZnRPxWZnXKVCnu eligible
HwxDEkmgPjDbaRYrIZbM eligible
YmdFIykxldIqQjbFzKvq eligible
LqgknFkwotyaQrRpIzwa eligible
gaakHDqHqyJfyskwzBvS eligible
NILwIFHQPRHpzrlwsEjH eligible
LUgpWiJscDxOvJsKKHjd eligible
SGaFXjHncRrGkCyRtXgs eligible
awlGTRRvUCPYZIophlLt eligible
PhTbzRcIqNcxJrrwXHOJ eligible
TkVyyCTSaPAcmNRvFyhk eligible
WaxHMMZqalItBzpFTAqm eligible
wvhsZENXXUeLsIMZQXGQ eligible
VniciSWGuIMmwsvVOucE eligible
MGXfkgyYaOnsIQusBcmn eligible
BdlfBXcAWbYjIOxikvXe eligible
CTMcUoaWtyfRJMyqFmLP eligible
JDKlVVMQNNWcIINupMVf eligible
YevwzgOYKOICHnRzlhRm eligible
yxCWRBKPZZvpchRANxpA eligible
EjdeSOmnsCKdtEzMtDBD eligible
IHfwtFEwvVKFSxLZpPZQ eligible
vflSVGOHatSSPTAWVvtb eligible
bDqqDLRjvymDwOodOEdk eligible
aDfehZqIAdcHxAtUglDv eligible
AlvyoFihvruzgmnBycbA eligible
IlqOkihrphdcReqGOHDh eligible
KOFTRBvOYanXYgfxCfgH eligible
XLmwufxvKEzTAjKjLlGo eligible
OnNuIGJmQBHWYadbzamr eligible
OJrGeYEqyDNvlTOfdPJk eligible
UmtBzFAMrqzCsdNjQDWd eligible
CTiwMGihNejgZpyaLiVs eligible
ZRSVUFPVDAWShzBPsfPY eligible
VhHmbhIIjkIxbJKNtGUx eligible
hqMhMnwmHYxXFxDXcDez eligible
doHNyISMxNSJnHlBWMuP eligible
pCaoeUZkIUdfeQzyGndd eligible
XaaqoSMzEqumIcSTCyLO eligible
PkfwvUnTXEFdKbCitGMx eligible
hBcyqGTotgppyWEDTJoY eligible
LxVkUXdGchxxOoudTLqe eligible
losUUjefYOAFxfxnRAGD eligible
BqDFIYfqevvVZhViPkNQ eligible
OOmkYeyqYELhBmcHQrst eligible
hlYgJoxjheTRsrQmmQGg eligible
RaswpxlofIelccrFSctp eligible
BCBxolcaRRyeQYyMEVdg eligible
pkKkUbWKrrYAOIvzNlQT eligible
oLEoWcFsPcYDnBjJMmvI eligible
IsNUCAMEBPDJUwcGyOde eligible
QKODbCaoTBtmmirRlsRS eligible
KruTKbCkYxBXXAjzNihm eligible
ifbeIZNVIRjPzKsdbXKA eligible
KSgJtVBHbnQRYiQXpQQH eligible
dhjwbfzmsizmiPpWfodA eligible
qKszFKIrVDpkRObmazMh eligible
QkRCoxfLfCDFNyuTcnSx eligible
PMTNHUayQtSFdpzbLabA eligible
QjmZPsiAmaQYRvzleVzj eligible
RDBRhXsvprbVaIJuGAVh eligible
lLVylbmOgLiKRpxsdZTn eligible
AMGavERGVpnDsesqFCIA eligible
HVERcYBmEePtyJmaBvAf eligible
lqBUhBTyYTBMhYuFuOfA eligible
CRKNiGmDTTaJnNjXMccl eligible
fvHHoEZkNTYEAHRZHhxf eligible
EKFSuGzbAtzKxVpZnhEm eligible
bblaUpwjLJKakMwekoEJ eligible
xclzCmATNtuJndUjemZU eligible
AIePMqbSdHEOeLvwPsYX eligible
mZUYNSwjWgyUMddhlPso eligible
LjEJSqITsmBrOkULCPSi eligible
TYyceKOMxeQOdjIQYcTd eligible
fxAHIMSTyAkInVpvofKz eligible
kmQLWsxUjSsQOZwETWbQ eligible
IATcYJpjsmDQeoILoHhN eligible
ATKGaUAsGebNBmKmAVQW eligible
sUpBYHqhjZqEXyiteANa eligible
iBmKRzrAhyEJWbMMmqlC eligible
eHNPFWhRCXpozYMpYWcB eligible
dvkzilEnJYhItYhgmMII eligible
wmCjixKdodiWXFmJPXky eligible
HpJDtTxHHDXZWNHZAIMW eligible
aVRxJwGnViUBXjeQpETW eligible
hQxgpYwfVZgJbKdbpnlV eligible
pDoCjXXdNvZagDzTOPPx eligible
mxTAbQMQVYgzYSXaIllX eligible
ntkCDwJSKGkpCZKmIZqK eligible
DiBrBIwHfymYXsyRypiB eligible
eHrfmewMLsHUWXxqJoSt eligible
beVaxaJdJhtNQGKNSACd eligible
UziihHbsYiSDtDRxtQRM eligible
murIzpedZbONWvhqgWhm eligible
qvNvfGrWNKmAZkVwRdEI eligible
QEsEpnuHLTvuYGGFKJJu eligible
EgKnzulZJBNxtwRfXsiJ eligible
bfIlDMzCurtMcPBouXcn eligible
YyhKNuRPENZGszTZhbWr eligible
tLPdVgEEaosbcQojMyfY eligible
dwhPpPtzQqqPkNlBMzOG eligible
duSaqgHhyFQwwVDZGQCT eligible
qIHpoyClitMHlKsaETZV eligible
laNSkKFXiluJCmPhsAyt eligible
ngtOdHLsCGFytNVsSHsM eligible
rCQvsOjqidkwGXmtFrej eligible
EwNYvcTwXGcTFgezuCCF eligible
VAJApEKBEJrjtXLMmfEs eligible
DruNrZyzrYNNFmDTVSZW eligible
hHeyDYdDCUOecLxtwflX eligible
UzAtpHusxYJmwSfarIRC eligible
OfmnDuhqswEwExcjwswu eligible
JStkwTxGOYTzYTJKfLon eligible
BOtTPDxZICREFllwAQLc eligible
xCShKLtfKwausqgrnXfF eligible
wedkYWmPDjUgSQlJuglA eligible
PuApIZjpzlKRsxUHKUPC eligible
WELqgmgHdqzWSxJxuJnH eligible
HfLFfKICiOPjwmgZDGDg eligible
vFXmJdvaUWRLjxtWxiax eligible
omekxOgjfPMpYuxbTTDH eligible
KPStDHQAltOIbElDfvav eligible
EkNEDtTwPIuYAboLoDiF eligible
QrwWeQImJByiSPSbqrVe eligible
KdDanIVmiwniunedymUw eligible
ryOiEkorOsidpMsPnVkV eligible
JKrsMQDgfvDyRvxQcGaG eligible
CmwERbhDGRDgryjBqrcY eligible
MOZrECWRUAFuDWUgySxF eligible
MUyvTDTDmAFkGjvStWqn eligible
LouyDLihYftmHDNiaCLs eligible
tSdXSbbrQARuusdMfPBq eligible
QPSYTccWGpZousmwVFNa eligible
uYTIcUDZmMvERWsZlAvM eligible
IZAjLUfgTDVSaKsFxdtH eligible
VxLTLxIPqDxrnQSayERA eligible
QqIFjzEBApbVsflMyiHo eligible
MRLBwgHXMhRtiUYwwpjh eligible
MWyQmWdgoohbhMXNqhFU eligible
vblqUInMxwdPATARBDCy eligible
GLUrpXsoSUVvpMSNVfFP eligible
hJeIfPSWZfBPzSvRqgBb eligible
uidiKHzZssFttavakHxI eligible
MYZnUUTLHnlfiTeuSwEz eligible
hZxRUSQvvBBogiTMAsNd eligible
vohobEctIJrueFiuhVkl eligible
AcrLxwaziracpstuOpfV eligible
jHXKoFdvbaKbJQfbHtAD eligible
yYLOpewkYmqgkZobWsZU eligible
qhmIXtRvhjzaYxpNzPQy eligible
lTVewXOQLPeFwTkCIyGz eligible
nQxsavdkAKysDvArozqo eligible
miQAwEsqbcCrRGKviDOo eligible
VzzmtjtiJlMWHBQzWooM eligible
HMkLJZXKUsGHAMavVmPa eligible
BCnjdjCOBWpRfxCDoiTb eligible
eIdpBPUVLZkZTHnTCnlJ eligible
LLFSdNQaENTJSNFPjEjU eligible
GtIEVIEyuhdbstwhMKzu eligible
TFHDjtHaoilRyGvtIZpN eligible
ZhmRgBuTCXCmDQIvjeKc eligible
BTWLGUQgPcEfrhmcNpUY eligible
ONRtponzdRfeaWYndOrj eligible
QaYyPxCYBGFCcyFcUOfs eligible
NyGeVmOtyuDwJuTfEEzW eligible
tnfgYMbPbRUHJJisUoGy eligible
HuSdosBXxcwSEzPeRUPN eligible
SRbLqeDseaDCBiygACus eligible
WTiQYZSQjPROcQEMNVeG eligible
gaDEnMvYqfzxQWXNufxl eligible
zsvEfrgfKRFSGZAfTpMl eligible
WzZNwCcMkdjpUEDXLgBW eligible
gZkWrnJcTCCFVgWprAZS eligible
KtifhDLHYkfiYwVtcUrg eligible
tErzFxgvlbWiuODekbJX eligible
sRGaDucJbYOldMCzhcYW eligible
oZhYmMvpiwkazDixNlJF eligible
GyDkOHYiubqVBYJQrzPU eligible
yVcilTKHdQklnzINVzOn eligible
HUcXMbhHehEdlWFBOSGf eligible
spZeuRiaTEJswxvvGmLB eligible
PpwEtUARyDXuoVunxmpP eligible
YtNpIPNrZusbmlhxVYJT eligible
OCJhUZiTVwrRemwaSXOW eligible
PmtiqjLYTBIOkXOXevti eligible
IDyvEZGgQnWUQUzIKjoh eligible
hnhaTVjOhBNGfkxiTRZx eligible
MlOWeSkpGYiNueAkAKck eligible
UQrNnnJAOesmegLtMiGd eligible
mgXRNKYSaZbJSSKPacfU eligible
aqCMoVrxpLZjgQIjudVV eligible
oxGNUNRqDNGeHffKUSWm eligible
wWYMAZdajEBTuHKlxIDQ eligible
CWBaOBVVyboFrsEiqtKw eligible
gZWLeuoukprFlaLbyiUc eligible
BOiNTxXaggmGpIvxmhmG eligible
oHfBkiPxvRmlJOenmDES eligible
bAFiPLzELQZiscmHxbFv eligible
jkxidFcnIgBikROezWpN eligible
pFZzsluzZhActEuZnWQK eligible
mGKaNgkFRckKZQdaHZcM eligible
rWXsCVWLIBhOVbRiihGx eligible
tEjjVbcRVyiMgdtSooCT eligible
FelUfheCHTvWJmdFohVN eligible
srbIKdCkLgKVCxXvogoM eligible
PkiZOuQlvpiyNmVeuHPp eligible
XYtOdFTvSHYdNPtCNzBj eligible
vBjArgrQdBiPYvBzAfVz eligible
nmhaUguDllxfuNhcTEhR eligible
svNWHArdXELBXSFElIxk eligible
WPueTgjfoyFuutZtbFSf eligible
PVJYaBnVOiTLUbQHvgdC eligible
WGimcUQNEJvdGIMRHvEM eligible
FokRJiCZtjgsNYdFsGTY eligible
MhtVZTxKnYItAZuyOndc eligible
njBadaUrElwxrlrzrLAo eligible
ogqTzzaqodisHXAhStjy eligible
BhtogXKHeAzJJGxrPgzL eligible
nRvkKDxgSadxCLRpmxsF eligible
geTSTWDadprrDCRARcYY eligible
slAuEfzdyRScsLIuWebn eligible
cAlJhUubzBmnesPyvhoL eligible
AWdWsvrHgJeLHNUkmYQI eligible
oBOgutaiooiWWBcPZMTI eligible
nutusMtMARkFUfSRjegt eligible
uzUppxFDuEZRoQEKHYas eligible
ItvwIalLDISBMYNYfuxt eligible
HczzEIvyDrtygGkLWGPn eligible
QfrJyKnoSTFisTezEbtz eligible
UVMAigHxEdfbpzeMxqxH eligible
lBtXziuDoxZbyhjSvuyD eligible
dIAXgqZNKTnjefftEkqk eligible
vWtCHNMKZkaDpuynphhj eligible
WTkosXTxsWjvCGVepoWa eligible
vAcPFSJiExdPgWVVoYlx eligible
tiUwEuLAgKpPHnQrhUxL eligible
QdhEkvlmIJtazsrpNgrf eligible
wRDzEdYFDWFubUSKfDhg eligible
hUezsfzliEHENtmuTaNp eligible
hEaBQmyjmkULEYMWIIoZ eligible
IxOVrHvLnIekHZPxGQGj eligible
yNdkwdYbqHnXoZfRfDvp eligible
QpspiakARpHQzfsxQViY eligible
wYjMIMQFpJpXPsfJTNiB eligible
wDXnCpxzJpFNmsfVHOmJ eligible
NEaEDpnQnEVurchmUGpO eligible
luzTiMPWupDGscmoiFnS eligible
AAcahOfCKezUSSNcmeMH eligible
pPcMxwaSvoQKiIyMWpPa eligible
AKECEHGDYoeKaoeiReFp eligible
YIiUYPRicDsVbFMQIpwK eligible
HySMgvqpWKYIsGlRaeij eligible
CEulwQhePYvIMaWaiOUg eligible
aywJBCnlHYGtqfVywnKN eligible
ZMGUozckcFeSFfdODofR eligible
CjnEvrTQtsWVqqUMwZsb eligible
mBmUhidmfSeOedokidOK eligible
HzQKGLZEVBQgMyYwadMp eligible
hmAAtUoRFiLCopWGrqhG eligible
YHvRNGVsZkpzBNXnXDCW eligible
bdydbJTRdZsNeKiVXAGS eligible
saAEIoYAyKzteTUGavsZ eligible
YIVvRUWHvWNehwBSzmZy eligible
pFqorPSwnJBujltxwyXL eligible
MoLUKtwshFgByXZZiFse eligible
PDJnzWJDPfoufFsyIczk eligible
uGSwNJhqJPrQTccRdqow eligible
qTZnTlMeKMzlvBJxPUPj eligible
ConwVgMvPlixcKEsLRkt eligible
hyBQeemULvRkyEaFwKhU eligible
akngcnOkIHnduSsbGeZG eligible
RUoARPFufLFhCWyGJacr eligible
CqCxkJXiBTsCAbTZPKOc eligible
kGPezzvyYiYlXNPwUjcB eligible
qDaXqENXCzRcZOVjmPRm eligible
QihcbXrJjQmcdSUmqyOB eligible
QudnJMokvRoXSFrFDhwq eligible
CisdXzIXeZIpEcrYJtcm eligible
gccamkizixbTaabnEEMA eligible
RvACLJWUPenYPynZjcpN eligible
KsONWIWOjZenPNjhSrWX eligible
kddpZnyChhBctAqLtQAJ eligible
HxSCsRePVRrQcFNuiBJM eligible
PeDIyctrePbicAAJaeHd eligible
jLkXMgkLQkPiohiPFrul eligible
IQvSkUTEJaidbPKDCdFP eligible
LFtHzOOrXXtaxzwmHzvE eligible
uzPVYmixLlMVMfyOkWhP eligible
qFWbPYDSwzhAwMlGLMET eligible
sogPfhsTtERTkjWkfwoS eligible
irwpKAinlZboyJKuQerp eligible
TuOUystqzqdazfKAiMiu eligible
oNuQUSIYDejhBoZgjoBy eligible
mkhUcFQQILtQlHNLjEwu eligible
HvhcjhvMDYvAmKSoaTay eligible
NeiGURQqSEqwIPntDGZs eligible
doqMhjWDYKriAGfjbAHF eligible
lAVlbWbZylqgcVuBZTRn eligible
tJqbcgxNeeZvMPNltKYA eligible
LGOmnZYyBhGZjxjrOsHO eligible
gGLhumuOzoZoHrnqVnOm eligible
RQZhfVdAvkMiNfPQNwnf eligible
bEjsmNXBSrmnvUZjyaAb eligible
